   Qt/MSBuild: 3.3.1.1
   Qt: 6.8.1
  predictive_graph.cpp
C:\Users\psh\Desktop\code\git_code\shAutomation\Prowell\cpp_versrion\Predictive_Graph\predictive_graph.cpp(1,1): warning C4828: The file contains a character starting at offset 0xfd that is illegal in the current source character set (codepage 65001).
C:\Users\psh\Desktop\code\git_code\shAutomation\Prowell\cpp_versrion\Predictive_Graph\predictive_graph.cpp(1,1): warning C4828: The file contains a character starting at offset 0xff that is illegal in the current source character set (codepage 65001).
C:\Users\psh\Desktop\code\git_code\shAutomation\Prowell\cpp_versrion\Predictive_Graph\predictive_graph.cpp(1,1): warning C4828: The file contains a character starting at offset 0x100 that is illegal in the current source character set (codepage 65001).
C:\Users\psh\Desktop\code\git_code\shAutomation\Prowell\cpp_versrion\Predictive_Graph\predictive_graph.cpp(1,1): warning C4828: The file contains a character starting at offset 0x102 that is illegal in the current source character set (codepage 65001).
C:\Users\psh\Desktop\code\git_code\shAutomation\Prowell\cpp_versrion\Predictive_Graph\predictive_graph.cpp(1,1): warning C4828: The file contains a character starting at offset 0x104 that is illegal in the current source character set (codepage 65001).
C:\Users\psh\Desktop\code\git_code\shAutomation\Prowell\cpp_versrion\Predictive_Graph\predictive_graph.cpp(1,1): warning C4828: The file contains a character starting at offset 0x532 that is illegal in the current source character set (codepage 65001).
C:\Users\psh\Desktop\code\git_code\shAutomation\Prowell\cpp_versrion\Predictive_Graph\predictive_graph.cpp(1,1): warning C4828: The file contains a character starting at offset 0x533 that is illegal in the current source character set (codepage 65001).
C:\Users\psh\Desktop\code\git_code\shAutomation\Prowell\cpp_versrion\Predictive_Graph\predictive_graph.cpp(1,1): warning C4828: The file contains a character starting at offset 0x534 that is illegal in the current source character set (codepage 65001).
C:\Users\psh\Desktop\code\git_code\shAutomation\Prowell\cpp_versrion\Predictive_Graph\predictive_graph.cpp(1,1): warning C4828: The file contains a character starting at offset 0x536 that is illegal in the current source character set (codepage 65001).
C:\Users\psh\Desktop\code\git_code\shAutomation\Prowell\cpp_versrion\Predictive_Graph\predictive_graph.cpp(1,1): warning C4828: The file contains a character starting at offset 0x537 that is illegal in the current source character set (codepage 65001).
C:\Users\psh\Desktop\code\git_code\shAutomation\Prowell\cpp_versrion\Predictive_Graph\predictive_graph.cpp(1,1): warning C4828: The file contains a character starting at offset 0x538 that is illegal in the current source character set (codepage 65001).
C:\Users\psh\Desktop\code\git_code\shAutomation\Prowell\cpp_versrion\Predictive_Graph\predictive_graph.cpp(1,1): warning C4828: The file contains a character starting at offset 0x539 that is illegal in the current source character set (codepage 65001).
C:\Users\psh\Desktop\code\git_code\shAutomation\Prowell\cpp_versrion\Predictive_Graph\predictive_graph.cpp(1,1): warning C4828: The file contains a character starting at offset 0x53b that is illegal in the current source character set (codepage 65001).
C:\Users\psh\Desktop\code\git_code\shAutomation\Prowell\cpp_versrion\Predictive_Graph\predictive_graph.cpp(1,1): warning C4828: The file contains a character starting at offset 0x53c that is illegal in the current source character set (codepage 65001).
C:\Users\psh\Desktop\code\git_code\shAutomation\Prowell\cpp_versrion\Predictive_Graph\predictive_graph.cpp(1,1): warning C4828: The file contains a character starting at offset 0x53d that is illegal in the current source character set (codepage 65001).
C:\Users\psh\Desktop\code\git_code\shAutomation\Prowell\cpp_versrion\Predictive_Graph\predictive_graph.cpp(1,1): warning C4828: The file contains a character starting at offset 0x53e that is illegal in the current source character set (codepage 65001).
C:\Users\psh\Desktop\code\git_code\shAutomation\Prowell\cpp_versrion\Predictive_Graph\predictive_graph.cpp(1,1): warning C4828: The file contains a character starting at offset 0x540 that is illegal in the current source character set (codepage 65001).
C:\Users\psh\Desktop\code\git_code\shAutomation\Prowell\cpp_versrion\Predictive_Graph\predictive_graph.cpp(1,1): warning C4828: The file contains a character starting at offset 0x541 that is illegal in the current source character set (codepage 65001).
C:\Users\psh\Desktop\code\git_code\shAutomation\Prowell\cpp_versrion\Predictive_Graph\predictive_graph.cpp(1,1): warning C4828: The file contains a character starting at offset 0x542 that is illegal in the current source character set (codepage 65001).
C:\Users\psh\Desktop\code\git_code\shAutomation\Prowell\cpp_versrion\Predictive_Graph\predictive_graph.cpp(1,1): warning C4828: The file contains a character starting at offset 0x543 that is illegal in the current source character set (codepage 65001).
C:\Users\psh\Desktop\code\git_code\shAutomation\Prowell\cpp_versrion\Predictive_Graph\predictive_graph.cpp(1,1): warning C4828: The file contains a character starting at offset 0x544 that is illegal in the current source character set (codepage 65001).
C:\Users\psh\Desktop\code\git_code\shAutomation\Prowell\cpp_versrion\Predictive_Graph\predictive_graph.cpp(1,1): warning C4828: The file contains a character starting at offset 0x545 that is illegal in the current source character set (codepage 65001).
C:\Users\psh\Desktop\code\git_code\shAutomation\Prowell\cpp_versrion\Predictive_Graph\predictive_graph.cpp(1,1): warning C4828: The file contains a character starting at offset 0x546 that is illegal in the current source character set (codepage 65001).
C:\Users\psh\Desktop\code\git_code\shAutomation\Prowell\cpp_versrion\Predictive_Graph\predictive_graph.cpp(1,1): warning C4828: The file contains a character starting at offset 0x547 that is illegal in the current source character set (codepage 65001).
C:\Users\psh\Desktop\code\git_code\shAutomation\Prowell\cpp_versrion\Predictive_Graph\predictive_graph.cpp(1,1): warning C4828: The file contains a character starting at offset 0x54b that is illegal in the current source character set (codepage 65001).
C:\Users\psh\Desktop\code\git_code\shAutomation\Prowell\cpp_versrion\Predictive_Graph\predictive_graph.cpp(1,1): warning C4828: The file contains a character starting at offset 0x54c that is illegal in the current source character set (codepage 65001).
C:\Users\psh\Desktop\code\git_code\shAutomation\Prowell\cpp_versrion\Predictive_Graph\predictive_graph.cpp(1,1): warning C4828: The file contains a character starting at offset 0x5a7 that is illegal in the current source character set (codepage 65001).
C:\Users\psh\Desktop\code\git_code\shAutomation\Prowell\cpp_versrion\Predictive_Graph\predictive_graph.cpp(1,1): warning C4828: The file contains a character starting at offset 0x5a8 that is illegal in the current source character set (codepage 65001).
C:\Users\psh\Desktop\code\git_code\shAutomation\Prowell\cpp_versrion\Predictive_Graph\predictive_graph.cpp(1,1): warning C4828: The file contains a character starting at offset 0x5a9 that is illegal in the current source character set (codepage 65001).
C:\Users\psh\Desktop\code\git_code\shAutomation\Prowell\cpp_versrion\Predictive_Graph\predictive_graph.cpp(1,1): warning C4828: The file contains a character starting at offset 0x5aa that is illegal in the current source character set (codepage 65001).
C:\Users\psh\Desktop\code\git_code\shAutomation\Prowell\cpp_versrion\Predictive_Graph\predictive_graph.cpp(1,1): warning C4828: The file contains a character starting at offset 0x5ab that is illegal in the current source character set (codepage 65001).
C:\Users\psh\Desktop\code\git_code\shAutomation\Prowell\cpp_versrion\Predictive_Graph\predictive_graph.cpp(1,1): warning C4828: The file contains a character starting at offset 0x5ac that is illegal in the current source character set (codepage 65001).
C:\Users\psh\Desktop\code\git_code\shAutomation\Prowell\cpp_versrion\Predictive_Graph\predictive_graph.cpp(1,1): warning C4828: The file contains a character starting at offset 0x5ad that is illegal in the current source character set (codepage 65001).
C:\Users\psh\Desktop\code\git_code\shAutomation\Prowell\cpp_versrion\Predictive_Graph\predictive_graph.cpp(1,1): warning C4828: The file contains a character starting at offset 0x5ae that is illegal in the current source character set (codepage 65001).
C:\Users\psh\Desktop\code\git_code\shAutomation\Prowell\cpp_versrion\Predictive_Graph\predictive_graph.cpp(1,1): warning C4828: The file contains a character starting at offset 0x5b0 that is illegal in the current source character set (codepage 65001).
C:\Users\psh\Desktop\code\git_code\shAutomation\Prowell\cpp_versrion\Predictive_Graph\predictive_graph.cpp(1,1): warning C4828: The file contains a character starting at offset 0x5b1 that is illegal in the current source character set (codepage 65001).
C:\Users\psh\Desktop\code\git_code\shAutomation\Prowell\cpp_versrion\Predictive_Graph\predictive_graph.cpp(1,1): warning C4828: The file contains a character starting at offset 0x5b2 that is illegal in the current source character set (codepage 65001).
C:\Users\psh\Desktop\code\git_code\shAutomation\Prowell\cpp_versrion\Predictive_Graph\predictive_graph.cpp(1,1): warning C4828: The file contains a character starting at offset 0x5b3 that is illegal in the current source character set (codepage 65001).
C:\Users\psh\Desktop\code\git_code\shAutomation\Prowell\cpp_versrion\Predictive_Graph\predictive_graph.cpp(1,1): warning C4828: The file contains a character starting at offset 0x60d that is illegal in the current source character set (codepage 65001).
C:\Users\psh\Desktop\code\git_code\shAutomation\Prowell\cpp_versrion\Predictive_Graph\predictive_graph.cpp(1,1): warning C4828: The file contains a character starting at offset 0x60e that is illegal in the current source character set (codepage 65001).
C:\Users\psh\Desktop\code\git_code\shAutomation\Prowell\cpp_versrion\Predictive_Graph\predictive_graph.cpp(1,1): warning C4828: The file contains a character starting at offset 0x60f that is illegal in the current source character set (codepage 65001).
C:\Users\psh\Desktop\code\git_code\shAutomation\Prowell\cpp_versrion\Predictive_Graph\predictive_graph.cpp(1,1): warning C4828: The file contains a character starting at offset 0x610 that is illegal in the current source character set (codepage 65001).
C:\Users\psh\Desktop\code\git_code\shAutomation\Prowell\cpp_versrion\Predictive_Graph\predictive_graph.cpp(1,1): warning C4828: The file contains a character starting at offset 0x612 that is illegal in the current source character set (codepage 65001).
C:\Users\psh\Desktop\code\git_code\shAutomation\Prowell\cpp_versrion\Predictive_Graph\predictive_graph.cpp(1,1): warning C4828: The file contains a character starting at offset 0x613 that is illegal in the current source character set (codepage 65001).
C:\Users\psh\Desktop\code\git_code\shAutomation\Prowell\cpp_versrion\Predictive_Graph\predictive_graph.cpp(1,1): warning C4828: The file contains a character starting at offset 0x614 that is illegal in the current source character set (codepage 65001).
C:\Users\psh\Desktop\code\git_code\shAutomation\Prowell\cpp_versrion\Predictive_Graph\predictive_graph.cpp(1,1): warning C4828: The file contains a character starting at offset 0x615 that is illegal in the current source character set (codepage 65001).
C:\Users\psh\Desktop\code\git_code\shAutomation\Prowell\cpp_versrion\Predictive_Graph\predictive_graph.cpp(1,1): warning C4828: The file contains a character starting at offset 0x616 that is illegal in the current source character set (codepage 65001).
C:\Users\psh\Desktop\code\git_code\shAutomation\Prowell\cpp_versrion\Predictive_Graph\predictive_graph.cpp(1,1): warning C4828: The file contains a character starting at offset 0x617 that is illegal in the current source character set (codepage 65001).
C:\Users\psh\Desktop\code\git_code\shAutomation\Prowell\cpp_versrion\Predictive_Graph\predictive_graph.cpp(1,1): warning C4828: The file contains a character starting at offset 0x618 that is illegal in the current source character set (codepage 65001).
C:\Users\psh\Desktop\code\git_code\shAutomation\Prowell\cpp_versrion\Predictive_Graph\predictive_graph.cpp(1,1): warning C4828: The file contains a character starting at offset 0x619 that is illegal in the current source character set (codepage 65001).
C:\Users\psh\Desktop\code\git_code\shAutomation\Prowell\cpp_versrion\Predictive_Graph\predictive_graph.cpp(1,1): warning C4828: The file contains a character starting at offset 0x61b that is illegal in the current source character set (codepage 65001).
C:\Users\psh\Desktop\code\git_code\shAutomation\Prowell\cpp_versrion\Predictive_Graph\predictive_graph.cpp(1,1): warning C4828: The file contains a character starting at offset 0x61c that is illegal in the current source character set (codepage 65001).
C:\Users\psh\Desktop\code\git_code\shAutomation\Prowell\cpp_versrion\Predictive_Graph\predictive_graph.cpp(1,1): warning C4828: The file contains a character starting at offset 0x61d that is illegal in the current source character set (codepage 65001).
C:\Users\psh\Desktop\code\git_code\shAutomation\Prowell\cpp_versrion\Predictive_Graph\predictive_graph.cpp(1,1): warning C4828: The file contains a character starting at offset 0x61e that is illegal in the current source character set (codepage 65001).
C:\Users\psh\Desktop\code\git_code\shAutomation\Prowell\cpp_versrion\Predictive_Graph\predictive_graph.cpp(1,1): warning C4828: The file contains a character starting at offset 0x738 that is illegal in the current source character set (codepage 65001).
C:\Users\psh\Desktop\code\git_code\shAutomation\Prowell\cpp_versrion\Predictive_Graph\predictive_graph.cpp(1,1): warning C4828: The file contains a character starting at offset 0x73b that is illegal in the current source character set (codepage 65001).
C:\Users\psh\Desktop\code\git_code\shAutomation\Prowell\cpp_versrion\Predictive_Graph\predictive_graph.cpp(1,1): warning C4828: The file contains a character starting at offset 0x73c that is illegal in the current source character set (codepage 65001).
C:\Users\psh\Desktop\code\git_code\shAutomation\Prowell\cpp_versrion\Predictive_Graph\predictive_graph.cpp(1,1): warning C4828: The file contains a character starting at offset 0x73d that is illegal in the current source character set (codepage 65001).
C:\Users\psh\Desktop\code\git_code\shAutomation\Prowell\cpp_versrion\Predictive_Graph\predictive_graph.cpp(1,1): warning C4828: The file contains a character starting at offset 0x73e that is illegal in the current source character set (codepage 65001).
C:\Users\psh\Desktop\code\git_code\shAutomation\Prowell\cpp_versrion\Predictive_Graph\predictive_graph.cpp(1,1): warning C4828: The file contains a character starting at offset 0x740 that is illegal in the current source character set (codepage 65001).
C:\Users\psh\Desktop\code\git_code\shAutomation\Prowell\cpp_versrion\Predictive_Graph\predictive_graph.cpp(1,1): warning C4828: The file contains a character starting at offset 0x741 that is illegal in the current source character set (codepage 65001).
C:\Users\psh\Desktop\code\git_code\shAutomation\Prowell\cpp_versrion\Predictive_Graph\predictive_graph.cpp(1,1): warning C4828: The file contains a character starting at offset 0x742 that is illegal in the current source character set (codepage 65001).
C:\Users\psh\Desktop\code\git_code\shAutomation\Prowell\cpp_versrion\Predictive_Graph\predictive_graph.cpp(1,1): warning C4828: The file contains a character starting at offset 0x744 that is illegal in the current source character set (codepage 65001).
C:\Users\psh\Desktop\code\git_code\shAutomation\Prowell\cpp_versrion\Predictive_Graph\predictive_graph.cpp(1,1): warning C4828: The file contains a character starting at offset 0x745 that is illegal in the current source character set (codepage 65001).
C:\Users\psh\Desktop\code\git_code\shAutomation\Prowell\cpp_versrion\Predictive_Graph\predictive_graph.cpp(1,1): warning C4828: The file contains a character starting at offset 0x749 that is illegal in the current source character set (codepage 65001).
C:\Users\psh\Desktop\code\git_code\shAutomation\Prowell\cpp_versrion\Predictive_Graph\predictive_graph.cpp(1,1): warning C4828: The file contains a character starting at offset 0x74b that is illegal in the current source character set (codepage 65001).
C:\Users\psh\Desktop\code\git_code\shAutomation\Prowell\cpp_versrion\Predictive_Graph\predictive_graph.cpp(1,1): warning C4828: The file contains a character starting at offset 0x7f7 that is illegal in the current source character set (codepage 65001).
C:\Users\psh\Desktop\code\git_code\shAutomation\Prowell\cpp_versrion\Predictive_Graph\predictive_graph.cpp(1,1): warning C4828: The file contains a character starting at offset 0x7f8 that is illegal in the current source character set (codepage 65001).
C:\Users\psh\Desktop\code\git_code\shAutomation\Prowell\cpp_versrion\Predictive_Graph\predictive_graph.cpp(1,1): warning C4828: The file contains a character starting at offset 0x7f9 that is illegal in the current source character set (codepage 65001).
C:\Users\psh\Desktop\code\git_code\shAutomation\Prowell\cpp_versrion\Predictive_Graph\predictive_graph.cpp(1,1): warning C4828: The file contains a character starting at offset 0x7fa that is illegal in the current source character set (codepage 65001).
C:\Users\psh\Desktop\code\git_code\shAutomation\Prowell\cpp_versrion\Predictive_Graph\predictive_graph.cpp(1,1): warning C4828: The file contains a character starting at offset 0x7fc that is illegal in the current source character set (codepage 65001).
C:\Users\psh\Desktop\code\git_code\shAutomation\Prowell\cpp_versrion\Predictive_Graph\predictive_graph.cpp(1,1): warning C4828: The file contains a character starting at offset 0x7fe that is illegal in the current source character set (codepage 65001).
C:\Users\psh\Desktop\code\git_code\shAutomation\Prowell\cpp_versrion\Predictive_Graph\predictive_graph.cpp(1,1): warning C4828: The file contains a character starting at offset 0x800 that is illegal in the current source character set (codepage 65001).
C:\Users\psh\Desktop\code\git_code\shAutomation\Prowell\cpp_versrion\Predictive_Graph\predictive_graph.cpp(1,1): warning C4828: The file contains a character starting at offset 0x801 that is illegal in the current source character set (codepage 65001).
C:\Users\psh\Desktop\code\git_code\shAutomation\Prowell\cpp_versrion\Predictive_Graph\predictive_graph.cpp(1,1): warning C4828: The file contains a character starting at offset 0x88e that is illegal in the current source character set (codepage 65001).
C:\Users\psh\Desktop\code\git_code\shAutomation\Prowell\cpp_versrion\Predictive_Graph\predictive_graph.cpp(1,1): warning C4828: The file contains a character starting at offset 0x893 that is illegal in the current source character set (codepage 65001).
C:\Users\psh\Desktop\code\git_code\shAutomation\Prowell\cpp_versrion\Predictive_Graph\predictive_graph.cpp(1,1): warning C4828: The file contains a character starting at offset 0x895 that is illegal in the current source character set (codepage 65001).
C:\Users\psh\Desktop\code\git_code\shAutomation\Prowell\cpp_versrion\Predictive_Graph\predictive_graph.cpp(1,1): warning C4828: The file contains a character starting at offset 0x896 that is illegal in the current source character set (codepage 65001).
C:\Users\psh\Desktop\code\git_code\shAutomation\Prowell\cpp_versrion\Predictive_Graph\predictive_graph.cpp(1,1): warning C4828: The file contains a character starting at offset 0x897 that is illegal in the current source character set (codepage 65001).
C:\Users\psh\Desktop\code\git_code\shAutomation\Prowell\cpp_versrion\Predictive_Graph\predictive_graph.cpp(1,1): warning C4828: The file contains a character starting at offset 0x898 that is illegal in the current source character set (codepage 65001).
C:\Users\psh\Desktop\code\git_code\shAutomation\Prowell\cpp_versrion\Predictive_Graph\predictive_graph.cpp(1,1): warning C4828: The file contains a character starting at offset 0x89a that is illegal in the current source character set (codepage 65001).
C:\Users\psh\Desktop\code\git_code\shAutomation\Prowell\cpp_versrion\Predictive_Graph\predictive_graph.cpp(1,1): warning C4828: The file contains a character starting at offset 0x89c that is illegal in the current source character set (codepage 65001).
C:\Users\psh\Desktop\code\git_code\shAutomation\Prowell\cpp_versrion\Predictive_Graph\predictive_graph.cpp(1,1): warning C4828: The file contains a character starting at offset 0x89d that is illegal in the current source character set (codepage 65001).
C:\Users\psh\Desktop\code\git_code\shAutomation\Prowell\cpp_versrion\Predictive_Graph\predictive_graph.cpp(1,1): warning C4828: The file contains a character starting at offset 0x89e that is illegal in the current source character set (codepage 65001).
C:\Users\psh\Desktop\code\git_code\shAutomation\Prowell\cpp_versrion\Predictive_Graph\predictive_graph.cpp(1,1): warning C4828: The file contains a character starting at offset 0x89f that is illegal in the current source character set (codepage 65001).
C:\Users\psh\Desktop\code\git_code\shAutomation\Prowell\cpp_versrion\Predictive_Graph\predictive_graph.cpp(1,1): warning C4828: The file contains a character starting at offset 0x947 that is illegal in the current source character set (codepage 65001).
C:\Users\psh\Desktop\code\git_code\shAutomation\Prowell\cpp_versrion\Predictive_Graph\predictive_graph.cpp(1,1): warning C4828: The file contains a character starting at offset 0x948 that is illegal in the current source character set (codepage 65001).
C:\Users\psh\Desktop\code\git_code\shAutomation\Prowell\cpp_versrion\Predictive_Graph\predictive_graph.cpp(1,1): warning C4828: The file contains a character starting at offset 0x949 that is illegal in the current source character set (codepage 65001).
C:\Users\psh\Desktop\code\git_code\shAutomation\Prowell\cpp_versrion\Predictive_Graph\predictive_graph.cpp(1,1): warning C4828: The file contains a character starting at offset 0x94b that is illegal in the current source character set (codepage 65001).
C:\Users\psh\Desktop\code\git_code\shAutomation\Prowell\cpp_versrion\Predictive_Graph\predictive_graph.cpp(1,1): warning C4828: The file contains a character starting at offset 0x94c that is illegal in the current source character set (codepage 65001).
C:\Users\psh\Desktop\code\git_code\shAutomation\Prowell\cpp_versrion\Predictive_Graph\predictive_graph.cpp(1,1): warning C4828: The file contains a character starting at offset 0x94e that is illegal in the current source character set (codepage 65001).
C:\Users\psh\Desktop\code\git_code\shAutomation\Prowell\cpp_versrion\Predictive_Graph\predictive_graph.cpp(1,1): warning C4828: The file contains a character starting at offset 0x94f that is illegal in the current source character set (codepage 65001).
C:\Users\psh\Desktop\code\git_code\shAutomation\Prowell\cpp_versrion\Predictive_Graph\predictive_graph.cpp(1,1): warning C4828: The file contains a character starting at offset 0x954 that is illegal in the current source character set (codepage 65001).
C:\Users\psh\Desktop\code\git_code\shAutomation\Prowell\cpp_versrion\Predictive_Graph\predictive_graph.cpp(1,1): warning C4828: The file contains a character starting at offset 0x956 that is illegal in the current source character set (codepage 65001).
C:\Users\psh\Desktop\code\git_code\shAutomation\Prowell\cpp_versrion\Predictive_Graph\predictive_graph.cpp(1,1): warning C4828: The file contains a character starting at offset 0x957 that is illegal in the current source character set (codepage 65001).
C:\Users\psh\Desktop\code\git_code\shAutomation\Prowell\cpp_versrion\Predictive_Graph\predictive_graph.cpp(1,1): warning C4828: The file contains a character starting at offset 0x95c that is illegal in the current source character set (codepage 65001).
C:\Users\psh\Desktop\code\git_code\shAutomation\Prowell\cpp_versrion\Predictive_Graph\predictive_graph.cpp(1,1): warning C4828: The file contains a character starting at offset 0x95d that is illegal in the current source character set (codepage 65001).
C:\Users\psh\Desktop\code\git_code\shAutomation\Prowell\cpp_versrion\Predictive_Graph\predictive_graph.cpp(1,1): warning C4828: The file contains a character starting at offset 0x95e that is illegal in the current source character set (codepage 65001).
C:\Users\psh\Desktop\code\git_code\shAutomation\Prowell\cpp_versrion\Predictive_Graph\predictive_graph.cpp(1,1): warning C4828: The file contains a character starting at offset 0x960 that is illegal in the current source character set (codepage 65001).
C:\Users\psh\Desktop\code\git_code\shAutomation\Prowell\cpp_versrion\Predictive_Graph\predictive_graph.cpp(1,1): warning C4828: The file contains a character starting at offset 0x964 that is illegal in the current source character set (codepage 65001).
C:\Users\psh\Desktop\code\git_code\shAutomation\Prowell\cpp_versrion\Predictive_Graph\predictive_graph.cpp(1,1): warning C4828: The file contains a character starting at offset 0x966 that is illegal in the current source character set (codepage 65001).
C:\Users\psh\Desktop\code\git_code\shAutomation\Prowell\cpp_versrion\Predictive_Graph\predictive_graph.cpp(1,1): warning C4828: The file contains a character starting at offset 0x967 that is illegal in the current source character set (codepage 65001).
C:\Users\psh\Desktop\code\git_code\shAutomation\Prowell\cpp_versrion\Predictive_Graph\predictive_graph.cpp(1,1): warning C4828: The file contains a character starting at offset 0x96d that is illegal in the current source character set (codepage 65001).
C:\Users\psh\Desktop\code\git_code\shAutomation\Prowell\cpp_versrion\Predictive_Graph\predictive_graph.cpp(1,1): warning C4828: The file contains a character starting at offset 0x96e that is illegal in the current source character set (codepage 65001).
C:\Users\psh\Desktop\code\git_code\shAutomation\Prowell\cpp_versrion\Predictive_Graph\predictive_graph.cpp(1,1): warning C4828: The file contains a character starting at offset 0x96f that is illegal in the current source character set (codepage 65001).
C:\Users\psh\Desktop\code\git_code\shAutomation\Prowell\cpp_versrion\Predictive_Graph\predictive_graph.cpp(1,1): warning C4828: The file contains a character starting at offset 0x970 that is illegal in the current source character set (codepage 65001).
C:\Users\psh\Desktop\code\git_code\shAutomation\Prowell\cpp_versrion\Predictive_Graph\predictive_graph.cpp(1,1): warning C4828: The file contains a character starting at offset 0x972 that is illegal in the current source character set (codepage 65001).
C:\Users\psh\Desktop\code\git_code\shAutomation\Prowell\cpp_versrion\Predictive_Graph\predictive_graph.cpp(1,1): warning C4828: The file contains a character starting at offset 0x973 that is illegal in the current source character set (codepage 65001).
C:\Users\psh\Desktop\code\git_code\shAutomation\Prowell\cpp_versrion\Predictive_Graph\predictive_graph.cpp(1,1): warning C4828: The file contains a character starting at offset 0x974 that is illegal in the current source character set (codepage 65001).
C:\Users\psh\Desktop\code\git_code\shAutomation\Prowell\cpp_versrion\Predictive_Graph\predictive_graph.cpp(1,1): warning C4828: The file contains a character starting at offset 0x976 that is illegal in the current source character set (codepage 65001).
C:\Users\psh\Desktop\code\git_code\shAutomation\Prowell\cpp_versrion\Predictive_Graph\predictive_graph.cpp(1,1): warning C4828: The file contains a character starting at offset 0x977 that is illegal in the current source character set (codepage 65001).
C:\Users\psh\Desktop\code\git_code\shAutomation\Prowell\cpp_versrion\Predictive_Graph\predictive_graph.cpp(1,1): warning C4828: The file contains a character starting at offset 0x9d1 that is illegal in the current source character set (codepage 65001).
C:\Users\psh\Desktop\code\git_code\shAutomation\Prowell\cpp_versrion\Predictive_Graph\predictive_graph.cpp(1,1): warning C4828: The file contains a character starting at offset 0x9d2 that is illegal in the current source character set (codepage 65001).
C:\Users\psh\Desktop\code\git_code\shAutomation\Prowell\cpp_versrion\Predictive_Graph\predictive_graph.cpp(1,1): warning C4828: The file contains a character starting at offset 0x9d3 that is illegal in the current source character set (codepage 65001).
C:\Users\psh\Desktop\code\git_code\shAutomation\Prowell\cpp_versrion\Predictive_Graph\predictive_graph.cpp(1,1): warning C4828: The file contains a character starting at offset 0x9d6 that is illegal in the current source character set (codepage 65001).
C:\Users\psh\Desktop\code\git_code\shAutomation\Prowell\cpp_versrion\Predictive_Graph\predictive_graph.cpp(1,1): warning C4828: The file contains a character starting at offset 0x9d7 that is illegal in the current source character set (codepage 65001).
C:\Users\psh\Desktop\code\git_code\shAutomation\Prowell\cpp_versrion\Predictive_Graph\predictive_graph.cpp(1,1): warning C4828: The file contains a character starting at offset 0x9db that is illegal in the current source character set (codepage 65001).
C:\Users\psh\Desktop\code\git_code\shAutomation\Prowell\cpp_versrion\Predictive_Graph\predictive_graph.cpp(1,1): warning C4828: The file contains a character starting at offset 0x9dc that is illegal in the current source character set (codepage 65001).
C:\Users\psh\Desktop\code\git_code\shAutomation\Prowell\cpp_versrion\Predictive_Graph\predictive_graph.cpp(1,1): warning C4828: The file contains a character starting at offset 0x9dd that is illegal in the current source character set (codepage 65001).
C:\Users\psh\Desktop\code\git_code\shAutomation\Prowell\cpp_versrion\Predictive_Graph\predictive_graph.cpp(1,1): warning C4828: The file contains a character starting at offset 0x9de that is illegal in the current source character set (codepage 65001).
C:\Users\psh\Desktop\code\git_code\shAutomation\Prowell\cpp_versrion\Predictive_Graph\predictive_graph.cpp(1,1): warning C4828: The file contains a character starting at offset 0x9df that is illegal in the current source character set (codepage 65001).
C:\Users\psh\Desktop\code\git_code\shAutomation\Prowell\cpp_versrion\Predictive_Graph\predictive_graph.cpp(1,1): warning C4828: The file contains a character starting at offset 0x9e0 that is illegal in the current source character set (codepage 65001).
C:\Users\psh\Desktop\code\git_code\shAutomation\Prowell\cpp_versrion\Predictive_Graph\predictive_graph.cpp(1,1): warning C4828: The file contains a character starting at offset 0x9e1 that is illegal in the current source character set (codepage 65001).
C:\Users\psh\Desktop\code\git_code\shAutomation\Prowell\cpp_versrion\Predictive_Graph\predictive_graph.cpp(1,1): warning C4828: The file contains a character starting at offset 0x9e2 that is illegal in the current source character set (codepage 65001).
C:\Users\psh\Desktop\code\git_code\shAutomation\Prowell\cpp_versrion\Predictive_Graph\predictive_graph.cpp(1,1): warning C4828: The file contains a character starting at offset 0x9ee that is illegal in the current source character set (codepage 65001).
C:\Users\psh\Desktop\code\git_code\shAutomation\Prowell\cpp_versrion\Predictive_Graph\predictive_graph.cpp(1,1): warning C4828: The file contains a character starting at offset 0x9ef that is illegal in the current source character set (codepage 65001).
C:\Users\psh\Desktop\code\git_code\shAutomation\Prowell\cpp_versrion\Predictive_Graph\predictive_graph.cpp(1,1): warning C4828: The file contains a character starting at offset 0x9f0 that is illegal in the current source character set (codepage 65001).
C:\Users\psh\Desktop\code\git_code\shAutomation\Prowell\cpp_versrion\Predictive_Graph\predictive_graph.cpp(1,1): warning C4828: The file contains a character starting at offset 0x9f2 that is illegal in the current source character set (codepage 65001).
C:\Users\psh\Desktop\code\git_code\shAutomation\Prowell\cpp_versrion\Predictive_Graph\predictive_graph.cpp(1,1): warning C4828: The file contains a character starting at offset 0x9f3 that is illegal in the current source character set (codepage 65001).
C:\Users\psh\Desktop\code\git_code\shAutomation\Prowell\cpp_versrion\Predictive_Graph\predictive_graph.cpp(1,1): warning C4828: The file contains a character starting at offset 0x9f5 that is illegal in the current source character set (codepage 65001).
C:\Users\psh\Desktop\code\git_code\shAutomation\Prowell\cpp_versrion\Predictive_Graph\predictive_graph.cpp(1,1): warning C4828: The file contains a character starting at offset 0x9f6 that is illegal in the current source character set (codepage 65001).
C:\Users\psh\Desktop\code\git_code\shAutomation\Prowell\cpp_versrion\Predictive_Graph\predictive_graph.cpp(1,1): warning C4828: The file contains a character starting at offset 0x9f7 that is illegal in the current source character set (codepage 65001).
C:\Users\psh\Desktop\code\git_code\shAutomation\Prowell\cpp_versrion\Predictive_Graph\predictive_graph.cpp(1,1): warning C4828: The file contains a character starting at offset 0x9f8 that is illegal in the current source character set (codepage 65001).
C:\Users\psh\Desktop\code\git_code\shAutomation\Prowell\cpp_versrion\Predictive_Graph\predictive_graph.cpp(1,1): warning C4828: The file contains a character starting at offset 0x9fa that is illegal in the current source character set (codepage 65001).
C:\Users\psh\Desktop\code\git_code\shAutomation\Prowell\cpp_versrion\Predictive_Graph\predictive_graph.cpp(1,1): warning C4828: The file contains a character starting at offset 0x9fc that is illegal in the current source character set (codepage 65001).
C:\Users\psh\Desktop\code\git_code\shAutomation\Prowell\cpp_versrion\Predictive_Graph\predictive_graph.cpp(1,1): warning C4828: The file contains a character starting at offset 0x9ff that is illegal in the current source character set (codepage 65001).
C:\Users\psh\Desktop\code\git_code\shAutomation\Prowell\cpp_versrion\Predictive_Graph\predictive_graph.cpp(1,1): warning C4828: The file contains a character starting at offset 0xa00 that is illegal in the current source character set (codepage 65001).
C:\Users\psh\Desktop\code\git_code\shAutomation\Prowell\cpp_versrion\Predictive_Graph\predictive_graph.cpp(1,1): warning C4828: The file contains a character starting at offset 0xa02 that is illegal in the current source character set (codepage 65001).
C:\Users\psh\Desktop\code\git_code\shAutomation\Prowell\cpp_versrion\Predictive_Graph\predictive_graph.cpp(1,1): warning C4828: The file contains a character starting at offset 0xa03 that is illegal in the current source character set (codepage 65001).
C:\Users\psh\Desktop\code\git_code\shAutomation\Prowell\cpp_versrion\Predictive_Graph\predictive_graph.cpp(1,1): warning C4828: The file contains a character starting at offset 0xa05 that is illegal in the current source character set (codepage 65001).
C:\Users\psh\Desktop\code\git_code\shAutomation\Prowell\cpp_versrion\Predictive_Graph\predictive_graph.cpp(1,1): warning C4828: The file contains a character starting at offset 0xa07 that is illegal in the current source character set (codepage 65001).
C:\Users\psh\Desktop\code\git_code\shAutomation\Prowell\cpp_versrion\Predictive_Graph\predictive_graph.cpp(1,1): warning C4828: The file contains a character starting at offset 0xa08 that is illegal in the current source character set (codepage 65001).
C:\Users\psh\Desktop\code\git_code\shAutomation\Prowell\cpp_versrion\Predictive_Graph\predictive_graph.cpp(1,1): warning C4828: The file contains a character starting at offset 0xa0b that is illegal in the current source character set (codepage 65001).
C:\Users\psh\Desktop\code\git_code\shAutomation\Prowell\cpp_versrion\Predictive_Graph\predictive_graph.cpp(1,1): warning C4828: The file contains a character starting at offset 0xa0c that is illegal in the current source character set (codepage 65001).
C:\Users\psh\Desktop\code\git_code\shAutomation\Prowell\cpp_versrion\Predictive_Graph\predictive_graph.cpp(1,1): warning C4828: The file contains a character starting at offset 0xa0d that is illegal in the current source character set (codepage 65001).
C:\Users\psh\Desktop\code\git_code\shAutomation\Prowell\cpp_versrion\Predictive_Graph\predictive_graph.cpp(1,1): warning C4828: The file contains a character starting at offset 0xa0e that is illegal in the current source character set (codepage 65001).
C:\Users\psh\Desktop\code\git_code\shAutomation\Prowell\cpp_versrion\Predictive_Graph\predictive_graph.cpp(1,1): warning C4828: The file contains a character starting at offset 0xa10 that is illegal in the current source character set (codepage 65001).
C:\Users\psh\Desktop\code\git_code\shAutomation\Prowell\cpp_versrion\Predictive_Graph\predictive_graph.cpp(1,1): warning C4828: The file contains a character starting at offset 0xa11 that is illegal in the current source character set (codepage 65001).
C:\Users\psh\Desktop\code\git_code\shAutomation\Prowell\cpp_versrion\Predictive_Graph\predictive_graph.cpp(1,1): warning C4828: The file contains a character starting at offset 0xa12 that is illegal in the current source character set (codepage 65001).
C:\Users\psh\Desktop\code\git_code\shAutomation\Prowell\cpp_versrion\Predictive_Graph\predictive_graph.cpp(1,1): warning C4828: The file contains a character starting at offset 0xa13 that is illegal in the current source character set (codepage 65001).
C:\Users\psh\Desktop\code\git_code\shAutomation\Prowell\cpp_versrion\Predictive_Graph\predictive_graph.cpp(1,1): warning C4828: The file contains a character starting at offset 0xa14 that is illegal in the current source character set (codepage 65001).
C:\Users\psh\Desktop\code\git_code\shAutomation\Prowell\cpp_versrion\Predictive_Graph\predictive_graph.cpp(1,1): warning C4828: The file contains a character starting at offset 0xa15 that is illegal in the current source character set (codepage 65001).
C:\Users\psh\Desktop\code\git_code\shAutomation\Prowell\cpp_versrion\Predictive_Graph\predictive_graph.cpp(1,1): warning C4828: The file contains a character starting at offset 0xa16 that is illegal in the current source character set (codepage 65001).
C:\Users\psh\Desktop\code\git_code\shAutomation\Prowell\cpp_versrion\Predictive_Graph\predictive_graph.cpp(1,1): warning C4828: The file contains a character starting at offset 0xa17 that is illegal in the current source character set (codepage 65001).
C:\Users\psh\Desktop\code\git_code\shAutomation\Prowell\cpp_versrion\Predictive_Graph\predictive_graph.cpp(1,1): warning C4828: The file contains a character starting at offset 0xa1b that is illegal in the current source character set (codepage 65001).
C:\Users\psh\Desktop\code\git_code\shAutomation\Prowell\cpp_versrion\Predictive_Graph\predictive_graph.cpp(1,1): warning C4828: The file contains a character starting at offset 0xa1c that is illegal in the current source character set (codepage 65001).
C:\Users\psh\Desktop\code\git_code\shAutomation\Prowell\cpp_versrion\Predictive_Graph\predictive_graph.cpp(1,1): warning C4828: The file contains a character starting at offset 0xa42 that is illegal in the current source character set (codepage 65001).
C:\Users\psh\Desktop\code\git_code\shAutomation\Prowell\cpp_versrion\Predictive_Graph\predictive_graph.cpp(1,1): warning C4828: The file contains a character starting at offset 0xa43 that is illegal in the current source character set (codepage 65001).
C:\Users\psh\Desktop\code\git_code\shAutomation\Prowell\cpp_versrion\Predictive_Graph\predictive_graph.cpp(1,1): warning C4828: The file contains a character starting at offset 0xa47 that is illegal in the current source character set (codepage 65001).
C:\Users\psh\Desktop\code\git_code\shAutomation\Prowell\cpp_versrion\Predictive_Graph\predictive_graph.cpp(1,1): warning C4828: The file contains a character starting at offset 0xa48 that is illegal in the current source character set (codepage 65001).
C:\Users\psh\Desktop\code\git_code\shAutomation\Prowell\cpp_versrion\Predictive_Graph\predictive_graph.cpp(1,1): warning C4828: The file contains a character starting at offset 0xa49 that is illegal in the current source character set (codepage 65001).
C:\Users\psh\Desktop\code\git_code\shAutomation\Prowell\cpp_versrion\Predictive_Graph\predictive_graph.cpp(1,1): warning C4828: The file contains a character starting at offset 0xa4b that is illegal in the current source character set (codepage 65001).
C:\Users\psh\Desktop\code\git_code\shAutomation\Prowell\cpp_versrion\Predictive_Graph\predictive_graph.cpp(1,1): warning C4828: The file contains a character starting at offset 0xa4c that is illegal in the current source character set (codepage 65001).
C:\Users\psh\Desktop\code\git_code\shAutomation\Prowell\cpp_versrion\Predictive_Graph\predictive_graph.cpp(1,1): warning C4828: The file contains a character starting at offset 0xa4e that is illegal in the current source character set (codepage 65001).
C:\Users\psh\Desktop\code\git_code\shAutomation\Prowell\cpp_versrion\Predictive_Graph\predictive_graph.cpp(1,1): warning C4828: The file contains a character starting at offset 0xa4f that is illegal in the current source character set (codepage 65001).
C:\Users\psh\Desktop\code\git_code\shAutomation\Prowell\cpp_versrion\Predictive_Graph\predictive_graph.cpp(1,1): warning C4828: The file contains a character starting at offset 0xa50 that is illegal in the current source character set (codepage 65001).
C:\Users\psh\Desktop\code\git_code\shAutomation\Prowell\cpp_versrion\Predictive_Graph\predictive_graph.cpp(1,1): warning C4828: The file contains a character starting at offset 0xa51 that is illegal in the current source character set (codepage 65001).
C:\Users\psh\Desktop\code\git_code\shAutomation\Prowell\cpp_versrion\Predictive_Graph\predictive_graph.cpp(1,1): warning C4828: The file contains a character starting at offset 0xa93 that is illegal in the current source character set (codepage 65001).
C:\Users\psh\Desktop\code\git_code\shAutomation\Prowell\cpp_versrion\Predictive_Graph\predictive_graph.cpp(1,1): warning C4828: The file contains a character starting at offset 0xa94 that is illegal in the current source character set (codepage 65001).
C:\Users\psh\Desktop\code\git_code\shAutomation\Prowell\cpp_versrion\Predictive_Graph\predictive_graph.cpp(1,1): warning C4828: The file contains a character starting at offset 0xa95 that is illegal in the current source character set (codepage 65001).
C:\Users\psh\Desktop\code\git_code\shAutomation\Prowell\cpp_versrion\Predictive_Graph\predictive_graph.cpp(1,1): warning C4828: The file contains a character starting at offset 0xa97 that is illegal in the current source character set (codepage 65001).
C:\Users\psh\Desktop\code\git_code\shAutomation\Prowell\cpp_versrion\Predictive_Graph\predictive_graph.cpp(1,1): warning C4828: The file contains a character starting at offset 0xa98 that is illegal in the current source character set (codepage 65001).
C:\Users\psh\Desktop\code\git_code\shAutomation\Prowell\cpp_versrion\Predictive_Graph\predictive_graph.cpp(1,1): warning C4828: The file contains a character starting at offset 0xa99 that is illegal in the current source character set (codepage 65001).
C:\Users\psh\Desktop\code\git_code\shAutomation\Prowell\cpp_versrion\Predictive_Graph\predictive_graph.cpp(1,1): warning C4828: The file contains a character starting at offset 0xa9a that is illegal in the current source character set (codepage 65001).
C:\Users\psh\Desktop\code\git_code\shAutomation\Prowell\cpp_versrion\Predictive_Graph\predictive_graph.cpp(1,1): warning C4828: The file contains a character starting at offset 0xa9c that is illegal in the current source character set (codepage 65001).
C:\Users\psh\Desktop\code\git_code\shAutomation\Prowell\cpp_versrion\Predictive_Graph\predictive_graph.cpp(1,1): warning C4828: The file contains a character starting at offset 0xa9e that is illegal in the current source character set (codepage 65001).
C:\Users\psh\Desktop\code\git_code\shAutomation\Prowell\cpp_versrion\Predictive_Graph\predictive_graph.cpp(1,1): warning C4828: The file contains a character starting at offset 0xa9f that is illegal in the current source character set (codepage 65001).
C:\Users\psh\Desktop\code\git_code\shAutomation\Prowell\cpp_versrion\Predictive_Graph\predictive_graph.cpp(1,1): warning C4828: The file contains a character starting at offset 0xaa0 that is illegal in the current source character set (codepage 65001).
C:\Users\psh\Desktop\code\git_code\shAutomation\Prowell\cpp_versrion\Predictive_Graph\predictive_graph.cpp(1,1): warning C4828: The file contains a character starting at offset 0xaa3 that is illegal in the current source character set (codepage 65001).
C:\Users\psh\Desktop\code\git_code\shAutomation\Prowell\cpp_versrion\Predictive_Graph\predictive_graph.cpp(1,1): warning C4828: The file contains a character starting at offset 0xaa4 that is illegal in the current source character set (codepage 65001).
C:\Users\psh\Desktop\code\git_code\shAutomation\Prowell\cpp_versrion\Predictive_Graph\predictive_graph.cpp(1,1): warning C4828: The file contains a character starting at offset 0xaa8 that is illegal in the current source character set (codepage 65001).
C:\Users\psh\Desktop\code\git_code\shAutomation\Prowell\cpp_versrion\Predictive_Graph\predictive_graph.cpp(1,1): warning C4828: The file contains a character starting at offset 0xaa9 that is illegal in the current source character set (codepage 65001).
C:\Users\psh\Desktop\code\git_code\shAutomation\Prowell\cpp_versrion\Predictive_Graph\predictive_graph.cpp(1,1): warning C4828: The file contains a character starting at offset 0xaaa that is illegal in the current source character set (codepage 65001).
C:\Users\psh\Desktop\code\git_code\shAutomation\Prowell\cpp_versrion\Predictive_Graph\predictive_graph.cpp(1,1): warning C4828: The file contains a character starting at offset 0xaab that is illegal in the current source character set (codepage 65001).
C:\Users\psh\Desktop\code\git_code\shAutomation\Prowell\cpp_versrion\Predictive_Graph\predictive_graph.cpp(1,1): warning C4828: The file contains a character starting at offset 0xabc that is illegal in the current source character set (codepage 65001).
C:\Users\psh\Desktop\code\git_code\shAutomation\Prowell\cpp_versrion\Predictive_Graph\predictive_graph.cpp(1,1): warning C4828: The file contains a character starting at offset 0xabd that is illegal in the current source character set (codepage 65001).
C:\Users\psh\Desktop\code\git_code\shAutomation\Prowell\cpp_versrion\Predictive_Graph\predictive_graph.cpp(1,1): warning C4828: The file contains a character starting at offset 0xabf that is illegal in the current source character set (codepage 65001).
C:\Users\psh\Desktop\code\git_code\shAutomation\Prowell\cpp_versrion\Predictive_Graph\predictive_graph.cpp(1,1): warning C4828: The file contains a character starting at offset 0xac0 that is illegal in the current source character set (codepage 65001).
C:\Users\psh\Desktop\code\git_code\shAutomation\Prowell\cpp_versrion\Predictive_Graph\predictive_graph.cpp(1,1): warning C4828: The file contains a character starting at offset 0xac1 that is illegal in the current source character set (codepage 65001).
C:\Users\psh\Desktop\code\git_code\shAutomation\Prowell\cpp_versrion\Predictive_Graph\predictive_graph.cpp(1,1): warning C4828: The file contains a character starting at offset 0xac2 that is illegal in the current source character set (codepage 65001).
C:\Users\psh\Desktop\code\git_code\shAutomation\Prowell\cpp_versrion\Predictive_Graph\predictive_graph.cpp(1,1): warning C4828: The file contains a character starting at offset 0xac3 that is illegal in the current source character set (codepage 65001).
C:\Users\psh\Desktop\code\git_code\shAutomation\Prowell\cpp_versrion\Predictive_Graph\predictive_graph.cpp(1,1): warning C4828: The file contains a character starting at offset 0xac5 that is illegal in the current source character set (codepage 65001).
C:\Users\psh\Desktop\code\git_code\shAutomation\Prowell\cpp_versrion\Predictive_Graph\predictive_graph.cpp(1,1): warning C4828: The file contains a character starting at offset 0xac6 that is illegal in the current source character set (codepage 65001).
C:\Users\psh\Desktop\code\git_code\shAutomation\Prowell\cpp_versrion\Predictive_Graph\predictive_graph.cpp(1,1): warning C4828: The file contains a character starting at offset 0xac9 that is illegal in the current source character set (codepage 65001).
C:\Users\psh\Desktop\code\git_code\shAutomation\Prowell\cpp_versrion\Predictive_Graph\predictive_graph.cpp(1,1): warning C4828: The file contains a character starting at offset 0xacc that is illegal in the current source character set (codepage 65001).
C:\Users\psh\Desktop\code\git_code\shAutomation\Prowell\cpp_versrion\Predictive_Graph\predictive_graph.cpp(1,1): warning C4828: The file contains a character starting at offset 0xacd that is illegal in the current source character set (codepage 65001).
C:\Users\psh\Desktop\code\git_code\shAutomation\Prowell\cpp_versrion\Predictive_Graph\predictive_graph.cpp(1,1): warning C4828: The file contains a character starting at offset 0xace that is illegal in the current source character set (codepage 65001).
C:\Users\psh\Desktop\code\git_code\shAutomation\Prowell\cpp_versrion\Predictive_Graph\predictive_graph.cpp(1,1): warning C4828: The file contains a character starting at offset 0xacf that is illegal in the current source character set (codepage 65001).
C:\Users\psh\Desktop\code\git_code\shAutomation\Prowell\cpp_versrion\Predictive_Graph\predictive_graph.cpp(1,1): warning C4828: The file contains a character starting at offset 0xad1 that is illegal in the current source character set (codepage 65001).
C:\Users\psh\Desktop\code\git_code\shAutomation\Prowell\cpp_versrion\Predictive_Graph\predictive_graph.cpp(1,1): warning C4828: The file contains a character starting at offset 0xad2 that is illegal in the current source character set (codepage 65001).
C:\Users\psh\Desktop\code\git_code\shAutomation\Prowell\cpp_versrion\Predictive_Graph\predictive_graph.cpp(1,1): warning C4828: The file contains a character starting at offset 0xad3 that is illegal in the current source character set (codepage 65001).
C:\Users\psh\Desktop\code\git_code\shAutomation\Prowell\cpp_versrion\Predictive_Graph\predictive_graph.cpp(1,1): warning C4828: The file contains a character starting at offset 0xad7 that is illegal in the current source character set (codepage 65001).
C:\Users\psh\Desktop\code\git_code\shAutomation\Prowell\cpp_versrion\Predictive_Graph\predictive_graph.cpp(1,1): warning C4828: The file contains a character starting at offset 0xad8 that is illegal in the current source character set (codepage 65001).
C:\Users\psh\Desktop\code\git_code\shAutomation\Prowell\cpp_versrion\Predictive_Graph\predictive_graph.cpp(1,1): warning C4828: The file contains a character starting at offset 0xb15 that is illegal in the current source character set (codepage 65001).
C:\Users\psh\Desktop\code\git_code\shAutomation\Prowell\cpp_versrion\Predictive_Graph\predictive_graph.cpp(1,1): warning C4828: The file contains a character starting at offset 0xb18 that is illegal in the current source character set (codepage 65001).
C:\Users\psh\Desktop\code\git_code\shAutomation\Prowell\cpp_versrion\Predictive_Graph\predictive_graph.cpp(1,1): warning C4828: The file contains a character starting at offset 0xb19 that is illegal in the current source character set (codepage 65001).
C:\Users\psh\Desktop\code\git_code\shAutomation\Prowell\cpp_versrion\Predictive_Graph\predictive_graph.cpp(1,1): warning C4828: The file contains a character starting at offset 0xb1a that is illegal in the current source character set (codepage 65001).
C:\Users\psh\Desktop\code\git_code\shAutomation\Prowell\cpp_versrion\Predictive_Graph\predictive_graph.cpp(1,1): warning C4828: The file contains a character starting at offset 0xb1b that is illegal in the current source character set (codepage 65001).
C:\Users\psh\Desktop\code\git_code\shAutomation\Prowell\cpp_versrion\Predictive_Graph\predictive_graph.cpp(1,1): warning C4828: The file contains a character starting at offset 0xb1d that is illegal in the current source character set (codepage 65001).
C:\Users\psh\Desktop\code\git_code\shAutomation\Prowell\cpp_versrion\Predictive_Graph\predictive_graph.cpp(1,1): warning C4828: The file contains a character starting at offset 0xb1e that is illegal in the current source character set (codepage 65001).
C:\Users\psh\Desktop\code\git_code\shAutomation\Prowell\cpp_versrion\Predictive_Graph\predictive_graph.cpp(1,1): warning C4828: The file contains a character starting at offset 0xb1f that is illegal in the current source character set (codepage 65001).
C:\Users\psh\Desktop\code\git_code\shAutomation\Prowell\cpp_versrion\Predictive_Graph\predictive_graph.cpp(1,1): warning C4828: The file contains a character starting at offset 0xb21 that is illegal in the current source character set (codepage 65001).
C:\Users\psh\Desktop\code\git_code\shAutomation\Prowell\cpp_versrion\Predictive_Graph\predictive_graph.cpp(1,1): warning C4828: The file contains a character starting at offset 0xb22 that is illegal in the current source character set (codepage 65001).
C:\Users\psh\Desktop\code\git_code\shAutomation\Prowell\cpp_versrion\Predictive_Graph\predictive_graph.cpp(1,1): warning C4828: The file contains a character starting at offset 0xb23 that is illegal in the current source character set (codepage 65001).
C:\Users\psh\Desktop\code\git_code\shAutomation\Prowell\cpp_versrion\Predictive_Graph\predictive_graph.cpp(1,1): warning C4828: The file contains a character starting at offset 0xb25 that is illegal in the current source character set (codepage 65001).
C:\Users\psh\Desktop\code\git_code\shAutomation\Prowell\cpp_versrion\Predictive_Graph\predictive_graph.cpp(1,1): warning C4828: The file contains a character starting at offset 0xb26 that is illegal in the current source character set (codepage 65001).
C:\Users\psh\Desktop\code\git_code\shAutomation\Prowell\cpp_versrion\Predictive_Graph\predictive_graph.cpp(1,1): warning C4828: The file contains a character starting at offset 0xb28 that is illegal in the current source character set (codepage 65001).
C:\Users\psh\Desktop\code\git_code\shAutomation\Prowell\cpp_versrion\Predictive_Graph\predictive_graph.cpp(1,1): warning C4828: The file contains a character starting at offset 0xb2a that is illegal in the current source character set (codepage 65001).
C:\Users\psh\Desktop\code\git_code\shAutomation\Prowell\cpp_versrion\Predictive_Graph\predictive_graph.cpp(1,1): warning C4828: The file contains a character starting at offset 0xb2b that is illegal in the current source character set (codepage 65001).
C:\Users\psh\Desktop\code\git_code\shAutomation\Prowell\cpp_versrion\Predictive_Graph\predictive_graph.cpp(1,1): warning C4828: The file contains a character starting at offset 0xb3d that is illegal in the current source character set (codepage 65001).
C:\Users\psh\Desktop\code\git_code\shAutomation\Prowell\cpp_versrion\Predictive_Graph\predictive_graph.cpp(1,1): warning C4828: The file contains a character starting at offset 0xb3e that is illegal in the current source character set (codepage 65001).
C:\Users\psh\Desktop\code\git_code\shAutomation\Prowell\cpp_versrion\Predictive_Graph\predictive_graph.cpp(1,1): warning C4828: The file contains a character starting at offset 0xb3f that is illegal in the current source character set (codepage 65001).
C:\Users\psh\Desktop\code\git_code\shAutomation\Prowell\cpp_versrion\Predictive_Graph\predictive_graph.cpp(1,1): warning C4828: The file contains a character starting at offset 0xb40 that is illegal in the current source character set (codepage 65001).
C:\Users\psh\Desktop\code\git_code\shAutomation\Prowell\cpp_versrion\Predictive_Graph\predictive_graph.cpp(1,1): warning C4828: The file contains a character starting at offset 0xb42 that is illegal in the current source character set (codepage 65001).
C:\Users\psh\Desktop\code\git_code\shAutomation\Prowell\cpp_versrion\Predictive_Graph\predictive_graph.cpp(1,1): warning C4828: The file contains a character starting at offset 0xb44 that is illegal in the current source character set (codepage 65001).
C:\Users\psh\Desktop\code\git_code\shAutomation\Prowell\cpp_versrion\Predictive_Graph\predictive_graph.cpp(1,1): warning C4828: The file contains a character starting at offset 0xb47 that is illegal in the current source character set (codepage 65001).
C:\Users\psh\Desktop\code\git_code\shAutomation\Prowell\cpp_versrion\Predictive_Graph\predictive_graph.cpp(1,1): warning C4828: The file contains a character starting at offset 0xb4d that is illegal in the current source character set (codepage 65001).
C:\Users\psh\Desktop\code\git_code\shAutomation\Prowell\cpp_versrion\Predictive_Graph\predictive_graph.cpp(1,1): warning C4828: The file contains a character starting at offset 0xb51 that is illegal in the current source character set (codepage 65001).
C:\Users\psh\Desktop\code\git_code\shAutomation\Prowell\cpp_versrion\Predictive_Graph\predictive_graph.cpp(1,1): warning C4828: The file contains a character starting at offset 0xb52 that is illegal in the current source character set (codepage 65001).
C:\Users\psh\Desktop\code\git_code\shAutomation\Prowell\cpp_versrion\Predictive_Graph\predictive_graph.cpp(1,1): warning C4828: The file contains a character starting at offset 0xb53 that is illegal in the current source character set (codepage 65001).
C:\Users\psh\Desktop\code\git_code\shAutomation\Prowell\cpp_versrion\Predictive_Graph\predictive_graph.cpp(1,1): warning C4828: The file contains a character starting at offset 0xb54 that is illegal in the current source character set (codepage 65001).
C:\Users\psh\Desktop\code\git_code\shAutomation\Prowell\cpp_versrion\Predictive_Graph\predictive_graph.cpp(1,1): warning C4828: The file contains a character starting at offset 0xb56 that is illegal in the current source character set (codepage 65001).
C:\Users\psh\Desktop\code\git_code\shAutomation\Prowell\cpp_versrion\Predictive_Graph\predictive_graph.cpp(1,1): warning C4828: The file contains a character starting at offset 0xb57 that is illegal in the current source character set (codepage 65001).
C:\Users\psh\Desktop\code\git_code\shAutomation\Prowell\cpp_versrion\Predictive_Graph\predictive_graph.cpp(1,1): warning C4828: The file contains a character starting at offset 0xb58 that is illegal in the current source character set (codepage 65001).
C:\Users\psh\Desktop\code\git_code\shAutomation\Prowell\cpp_versrion\Predictive_Graph\predictive_graph.cpp(1,1): warning C4828: The file contains a character starting at offset 0xb59 that is illegal in the current source character set (codepage 65001).
C:\Users\psh\Desktop\code\git_code\shAutomation\Prowell\cpp_versrion\Predictive_Graph\predictive_graph.cpp(1,1): warning C4828: The file contains a character starting at offset 0xb5b that is illegal in the current source character set (codepage 65001).
C:\Users\psh\Desktop\code\git_code\shAutomation\Prowell\cpp_versrion\Predictive_Graph\predictive_graph.h(1,1): warning C4828: The file contains a character starting at offset 0xf3 that is illegal in the current source character set (codepage 65001).
  (compiling source file 'predictive_graph.cpp')
  
C:\Users\psh\Desktop\code\git_code\shAutomation\Prowell\cpp_versrion\Predictive_Graph\predictive_graph.h(1,1): warning C4828: The file contains a character starting at offset 0xf4 that is illegal in the current source character set (codepage 65001).
  (compiling source file 'predictive_graph.cpp')
  
C:\Users\psh\Desktop\code\git_code\shAutomation\Prowell\cpp_versrion\Predictive_Graph\predictive_graph.h(1,1): warning C4828: The file contains a character starting at offset 0xf5 that is illegal in the current source character set (codepage 65001).
  (compiling source file 'predictive_graph.cpp')
  
C:\Users\psh\Desktop\code\git_code\shAutomation\Prowell\cpp_versrion\Predictive_Graph\predictive_graph.h(1,1): warning C4828: The file contains a character starting at offset 0xf7 that is illegal in the current source character set (codepage 65001).
  (compiling source file 'predictive_graph.cpp')
  
C:\Users\psh\Desktop\code\git_code\shAutomation\Prowell\cpp_versrion\Predictive_Graph\predictive_graph.h(1,1): warning C4828: The file contains a character starting at offset 0xf8 that is illegal in the current source character set (codepage 65001).
  (compiling source file 'predictive_graph.cpp')
  
C:\Users\psh\Desktop\code\git_code\shAutomation\Prowell\cpp_versrion\Predictive_Graph\predictive_graph.h(1,1): warning C4828: The file contains a character starting at offset 0xfa that is illegal in the current source character set (codepage 65001).
  (compiling source file 'predictive_graph.cpp')
  
C:\Users\psh\Desktop\code\git_code\shAutomation\Prowell\cpp_versrion\Predictive_Graph\predictive_graph.h(1,1): warning C4828: The file contains a character starting at offset 0xfb that is illegal in the current source character set (codepage 65001).
  (compiling source file 'predictive_graph.cpp')
  
C:\Users\psh\Desktop\code\git_code\shAutomation\Prowell\cpp_versrion\Predictive_Graph\predictive_graph.h(1,1): warning C4828: The file contains a character starting at offset 0xfc that is illegal in the current source character set (codepage 65001).
  (compiling source file 'predictive_graph.cpp')
  
C:\Users\psh\Desktop\code\git_code\shAutomation\Prowell\cpp_versrion\Predictive_Graph\predictive_graph.h(1,1): warning C4828: The file contains a character starting at offset 0xff that is illegal in the current source character set (codepage 65001).
  (compiling source file 'predictive_graph.cpp')
  
C:\Users\psh\Desktop\code\git_code\shAutomation\Prowell\cpp_versrion\Predictive_Graph\predictive_graph.h(1,1): warning C4828: The file contains a character starting at offset 0x101 that is illegal in the current source character set (codepage 65001).
  (compiling source file 'predictive_graph.cpp')
  
C:\Users\psh\Desktop\code\git_code\shAutomation\Prowell\cpp_versrion\Predictive_Graph\predictive_graph.h(1,1): warning C4828: The file contains a character starting at offset 0x102 that is illegal in the current source character set (codepage 65001).
  (compiling source file 'predictive_graph.cpp')
  
C:\Users\psh\Desktop\code\git_code\shAutomation\Prowell\cpp_versrion\Predictive_Graph\predictive_graph.h(1,1): warning C4828: The file contains a character starting at offset 0x106 that is illegal in the current source character set (codepage 65001).
  (compiling source file 'predictive_graph.cpp')
  
C:\Users\psh\Desktop\code\git_code\shAutomation\Prowell\cpp_versrion\Predictive_Graph\predictive_graph.h(1,1): warning C4828: The file contains a character starting at offset 0x107 that is illegal in the current source character set (codepage 65001).
  (compiling source file 'predictive_graph.cpp')
  
C:\Users\psh\Desktop\code\git_code\shAutomation\Prowell\cpp_versrion\Predictive_Graph\predictive_graph.h(1,1): warning C4828: The file contains a character starting at offset 0x2eb that is illegal in the current source character set (codepage 65001).
  (compiling source file 'predictive_graph.cpp')
  
C:\Users\psh\Desktop\code\git_code\shAutomation\Prowell\cpp_versrion\Predictive_Graph\predictive_graph.h(1,1): warning C4828: The file contains a character starting at offset 0x2ec that is illegal in the current source character set (codepage 65001).
  (compiling source file 'predictive_graph.cpp')
  
C:\Users\psh\Desktop\code\git_code\shAutomation\Prowell\cpp_versrion\Predictive_Graph\predictive_graph.h(1,1): warning C4828: The file contains a character starting at offset 0x2ed that is illegal in the current source character set (codepage 65001).
  (compiling source file 'predictive_graph.cpp')
  
C:\Users\psh\Desktop\code\git_code\shAutomation\Prowell\cpp_versrion\Predictive_Graph\predictive_graph.h(1,1): warning C4828: The file contains a character starting at offset 0x2ef that is illegal in the current source character set (codepage 65001).
  (compiling source file 'predictive_graph.cpp')
  
C:\Users\psh\Desktop\code\git_code\shAutomation\Prowell\cpp_versrion\Predictive_Graph\predictive_graph.h(1,1): warning C4828: The file contains a character starting at offset 0x2f0 that is illegal in the current source character set (codepage 65001).
  (compiling source file 'predictive_graph.cpp')
  
C:\Users\psh\Desktop\code\git_code\shAutomation\Prowell\cpp_versrion\Predictive_Graph\predictive_graph.h(1,1): warning C4828: The file contains a character starting at offset 0x2f1 that is illegal in the current source character set (codepage 65001).
  (compiling source file 'predictive_graph.cpp')
  
C:\Users\psh\Desktop\code\git_code\shAutomation\Prowell\cpp_versrion\Predictive_Graph\predictive_graph.h(1,1): warning C4828: The file contains a character starting at offset 0x2f2 that is illegal in the current source character set (codepage 65001).
  (compiling source file 'predictive_graph.cpp')
  
C:\Users\psh\Desktop\code\git_code\shAutomation\Prowell\cpp_versrion\Predictive_Graph\predictive_graph.h(1,1): warning C4828: The file contains a character starting at offset 0x2f4 that is illegal in the current source character set (codepage 65001).
  (compiling source file 'predictive_graph.cpp')
  
C:\Users\psh\Desktop\code\git_code\shAutomation\Prowell\cpp_versrion\Predictive_Graph\predictive_graph.h(1,1): warning C4828: The file contains a character starting at offset 0x2f5 that is illegal in the current source character set (codepage 65001).
  (compiling source file 'predictive_graph.cpp')
  
C:\Users\psh\Desktop\code\git_code\shAutomation\Prowell\cpp_versrion\Predictive_Graph\predictive_graph.h(1,1): warning C4828: The file contains a character starting at offset 0x2f6 that is illegal in the current source character set (codepage 65001).
  (compiling source file 'predictive_graph.cpp')
  
C:\Users\psh\Desktop\code\git_code\shAutomation\Prowell\cpp_versrion\Predictive_Graph\predictive_graph.h(1,1): warning C4828: The file contains a character starting at offset 0x305 that is illegal in the current source character set (codepage 65001).
  (compiling source file 'predictive_graph.cpp')
  
C:\Users\psh\Desktop\code\git_code\shAutomation\Prowell\cpp_versrion\Predictive_Graph\predictive_graph.h(1,1): warning C4828: The file contains a character starting at offset 0x307 that is illegal in the current source character set (codepage 65001).
  (compiling source file 'predictive_graph.cpp')
  
C:\Users\psh\Desktop\code\git_code\shAutomation\Prowell\cpp_versrion\Predictive_Graph\predictive_graph.h(1,1): warning C4828: The file contains a character starting at offset 0x308 that is illegal in the current source character set (codepage 65001).
  (compiling source file 'predictive_graph.cpp')
  
C:\Users\psh\Desktop\code\git_code\shAutomation\Prowell\cpp_versrion\Predictive_Graph\predictive_graph.h(1,1): warning C4828: The file contains a character starting at offset 0x39a that is illegal in the current source character set (codepage 65001).
  (compiling source file 'predictive_graph.cpp')
  
C:\Users\psh\Desktop\code\git_code\shAutomation\Prowell\cpp_versrion\Predictive_Graph\predictive_graph.h(1,1): warning C4828: The file contains a character starting at offset 0x39d that is illegal in the current source character set (codepage 65001).
  (compiling source file 'predictive_graph.cpp')
  
C:\Users\psh\Desktop\code\git_code\shAutomation\Prowell\cpp_versrion\Predictive_Graph\predictive_graph.h(1,1): warning C4828: The file contains a character starting at offset 0x39e that is illegal in the current source character set (codepage 65001).
  (compiling source file 'predictive_graph.cpp')
  
C:\Users\psh\Desktop\code\git_code\shAutomation\Prowell\cpp_versrion\Predictive_Graph\predictive_graph.h(1,1): warning C4828: The file contains a character starting at offset 0x3a1 that is illegal in the current source character set (codepage 65001).
  (compiling source file 'predictive_graph.cpp')
  
C:\Users\psh\Desktop\code\git_code\shAutomation\Prowell\cpp_versrion\Predictive_Graph\predictive_graph.h(1,1): warning C4828: The file contains a character starting at offset 0x3a2 that is illegal in the current source character set (codepage 65001).
  (compiling source file 'predictive_graph.cpp')
  
C:\Users\psh\Desktop\code\git_code\shAutomation\Prowell\cpp_versrion\Predictive_Graph\predictive_graph.h(1,1): warning C4828: The file contains a character starting at offset 0x3a3 that is illegal in the current source character set (codepage 65001).
  (compiling source file 'predictive_graph.cpp')
  
C:\Users\psh\Desktop\code\git_code\shAutomation\Prowell\cpp_versrion\Predictive_Graph\predictive_graph.h(1,1): warning C4828: The file contains a character starting at offset 0x3a4 that is illegal in the current source character set (codepage 65001).
  (compiling source file 'predictive_graph.cpp')
  
C:\Users\psh\Desktop\code\git_code\shAutomation\Prowell\cpp_versrion\Predictive_Graph\predictive_graph.h(1,1): warning C4828: The file contains a character starting at offset 0x3a6 that is illegal in the current source character set (codepage 65001).
  (compiling source file 'predictive_graph.cpp')
  
C:\Users\psh\Desktop\code\git_code\shAutomation\Prowell\cpp_versrion\Predictive_Graph\predictive_graph.h(1,1): warning C4828: The file contains a character starting at offset 0x3df that is illegal in the current source character set (codepage 65001).
  (compiling source file 'predictive_graph.cpp')
  
C:\Users\psh\Desktop\code\git_code\shAutomation\Prowell\cpp_versrion\Predictive_Graph\predictive_graph.h(1,1): warning C4828: The file contains a character starting at offset 0x3e2 that is illegal in the current source character set (codepage 65001).
  (compiling source file 'predictive_graph.cpp')
  
C:\Users\psh\Desktop\code\git_code\shAutomation\Prowell\cpp_versrion\Predictive_Graph\predictive_graph.h(1,1): warning C4828: The file contains a character starting at offset 0x3e3 that is illegal in the current source character set (codepage 65001).
  (compiling source file 'predictive_graph.cpp')
  
C:\Users\psh\Desktop\code\git_code\shAutomation\Prowell\cpp_versrion\Predictive_Graph\predictive_graph.h(1,1): warning C4828: The file contains a character starting at offset 0x3e4 that is illegal in the current source character set (codepage 65001).
  (compiling source file 'predictive_graph.cpp')
  
C:\Users\psh\Desktop\code\git_code\shAutomation\Prowell\cpp_versrion\Predictive_Graph\predictive_graph.h(1,1): warning C4828: The file contains a character starting at offset 0x3e5 that is illegal in the current source character set (codepage 65001).
  (compiling source file 'predictive_graph.cpp')
  
C:\Users\psh\Desktop\code\git_code\shAutomation\Prowell\cpp_versrion\Predictive_Graph\predictive_graph.h(1,1): warning C4828: The file contains a character starting at offset 0x3ea that is illegal in the current source character set (codepage 65001).
  (compiling source file 'predictive_graph.cpp')
  
C:\Users\psh\Desktop\code\git_code\shAutomation\Prowell\cpp_versrion\Predictive_Graph\predictive_graph.h(1,1): warning C4828: The file contains a character starting at offset 0x3f8 that is illegal in the current source character set (codepage 65001).
  (compiling source file 'predictive_graph.cpp')
  
C:\Users\psh\Desktop\code\git_code\shAutomation\Prowell\cpp_versrion\Predictive_Graph\predictive_graph.h(1,1): warning C4828: The file contains a character starting at offset 0x3f9 that is illegal in the current source character set (codepage 65001).
  (compiling source file 'predictive_graph.cpp')
  
C:\Users\psh\Desktop\code\git_code\shAutomation\Prowell\cpp_versrion\Predictive_Graph\predictive_graph.h(1,1): warning C4828: The file contains a character starting at offset 0x3fa that is illegal in the current source character set (codepage 65001).
  (compiling source file 'predictive_graph.cpp')
  
C:\Users\psh\Desktop\code\git_code\shAutomation\Prowell\cpp_versrion\Predictive_Graph\predictive_graph.h(1,1): warning C4828: The file contains a character starting at offset 0x3fc that is illegal in the current source character set (codepage 65001).
  (compiling source file 'predictive_graph.cpp')
  
C:\Users\psh\Desktop\code\git_code\shAutomation\Prowell\cpp_versrion\Predictive_Graph\predictive_graph.h(1,1): warning C4828: The file contains a character starting at offset 0x3fd that is illegal in the current source character set (codepage 65001).
  (compiling source file 'predictive_graph.cpp')
  
C:\Users\psh\Desktop\code\git_code\shAutomation\Prowell\cpp_versrion\Predictive_Graph\predictive_graph.h(1,1): warning C4828: The file contains a character starting at offset 0x3ff that is illegal in the current source character set (codepage 65001).
  (compiling source file 'predictive_graph.cpp')
  
C:\Users\psh\Desktop\code\git_code\shAutomation\Prowell\cpp_versrion\Predictive_Graph\predictive_graph.h(1,1): warning C4828: The file contains a character starting at offset 0x400 that is illegal in the current source character set (codepage 65001).
  (compiling source file 'predictive_graph.cpp')
  
C:\Users\psh\Desktop\code\git_code\shAutomation\Prowell\cpp_versrion\Predictive_Graph\predictive_graph.h(1,1): warning C4828: The file contains a character starting at offset 0x401 that is illegal in the current source character set (codepage 65001).
  (compiling source file 'predictive_graph.cpp')
  
C:\Users\psh\Desktop\code\git_code\shAutomation\Prowell\cpp_versrion\Predictive_Graph\predictive_graph.h(1,1): warning C4828: The file contains a character starting at offset 0x404 that is illegal in the current source character set (codepage 65001).
  (compiling source file 'predictive_graph.cpp')
  
C:\Users\psh\Desktop\code\git_code\shAutomation\Prowell\cpp_versrion\Predictive_Graph\predictive_graph.h(1,1): warning C4828: The file contains a character starting at offset 0x405 that is illegal in the current source character set (codepage 65001).
  (compiling source file 'predictive_graph.cpp')
  
C:\Users\psh\Desktop\code\git_code\shAutomation\Prowell\cpp_versrion\Predictive_Graph\predictive_graph.h(1,1): warning C4828: The file contains a character starting at offset 0x406 that is illegal in the current source character set (codepage 65001).
  (compiling source file 'predictive_graph.cpp')
  
C:\Users\psh\Desktop\code\git_code\shAutomation\Prowell\cpp_versrion\Predictive_Graph\predictive_graph.h(1,1): warning C4828: The file contains a character starting at offset 0x407 that is illegal in the current source character set (codepage 65001).
  (compiling source file 'predictive_graph.cpp')
  
C:\Users\psh\Desktop\code\git_code\shAutomation\Prowell\cpp_versrion\Predictive_Graph\predictive_graph.h(1,1): warning C4828: The file contains a character starting at offset 0x409 that is illegal in the current source character set (codepage 65001).
  (compiling source file 'predictive_graph.cpp')
  
C:\Users\psh\Desktop\code\git_code\shAutomation\Prowell\cpp_versrion\Predictive_Graph\predictive_graph.h(1,1): warning C4828: The file contains a character starting at offset 0x40b that is illegal in the current source character set (codepage 65001).
  (compiling source file 'predictive_graph.cpp')
  
C:\Users\psh\Desktop\code\git_code\shAutomation\Prowell\cpp_versrion\Predictive_Graph\predictive_graph.h(1,1): warning C4828: The file contains a character starting at offset 0x40e that is illegal in the current source character set (codepage 65001).
  (compiling source file 'predictive_graph.cpp')
  
C:\Users\psh\Desktop\code\git_code\shAutomation\Prowell\cpp_versrion\Predictive_Graph\pybind_.h(1,1): warning C4828: The file contains a character starting at offset 0x45 that is illegal in the current source character set (codepage 65001).
  (compiling source file 'predictive_graph.cpp')
  
C:\Users\psh\Desktop\code\git_code\shAutomation\Prowell\cpp_versrion\Predictive_Graph\pybind_.h(1,1): warning C4828: The file contains a character starting at offset 0x46 that is illegal in the current source character set (codepage 65001).
  (compiling source file 'predictive_graph.cpp')
  
C:\Users\psh\Desktop\code\git_code\shAutomation\Prowell\cpp_versrion\Predictive_Graph\pybind_.h(1,1): warning C4828: The file contains a character starting at offset 0x47 that is illegal in the current source character set (codepage 65001).
  (compiling source file 'predictive_graph.cpp')
  
C:\Users\psh\Desktop\code\git_code\shAutomation\Prowell\cpp_versrion\Predictive_Graph\pybind_.h(1,1): warning C4828: The file contains a character starting at offset 0x49 that is illegal in the current source character set (codepage 65001).
  (compiling source file 'predictive_graph.cpp')
  
C:\Users\psh\Desktop\code\git_code\shAutomation\Prowell\cpp_versrion\Predictive_Graph\pybind_.h(1,1): warning C4828: The file contains a character starting at offset 0x4a that is illegal in the current source character set (codepage 65001).
  (compiling source file 'predictive_graph.cpp')
  
C:\Users\psh\Desktop\code\git_code\shAutomation\Prowell\cpp_versrion\Predictive_Graph\pybind_.h(1,1): warning C4828: The file contains a character starting at offset 0x4c that is illegal in the current source character set (codepage 65001).
  (compiling source file 'predictive_graph.cpp')
  
C:\Users\psh\Desktop\code\git_code\shAutomation\Prowell\cpp_versrion\Predictive_Graph\pybind_.h(1,1): warning C4828: The file contains a character starting at offset 0x4d that is illegal in the current source character set (codepage 65001).
  (compiling source file 'predictive_graph.cpp')
  
C:\Users\psh\Desktop\code\git_code\shAutomation\Prowell\cpp_versrion\Predictive_Graph\pybind_.h(1,1): warning C4828: The file contains a character starting at offset 0x4e that is illegal in the current source character set (codepage 65001).
  (compiling source file 'predictive_graph.cpp')
  
C:\Users\psh\Desktop\code\git_code\shAutomation\Prowell\cpp_versrion\Predictive_Graph\pybind_.h(1,1): warning C4828: The file contains a character starting at offset 0x51 that is illegal in the current source character set (codepage 65001).
  (compiling source file 'predictive_graph.cpp')
  
C:\Users\psh\Desktop\code\git_code\shAutomation\Prowell\cpp_versrion\Predictive_Graph\pybind_.h(1,1): warning C4828: The file contains a character starting at offset 0x53 that is illegal in the current source character set (codepage 65001).
  (compiling source file 'predictive_graph.cpp')
  
C:\Users\psh\Desktop\code\git_code\shAutomation\Prowell\cpp_versrion\Predictive_Graph\pybind_.h(1,1): warning C4828: The file contains a character starting at offset 0x54 that is illegal in the current source character set (codepage 65001).
  (compiling source file 'predictive_graph.cpp')
  
C:\Users\psh\Desktop\code\git_code\shAutomation\Prowell\cpp_versrion\Predictive_Graph\pybind_.h(1,1): warning C4828: The file contains a character starting at offset 0x58 that is illegal in the current source character set (codepage 65001).
  (compiling source file 'predictive_graph.cpp')
  
C:\Users\psh\Desktop\code\git_code\shAutomation\Prowell\cpp_versrion\Predictive_Graph\pybind_.h(1,1): warning C4828: The file contains a character starting at offset 0x59 that is illegal in the current source character set (codepage 65001).
  (compiling source file 'predictive_graph.cpp')
  
  Predictive_Graph.vcxproj -> C:\Users\psh\Desktop\code\git_code\shAutomation\Prowell\cpp_versrion\Predictive_Graph\x64\Debug\Predictive_Graph.exe
