   Qt/MSBuild: 3.3.1.1
   Qt: 6.8.1
  trackpadwidget.cpp
  predictive_graph.cpp
  main.cpp
C:\Users\admin\Desktop\code\git_code\shAutomation\Prowell\cpp_versrion\Predictive_Graph\main.cpp(1,1): warning C4828: The file contains a character starting at offset 0xce that is illegal in the current source character set (codepage 65001).
C:\Users\admin\Desktop\code\git_code\shAutomation\Prowell\cpp_versrion\Predictive_Graph\main.cpp(1,1): warning C4828: The file contains a character starting at offset 0xcf that is illegal in the current source character set (codepage 65001).
C:\Users\admin\Desktop\code\git_code\shAutomation\Prowell\cpp_versrion\Predictive_Graph\main.cpp(1,1): warning C4828: The file contains a character starting at offset 0xd1 that is illegal in the current source character set (codepage 65001).
C:\Users\admin\Desktop\code\git_code\shAutomation\Prowell\cpp_versrion\Predictive_Graph\main.cpp(1,1): warning C4828: The file contains a character starting at offset 0xd3 that is illegal in the current source character set (codepage 65001).
C:\Users\admin\Desktop\code\git_code\shAutomation\Prowell\cpp_versrion\Predictive_Graph\main.cpp(1,1): warning C4828: The file contains a character starting at offset 0xd4 that is illegal in the current source character set (codepage 65001).
C:\Users\admin\Desktop\code\git_code\shAutomation\Prowell\cpp_versrion\Predictive_Graph\main.cpp(1,1): warning C4828: The file contains a character starting at offset 0xd5 that is illegal in the current source character set (codepage 65001).
C:\Users\admin\Desktop\code\git_code\shAutomation\Prowell\cpp_versrion\Predictive_Graph\main.cpp(1,1): warning C4828: The file contains a character starting at offset 0xd6 that is illegal in the current source character set (codepage 65001).
C:\Users\admin\Desktop\code\git_code\shAutomation\Prowell\cpp_versrion\Predictive_Graph\main.cpp(1,1): warning C4828: The file contains a character starting at offset 0xd9 that is illegal in the current source character set (codepage 65001).
C:\Users\admin\Desktop\code\git_code\shAutomation\Prowell\cpp_versrion\Predictive_Graph\main.cpp(1,1): warning C4828: The file contains a character starting at offset 0xda that is illegal in the current source character set (codepage 65001).
C:\Users\admin\Desktop\code\git_code\shAutomation\Prowell\cpp_versrion\Predictive_Graph\main.cpp(1,1): warning C4828: The file contains a character starting at offset 0xdb that is illegal in the current source character set (codepage 65001).
C:\Users\admin\Desktop\code\git_code\shAutomation\Prowell\cpp_versrion\Predictive_Graph\main.cpp(1,1): warning C4828: The file contains a character starting at offset 0xdc that is illegal in the current source character set (codepage 65001).
C:\Users\admin\Desktop\code\git_code\shAutomation\Prowell\cpp_versrion\Predictive_Graph\main.cpp(1,1): warning C4828: The file contains a character starting at offset 0xde that is illegal in the current source character set (codepage 65001).
C:\Users\admin\Desktop\code\git_code\shAutomation\Prowell\cpp_versrion\Predictive_Graph\main.cpp(1,1): warning C4828: The file contains a character starting at offset 0xe0 that is illegal in the current source character set (codepage 65001).
C:\Users\admin\Desktop\code\git_code\shAutomation\Prowell\cpp_versrion\Predictive_Graph\main.cpp(1,1): warning C4828: The file contains a character starting at offset 0xe1 that is illegal in the current source character set (codepage 65001).
C:\Users\admin\Desktop\code\git_code\shAutomation\Prowell\cpp_versrion\Predictive_Graph\pybind_.h(1,1): warning C4828: The file contains a character starting at offset 0x44 that is illegal in the current source character set (codepage 65001).
  (compiling source file 'predictive_graph.cpp')
  
C:\Users\admin\Desktop\code\git_code\shAutomation\Prowell\cpp_versrion\Predictive_Graph\pybind_.h(1,1): warning C4828: The file contains a character starting at offset 0x45 that is illegal in the current source character set (codepage 65001).
  (compiling source file 'predictive_graph.cpp')
  
C:\Users\admin\Desktop\code\git_code\shAutomation\Prowell\cpp_versrion\Predictive_Graph\pybind_.h(1,1): warning C4828: The file contains a character starting at offset 0x46 that is illegal in the current source character set (codepage 65001).
  (compiling source file 'predictive_graph.cpp')
  
C:\Users\admin\Desktop\code\git_code\shAutomation\Prowell\cpp_versrion\Predictive_Graph\pybind_.h(1,1): warning C4828: The file contains a character starting at offset 0x48 that is illegal in the current source character set (codepage 65001).
  (compiling source file 'predictive_graph.cpp')
  
C:\Users\admin\Desktop\code\git_code\shAutomation\Prowell\cpp_versrion\Predictive_Graph\pybind_.h(1,1): warning C4828: The file contains a character starting at offset 0x49 that is illegal in the current source character set (codepage 65001).
  (compiling source file 'predictive_graph.cpp')
  
C:\Users\admin\Desktop\code\git_code\shAutomation\Prowell\cpp_versrion\Predictive_Graph\pybind_.h(1,1): warning C4828: The file contains a character starting at offset 0x4b that is illegal in the current source character set (codepage 65001).
  (compiling source file 'predictive_graph.cpp')
  
C:\Users\admin\Desktop\code\git_code\shAutomation\Prowell\cpp_versrion\Predictive_Graph\pybind_.h(1,1): warning C4828: The file contains a character starting at offset 0x4c that is illegal in the current source character set (codepage 65001).
  (compiling source file 'predictive_graph.cpp')
  
C:\Users\admin\Desktop\code\git_code\shAutomation\Prowell\cpp_versrion\Predictive_Graph\pybind_.h(1,1): warning C4828: The file contains a character starting at offset 0x4d that is illegal in the current source character set (codepage 65001).
  (compiling source file 'predictive_graph.cpp')
  
C:\Users\admin\Desktop\code\git_code\shAutomation\Prowell\cpp_versrion\Predictive_Graph\pybind_.h(1,1): warning C4828: The file contains a character starting at offset 0x50 that is illegal in the current source character set (codepage 65001).
  (compiling source file 'predictive_graph.cpp')
  
C:\Users\admin\Desktop\code\git_code\shAutomation\Prowell\cpp_versrion\Predictive_Graph\pybind_.h(1,1): warning C4828: The file contains a character starting at offset 0x52 that is illegal in the current source character set (codepage 65001).
  (compiling source file 'predictive_graph.cpp')
  
C:\Users\admin\Desktop\code\git_code\shAutomation\Prowell\cpp_versrion\Predictive_Graph\pybind_.h(1,1): warning C4828: The file contains a character starting at offset 0x53 that is illegal in the current source character set (codepage 65001).
  (compiling source file 'predictive_graph.cpp')
  
C:\Users\admin\Desktop\code\git_code\shAutomation\Prowell\cpp_versrion\Predictive_Graph\pybind_.h(1,1): warning C4828: The file contains a character starting at offset 0x57 that is illegal in the current source character set (codepage 65001).
  (compiling source file 'predictive_graph.cpp')
  
C:\Users\admin\Desktop\code\git_code\shAutomation\Prowell\cpp_versrion\Predictive_Graph\pybind_.h(1,1): warning C4828: The file contains a character starting at offset 0x58 that is illegal in the current source character set (codepage 65001).
  (compiling source file 'predictive_graph.cpp')
  
  moc_predictive_graph.cpp
  moc_trackpadwidget.cpp
  Generating code
  139 of 2403 functions ( 5.8%) were compiled, the rest were copied from previous compilation.
    56 functions were new in current compilation
    40 functions had inline decision re-evaluated but remain unchanged
  Finished generating code
  Predictive_Graph.vcxproj -> C:\Users\admin\Desktop\code\git_code\shAutomation\Prowell\cpp_versrion\Predictive_Graph\x64\Release\Predictive_Graph.exe
  'pwsh.exe'은(는) 내부 또는 외부 명령, 실행할 수 있는 프로그램, 또는
  배치 파일이 아닙니다.
