   Qt/MSBuild: 3.3.1.1
  Reading Qt configuration (C:/Qt/6.8.1/msvc2022_64/bin/qmake)
   Qt: 6.8.1
  moc_qt_modbus2.cpp
  moc_modbus_client.cpp
C:\Users\admin\Desktop\code\git_code\shAutomation\Prowell\cpp_versrion\qt_modbus2\modbus_client.h(1,1): warning C4828: The file contains a character starting at offset 0x94 that is illegal in the current source character set (codepage 65001).
  (compiling source file 'qt_modbus2/x64/Release/qt/moc/moc_modbus_client.cpp')
  
C:\Users\admin\Desktop\code\git_code\shAutomation\Prowell\cpp_versrion\qt_modbus2\modbus_client.h(1,1): warning C4828: The file contains a character starting at offset 0x95 that is illegal in the current source character set (codepage 65001).
  (compiling source file 'qt_modbus2/x64/Release/qt/moc/moc_modbus_client.cpp')
  
C:\Users\admin\Desktop\code\git_code\shAutomation\Prowell\cpp_versrion\qt_modbus2\modbus_client.h(1,1): warning C4828: The file contains a character starting at offset 0x97 that is illegal in the current source character set (codepage 65001).
  (compiling source file 'qt_modbus2/x64/Release/qt/moc/moc_modbus_client.cpp')
  
C:\Users\admin\Desktop\code\git_code\shAutomation\Prowell\cpp_versrion\qt_modbus2\modbus_client.h(1,1): warning C4828: The file contains a character starting at offset 0x99 that is illegal in the current source character set (codepage 65001).
  (compiling source file 'qt_modbus2/x64/Release/qt/moc/moc_modbus_client.cpp')
  
C:\Users\admin\Desktop\code\git_code\shAutomation\Prowell\cpp_versrion\qt_modbus2\modbus_client.h(1,1): warning C4828: The file contains a character starting at offset 0x9a that is illegal in the current source character set (codepage 65001).
  (compiling source file 'qt_modbus2/x64/Release/qt/moc/moc_modbus_client.cpp')
  
C:\Users\admin\Desktop\code\git_code\shAutomation\Prowell\cpp_versrion\qt_modbus2\modbus_client.h(1,1): warning C4828: The file contains a character starting at offset 0x9b that is illegal in the current source character set (codepage 65001).
  (compiling source file 'qt_modbus2/x64/Release/qt/moc/moc_modbus_client.cpp')
  
C:\Users\admin\Desktop\code\git_code\shAutomation\Prowell\cpp_versrion\qt_modbus2\modbus_client.h(1,1): warning C4828: The file contains a character starting at offset 0x9d that is illegal in the current source character set (codepage 65001).
  (compiling source file 'qt_modbus2/x64/Release/qt/moc/moc_modbus_client.cpp')
  
C:\Users\admin\Desktop\code\git_code\shAutomation\Prowell\cpp_versrion\qt_modbus2\modbus_client.h(1,1): warning C4828: The file contains a character starting at offset 0x9e that is illegal in the current source character set (codepage 65001).
  (compiling source file 'qt_modbus2/x64/Release/qt/moc/moc_modbus_client.cpp')
  
C:\Users\admin\Desktop\code\git_code\shAutomation\Prowell\cpp_versrion\qt_modbus2\modbus_client.h(1,1): warning C4828: The file contains a character starting at offset 0xa1 that is illegal in the current source character set (codepage 65001).
  (compiling source file 'qt_modbus2/x64/Release/qt/moc/moc_modbus_client.cpp')
  
C:\Users\admin\Desktop\code\git_code\shAutomation\Prowell\cpp_versrion\qt_modbus2\modbus_client.h(1,1): warning C4828: The file contains a character starting at offset 0xa2 that is illegal in the current source character set (codepage 65001).
  (compiling source file 'qt_modbus2/x64/Release/qt/moc/moc_modbus_client.cpp')
  
C:\Users\admin\Desktop\code\git_code\shAutomation\Prowell\cpp_versrion\qt_modbus2\modbus_client.h(1,1): warning C4828: The file contains a character starting at offset 0xa5 that is illegal in the current source character set (codepage 65001).
  (compiling source file 'qt_modbus2/x64/Release/qt/moc/moc_modbus_client.cpp')
  
C:\Users\admin\Desktop\code\git_code\shAutomation\Prowell\cpp_versrion\qt_modbus2\modbus_client.h(1,1): warning C4828: The file contains a character starting at offset 0xa6 that is illegal in the current source character set (codepage 65001).
  (compiling source file 'qt_modbus2/x64/Release/qt/moc/moc_modbus_client.cpp')
  
C:\Users\admin\Desktop\code\git_code\shAutomation\Prowell\cpp_versrion\qt_modbus2\modbus_client.h(1,1): warning C4828: The file contains a character starting at offset 0xa7 that is illegal in the current source character set (codepage 65001).
  (compiling source file 'qt_modbus2/x64/Release/qt/moc/moc_modbus_client.cpp')
  
C:\Users\admin\Desktop\code\git_code\shAutomation\Prowell\cpp_versrion\qt_modbus2\modbus_client.h(1,1): warning C4828: The file contains a character starting at offset 0xa8 that is illegal in the current source character set (codepage 65001).
  (compiling source file 'qt_modbus2/x64/Release/qt/moc/moc_modbus_client.cpp')
  
C:\Users\admin\Desktop\code\git_code\shAutomation\Prowell\cpp_versrion\qt_modbus2\modbus_client.h(1,1): warning C4828: The file contains a character starting at offset 0x25c that is illegal in the current source character set (codepage 65001).
  (compiling source file 'qt_modbus2/x64/Release/qt/moc/moc_modbus_client.cpp')
  
C:\Users\admin\Desktop\code\git_code\shAutomation\Prowell\cpp_versrion\qt_modbus2\modbus_client.h(1,1): warning C4828: The file contains a character starting at offset 0x25d that is illegal in the current source character set (codepage 65001).
  (compiling source file 'qt_modbus2/x64/Release/qt/moc/moc_modbus_client.cpp')
  
C:\Users\admin\Desktop\code\git_code\shAutomation\Prowell\cpp_versrion\qt_modbus2\modbus_client.h(1,1): warning C4828: The file contains a character starting at offset 0x25e that is illegal in the current source character set (codepage 65001).
  (compiling source file 'qt_modbus2/x64/Release/qt/moc/moc_modbus_client.cpp')
  
C:\Users\admin\Desktop\code\git_code\shAutomation\Prowell\cpp_versrion\qt_modbus2\modbus_client.h(1,1): warning C4828: The file contains a character starting at offset 0x25f that is illegal in the current source character set (codepage 65001).
  (compiling source file 'qt_modbus2/x64/Release/qt/moc/moc_modbus_client.cpp')
  
C:\Users\admin\Desktop\code\git_code\shAutomation\Prowell\cpp_versrion\qt_modbus2\modbus_client.h(1,1): warning C4828: The file contains a character starting at offset 0x263 that is illegal in the current source character set (codepage 65001).
  (compiling source file 'qt_modbus2/x64/Release/qt/moc/moc_modbus_client.cpp')
  
C:\Users\admin\Desktop\code\git_code\shAutomation\Prowell\cpp_versrion\qt_modbus2\modbus_client.h(1,1): warning C4828: The file contains a character starting at offset 0x265 that is illegal in the current source character set (codepage 65001).
  (compiling source file 'qt_modbus2/x64/Release/qt/moc/moc_modbus_client.cpp')
  
C:\Users\admin\Desktop\code\git_code\shAutomation\Prowell\cpp_versrion\qt_modbus2\modbus_client.h(1,1): warning C4828: The file contains a character starting at offset 0x266 that is illegal in the current source character set (codepage 65001).
  (compiling source file 'qt_modbus2/x64/Release/qt/moc/moc_modbus_client.cpp')
  
C:\Users\admin\Desktop\code\git_code\shAutomation\Prowell\cpp_versrion\qt_modbus2\modbus_client.h(1,1): warning C4828: The file contains a character starting at offset 0x267 that is illegal in the current source character set (codepage 65001).
  (compiling source file 'qt_modbus2/x64/Release/qt/moc/moc_modbus_client.cpp')
  
C:\Users\admin\Desktop\code\git_code\shAutomation\Prowell\cpp_versrion\qt_modbus2\modbus_client.h(1,1): warning C4828: The file contains a character starting at offset 0x268 that is illegal in the current source character set (codepage 65001).
  (compiling source file 'qt_modbus2/x64/Release/qt/moc/moc_modbus_client.cpp')
  
C:\Users\admin\Desktop\code\git_code\shAutomation\Prowell\cpp_versrion\qt_modbus2\modbus_client.h(1,1): warning C4828: The file contains a character starting at offset 0x269 that is illegal in the current source character set (codepage 65001).
  (compiling source file 'qt_modbus2/x64/Release/qt/moc/moc_modbus_client.cpp')
  
C:\Users\admin\Desktop\code\git_code\shAutomation\Prowell\cpp_versrion\qt_modbus2\modbus_client.h(1,1): warning C4828: The file contains a character starting at offset 0x26a that is illegal in the current source character set (codepage 65001).
  (compiling source file 'qt_modbus2/x64/Release/qt/moc/moc_modbus_client.cpp')
  
C:\Users\admin\Desktop\code\git_code\shAutomation\Prowell\cpp_versrion\qt_modbus2\modbus_client.h(1,1): warning C4828: The file contains a character starting at offset 0x26b that is illegal in the current source character set (codepage 65001).
  (compiling source file 'qt_modbus2/x64/Release/qt/moc/moc_modbus_client.cpp')
  
C:\Users\admin\Desktop\code\git_code\shAutomation\Prowell\cpp_versrion\qt_modbus2\modbus_client.h(1,1): warning C4828: The file contains a character starting at offset 0x26c that is illegal in the current source character set (codepage 65001).
  (compiling source file 'qt_modbus2/x64/Release/qt/moc/moc_modbus_client.cpp')
  
C:\Users\admin\Desktop\code\git_code\shAutomation\Prowell\cpp_versrion\qt_modbus2\modbus_client.h(1,1): warning C4828: The file contains a character starting at offset 0x26d that is illegal in the current source character set (codepage 65001).
  (compiling source file 'qt_modbus2/x64/Release/qt/moc/moc_modbus_client.cpp')
  
C:\Users\admin\Desktop\code\git_code\shAutomation\Prowell\cpp_versrion\qt_modbus2\modbus_client.h(1,1): warning C4828: The file contains a character starting at offset 0x26e that is illegal in the current source character set (codepage 65001).
  (compiling source file 'qt_modbus2/x64/Release/qt/moc/moc_modbus_client.cpp')
  
C:\Users\admin\Desktop\code\git_code\shAutomation\Prowell\cpp_versrion\qt_modbus2\modbus_client.h(1,1): warning C4828: The file contains a character starting at offset 0x270 that is illegal in the current source character set (codepage 65001).
  (compiling source file 'qt_modbus2/x64/Release/qt/moc/moc_modbus_client.cpp')
  
C:\Users\admin\Desktop\code\git_code\shAutomation\Prowell\cpp_versrion\qt_modbus2\modbus_client.h(1,1): warning C4828: The file contains a character starting at offset 0x271 that is illegal in the current source character set (codepage 65001).
  (compiling source file 'qt_modbus2/x64/Release/qt/moc/moc_modbus_client.cpp')
  
C:\Users\admin\Desktop\code\git_code\shAutomation\Prowell\cpp_versrion\qt_modbus2\modbus_client.h(1,1): warning C4828: The file contains a character starting at offset 0x275 that is illegal in the current source character set (codepage 65001).
  (compiling source file 'qt_modbus2/x64/Release/qt/moc/moc_modbus_client.cpp')
  
C:\Users\admin\Desktop\code\git_code\shAutomation\Prowell\cpp_versrion\qt_modbus2\modbus_client.h(1,1): warning C4828: The file contains a character starting at offset 0x277 that is illegal in the current source character set (codepage 65001).
  (compiling source file 'qt_modbus2/x64/Release/qt/moc/moc_modbus_client.cpp')
  
C:\Users\admin\Desktop\code\git_code\shAutomation\Prowell\cpp_versrion\qt_modbus2\modbus_client.h(1,1): warning C4828: The file contains a character starting at offset 0x279 that is illegal in the current source character set (codepage 65001).
  (compiling source file 'qt_modbus2/x64/Release/qt/moc/moc_modbus_client.cpp')
  
C:\Users\admin\Desktop\code\git_code\shAutomation\Prowell\cpp_versrion\qt_modbus2\modbus_client.h(1,1): warning C4828: The file contains a character starting at offset 0x27a that is illegal in the current source character set (codepage 65001).
  (compiling source file 'qt_modbus2/x64/Release/qt/moc/moc_modbus_client.cpp')
  
C:\Users\admin\Desktop\code\git_code\shAutomation\Prowell\cpp_versrion\qt_modbus2\modbus_client.h(1,1): warning C4828: The file contains a character starting at offset 0x27c that is illegal in the current source character set (codepage 65001).
  (compiling source file 'qt_modbus2/x64/Release/qt/moc/moc_modbus_client.cpp')
  
C:\Users\admin\Desktop\code\git_code\shAutomation\Prowell\cpp_versrion\qt_modbus2\modbus_client.h(1,1): warning C4828: The file contains a character starting at offset 0x27f that is illegal in the current source character set (codepage 65001).
  (compiling source file 'qt_modbus2/x64/Release/qt/moc/moc_modbus_client.cpp')
  
C:\Users\admin\Desktop\code\git_code\shAutomation\Prowell\cpp_versrion\qt_modbus2\modbus_client.h(1,1): warning C4828: The file contains a character starting at offset 0x280 that is illegal in the current source character set (codepage 65001).
  (compiling source file 'qt_modbus2/x64/Release/qt/moc/moc_modbus_client.cpp')
  
C:\Users\admin\Desktop\code\git_code\shAutomation\Prowell\cpp_versrion\qt_modbus2\modbus_client.h(1,1): warning C4828: The file contains a character starting at offset 0x282 that is illegal in the current source character set (codepage 65001).
  (compiling source file 'qt_modbus2/x64/Release/qt/moc/moc_modbus_client.cpp')
  
C:\Users\admin\Desktop\code\git_code\shAutomation\Prowell\cpp_versrion\qt_modbus2\modbus_client.h(1,1): warning C4828: The file contains a character starting at offset 0x283 that is illegal in the current source character set (codepage 65001).
  (compiling source file 'qt_modbus2/x64/Release/qt/moc/moc_modbus_client.cpp')
  
C:\Users\admin\Desktop\code\git_code\shAutomation\Prowell\cpp_versrion\qt_modbus2\modbus_client.h(1,1): warning C4828: The file contains a character starting at offset 0x285 that is illegal in the current source character set (codepage 65001).
  (compiling source file 'qt_modbus2/x64/Release/qt/moc/moc_modbus_client.cpp')
  
C:\Users\admin\Desktop\code\git_code\shAutomation\Prowell\cpp_versrion\qt_modbus2\modbus_client.h(1,1): warning C4828: The file contains a character starting at offset 0x286 that is illegal in the current source character set (codepage 65001).
  (compiling source file 'qt_modbus2/x64/Release/qt/moc/moc_modbus_client.cpp')
  
C:\Users\admin\Desktop\code\git_code\shAutomation\Prowell\cpp_versrion\qt_modbus2\modbus_client.h(1,1): warning C4828: The file contains a character starting at offset 0x288 that is illegal in the current source character set (codepage 65001).
  (compiling source file 'qt_modbus2/x64/Release/qt/moc/moc_modbus_client.cpp')
  
C:\Users\admin\Desktop\code\git_code\shAutomation\Prowell\cpp_versrion\qt_modbus2\modbus_client.h(1,1): warning C4828: The file contains a character starting at offset 0x2d2 that is illegal in the current source character set (codepage 65001).
  (compiling source file 'qt_modbus2/x64/Release/qt/moc/moc_modbus_client.cpp')
  
C:\Users\admin\Desktop\code\git_code\shAutomation\Prowell\cpp_versrion\qt_modbus2\modbus_client.h(1,1): warning C4828: The file contains a character starting at offset 0x2d3 that is illegal in the current source character set (codepage 65001).
  (compiling source file 'qt_modbus2/x64/Release/qt/moc/moc_modbus_client.cpp')
  
C:\Users\admin\Desktop\code\git_code\shAutomation\Prowell\cpp_versrion\qt_modbus2\modbus_client.h(1,1): warning C4828: The file contains a character starting at offset 0x2d4 that is illegal in the current source character set (codepage 65001).
  (compiling source file 'qt_modbus2/x64/Release/qt/moc/moc_modbus_client.cpp')
  
C:\Users\admin\Desktop\code\git_code\shAutomation\Prowell\cpp_versrion\qt_modbus2\modbus_client.h(1,1): warning C4828: The file contains a character starting at offset 0x2d5 that is illegal in the current source character set (codepage 65001).
  (compiling source file 'qt_modbus2/x64/Release/qt/moc/moc_modbus_client.cpp')
  
C:\Users\admin\Desktop\code\git_code\shAutomation\Prowell\cpp_versrion\qt_modbus2\modbus_client.h(1,1): warning C4828: The file contains a character starting at offset 0x2d7 that is illegal in the current source character set (codepage 65001).
  (compiling source file 'qt_modbus2/x64/Release/qt/moc/moc_modbus_client.cpp')
  
C:\Users\admin\Desktop\code\git_code\shAutomation\Prowell\cpp_versrion\qt_modbus2\modbus_client.h(1,1): warning C4828: The file contains a character starting at offset 0x2da that is illegal in the current source character set (codepage 65001).
  (compiling source file 'qt_modbus2/x64/Release/qt/moc/moc_modbus_client.cpp')
  
C:\Users\admin\Desktop\code\git_code\shAutomation\Prowell\cpp_versrion\qt_modbus2\modbus_client.h(1,1): warning C4828: The file contains a character starting at offset 0x2dc that is illegal in the current source character set (codepage 65001).
  (compiling source file 'qt_modbus2/x64/Release/qt/moc/moc_modbus_client.cpp')
  
C:\Users\admin\Desktop\code\git_code\shAutomation\Prowell\cpp_versrion\qt_modbus2\modbus_client.h(1,1): warning C4828: The file contains a character starting at offset 0x2dd that is illegal in the current source character set (codepage 65001).
  (compiling source file 'qt_modbus2/x64/Release/qt/moc/moc_modbus_client.cpp')
  
C:\Users\admin\Desktop\code\git_code\shAutomation\Prowell\cpp_versrion\qt_modbus2\modbus_client.h(1,1): warning C4828: The file contains a character starting at offset 0x2e1 that is illegal in the current source character set (codepage 65001).
  (compiling source file 'qt_modbus2/x64/Release/qt/moc/moc_modbus_client.cpp')
  
C:\Users\admin\Desktop\code\git_code\shAutomation\Prowell\cpp_versrion\qt_modbus2\modbus_client.h(1,1): warning C4828: The file contains a character starting at offset 0x2e2 that is illegal in the current source character set (codepage 65001).
  (compiling source file 'qt_modbus2/x64/Release/qt/moc/moc_modbus_client.cpp')
  
C:\Users\admin\Desktop\code\git_code\shAutomation\Prowell\cpp_versrion\qt_modbus2\modbus_client.h(1,1): warning C4828: The file contains a character starting at offset 0x312 that is illegal in the current source character set (codepage 65001).
  (compiling source file 'qt_modbus2/x64/Release/qt/moc/moc_modbus_client.cpp')
  
C:\Users\admin\Desktop\code\git_code\shAutomation\Prowell\cpp_versrion\qt_modbus2\modbus_client.h(1,1): warning C4828: The file contains a character starting at offset 0x313 that is illegal in the current source character set (codepage 65001).
  (compiling source file 'qt_modbus2/x64/Release/qt/moc/moc_modbus_client.cpp')
  
C:\Users\admin\Desktop\code\git_code\shAutomation\Prowell\cpp_versrion\qt_modbus2\modbus_client.h(1,1): warning C4828: The file contains a character starting at offset 0x315 that is illegal in the current source character set (codepage 65001).
  (compiling source file 'qt_modbus2/x64/Release/qt/moc/moc_modbus_client.cpp')
  
C:\Users\admin\Desktop\code\git_code\shAutomation\Prowell\cpp_versrion\qt_modbus2\modbus_client.h(1,1): warning C4828: The file contains a character starting at offset 0x316 that is illegal in the current source character set (codepage 65001).
  (compiling source file 'qt_modbus2/x64/Release/qt/moc/moc_modbus_client.cpp')
  
C:\Users\admin\Desktop\code\git_code\shAutomation\Prowell\cpp_versrion\qt_modbus2\modbus_client.h(1,1): warning C4828: The file contains a character starting at offset 0x317 that is illegal in the current source character set (codepage 65001).
  (compiling source file 'qt_modbus2/x64/Release/qt/moc/moc_modbus_client.cpp')
  
C:\Users\admin\Desktop\code\git_code\shAutomation\Prowell\cpp_versrion\qt_modbus2\modbus_client.h(1,1): warning C4828: The file contains a character starting at offset 0x318 that is illegal in the current source character set (codepage 65001).
  (compiling source file 'qt_modbus2/x64/Release/qt/moc/moc_modbus_client.cpp')
  
C:\Users\admin\Desktop\code\git_code\shAutomation\Prowell\cpp_versrion\qt_modbus2\modbus_client.h(1,1): warning C4828: The file contains a character starting at offset 0x319 that is illegal in the current source character set (codepage 65001).
  (compiling source file 'qt_modbus2/x64/Release/qt/moc/moc_modbus_client.cpp')
  
C:\Users\admin\Desktop\code\git_code\shAutomation\Prowell\cpp_versrion\qt_modbus2\modbus_client.h(1,1): warning C4828: The file contains a character starting at offset 0x31b that is illegal in the current source character set (codepage 65001).
  (compiling source file 'qt_modbus2/x64/Release/qt/moc/moc_modbus_client.cpp')
  
C:\Users\admin\Desktop\code\git_code\shAutomation\Prowell\cpp_versrion\qt_modbus2\modbus_client.h(1,1): warning C4828: The file contains a character starting at offset 0x31c that is illegal in the current source character set (codepage 65001).
  (compiling source file 'qt_modbus2/x64/Release/qt/moc/moc_modbus_client.cpp')
  
C:\Users\admin\Desktop\code\git_code\shAutomation\Prowell\cpp_versrion\qt_modbus2\modbus_client.h(1,1): warning C4828: The file contains a character starting at offset 0x31f that is illegal in the current source character set (codepage 65001).
  (compiling source file 'qt_modbus2/x64/Release/qt/moc/moc_modbus_client.cpp')
  
C:\Users\admin\Desktop\code\git_code\shAutomation\Prowell\cpp_versrion\qt_modbus2\modbus_client.h(1,1): warning C4828: The file contains a character starting at offset 0x320 that is illegal in the current source character set (codepage 65001).
  (compiling source file 'qt_modbus2/x64/Release/qt/moc/moc_modbus_client.cpp')
  
C:\Users\admin\Desktop\code\git_code\shAutomation\Prowell\cpp_versrion\qt_modbus2\modbus_client.h(1,1): warning C4828: The file contains a character starting at offset 0x32e that is illegal in the current source character set (codepage 65001).
  (compiling source file 'qt_modbus2/x64/Release/qt/moc/moc_modbus_client.cpp')
  
C:\Users\admin\Desktop\code\git_code\shAutomation\Prowell\cpp_versrion\qt_modbus2\modbus_client.h(1,1): warning C4828: The file contains a character starting at offset 0x330 that is illegal in the current source character set (codepage 65001).
  (compiling source file 'qt_modbus2/x64/Release/qt/moc/moc_modbus_client.cpp')
  
C:\Users\admin\Desktop\code\git_code\shAutomation\Prowell\cpp_versrion\qt_modbus2\modbus_client.h(1,1): warning C4828: The file contains a character starting at offset 0x331 that is illegal in the current source character set (codepage 65001).
  (compiling source file 'qt_modbus2/x64/Release/qt/moc/moc_modbus_client.cpp')
  
C:\Users\admin\Desktop\code\git_code\shAutomation\Prowell\cpp_versrion\qt_modbus2\modbus_server.h(1,1): warning C4828: The file contains a character starting at offset 0xcc that is illegal in the current source character set (codepage 65001).
  (compiling source file 'qt_modbus2/x64/Release/qt/moc/moc_qt_modbus2.cpp')
  
C:\Users\admin\Desktop\code\git_code\shAutomation\Prowell\cpp_versrion\qt_modbus2\modbus_server.h(1,1): warning C4828: The file contains a character starting at offset 0xcd that is illegal in the current source character set (codepage 65001).
  (compiling source file 'qt_modbus2/x64/Release/qt/moc/moc_qt_modbus2.cpp')
  
C:\Users\admin\Desktop\code\git_code\shAutomation\Prowell\cpp_versrion\qt_modbus2\modbus_server.h(1,1): warning C4828: The file contains a character starting at offset 0xce that is illegal in the current source character set (codepage 65001).
  (compiling source file 'qt_modbus2/x64/Release/qt/moc/moc_qt_modbus2.cpp')
  
C:\Users\admin\Desktop\code\git_code\shAutomation\Prowell\cpp_versrion\qt_modbus2\modbus_server.h(1,1): warning C4828: The file contains a character starting at offset 0xcf that is illegal in the current source character set (codepage 65001).
  (compiling source file 'qt_modbus2/x64/Release/qt/moc/moc_qt_modbus2.cpp')
  
C:\Users\admin\Desktop\code\git_code\shAutomation\Prowell\cpp_versrion\qt_modbus2\modbus_server.h(1,1): warning C4828: The file contains a character starting at offset 0xd2 that is illegal in the current source character set (codepage 65001).
  (compiling source file 'qt_modbus2/x64/Release/qt/moc/moc_qt_modbus2.cpp')
  
C:\Users\admin\Desktop\code\git_code\shAutomation\Prowell\cpp_versrion\qt_modbus2\modbus_server.h(1,1): warning C4828: The file contains a character starting at offset 0xd3 that is illegal in the current source character set (codepage 65001).
  (compiling source file 'qt_modbus2/x64/Release/qt/moc/moc_qt_modbus2.cpp')
  
C:\Users\admin\Desktop\code\git_code\shAutomation\Prowell\cpp_versrion\qt_modbus2\modbus_server.h(1,1): warning C4828: The file contains a character starting at offset 0xd4 that is illegal in the current source character set (codepage 65001).
  (compiling source file 'qt_modbus2/x64/Release/qt/moc/moc_qt_modbus2.cpp')
  
C:\Users\admin\Desktop\code\git_code\shAutomation\Prowell\cpp_versrion\qt_modbus2\modbus_server.h(1,1): warning C4828: The file contains a character starting at offset 0x23a that is illegal in the current source character set (codepage 65001).
  (compiling source file 'qt_modbus2/x64/Release/qt/moc/moc_qt_modbus2.cpp')
  
C:\Users\admin\Desktop\code\git_code\shAutomation\Prowell\cpp_versrion\qt_modbus2\modbus_server.h(1,1): warning C4828: The file contains a character starting at offset 0x23b that is illegal in the current source character set (codepage 65001).
  (compiling source file 'qt_modbus2/x64/Release/qt/moc/moc_qt_modbus2.cpp')
  
C:\Users\admin\Desktop\code\git_code\shAutomation\Prowell\cpp_versrion\qt_modbus2\modbus_server.h(1,1): warning C4828: The file contains a character starting at offset 0x23f that is illegal in the current source character set (codepage 65001).
  (compiling source file 'qt_modbus2/x64/Release/qt/moc/moc_qt_modbus2.cpp')
  
C:\Users\admin\Desktop\code\git_code\shAutomation\Prowell\cpp_versrion\qt_modbus2\modbus_server.h(1,1): warning C4828: The file contains a character starting at offset 0x241 that is illegal in the current source character set (codepage 65001).
  (compiling source file 'qt_modbus2/x64/Release/qt/moc/moc_qt_modbus2.cpp')
  
C:\Users\admin\Desktop\code\git_code\shAutomation\Prowell\cpp_versrion\qt_modbus2\modbus_server.h(1,1): warning C4828: The file contains a character starting at offset 0x242 that is illegal in the current source character set (codepage 65001).
  (compiling source file 'qt_modbus2/x64/Release/qt/moc/moc_qt_modbus2.cpp')
  
C:\Users\admin\Desktop\code\git_code\shAutomation\Prowell\cpp_versrion\qt_modbus2\modbus_client.h(1,1): warning C4828: The file contains a character starting at offset 0x94 that is illegal in the current source character set (codepage 65001).
  (compiling source file 'qt_modbus2/x64/Release/qt/moc/moc_qt_modbus2.cpp')
  
C:\Users\admin\Desktop\code\git_code\shAutomation\Prowell\cpp_versrion\qt_modbus2\modbus_client.h(1,1): warning C4828: The file contains a character starting at offset 0x95 that is illegal in the current source character set (codepage 65001).
  (compiling source file 'qt_modbus2/x64/Release/qt/moc/moc_qt_modbus2.cpp')
  
C:\Users\admin\Desktop\code\git_code\shAutomation\Prowell\cpp_versrion\qt_modbus2\modbus_client.h(1,1): warning C4828: The file contains a character starting at offset 0x97 that is illegal in the current source character set (codepage 65001).
  (compiling source file 'qt_modbus2/x64/Release/qt/moc/moc_qt_modbus2.cpp')
  
C:\Users\admin\Desktop\code\git_code\shAutomation\Prowell\cpp_versrion\qt_modbus2\modbus_client.h(1,1): warning C4828: The file contains a character starting at offset 0x99 that is illegal in the current source character set (codepage 65001).
  (compiling source file 'qt_modbus2/x64/Release/qt/moc/moc_qt_modbus2.cpp')
  
C:\Users\admin\Desktop\code\git_code\shAutomation\Prowell\cpp_versrion\qt_modbus2\modbus_client.h(1,1): warning C4828: The file contains a character starting at offset 0x9a that is illegal in the current source character set (codepage 65001).
  (compiling source file 'qt_modbus2/x64/Release/qt/moc/moc_qt_modbus2.cpp')
  
C:\Users\admin\Desktop\code\git_code\shAutomation\Prowell\cpp_versrion\qt_modbus2\modbus_client.h(1,1): warning C4828: The file contains a character starting at offset 0x9b that is illegal in the current source character set (codepage 65001).
  (compiling source file 'qt_modbus2/x64/Release/qt/moc/moc_qt_modbus2.cpp')
  
C:\Users\admin\Desktop\code\git_code\shAutomation\Prowell\cpp_versrion\qt_modbus2\modbus_client.h(1,1): warning C4828: The file contains a character starting at offset 0x9d that is illegal in the current source character set (codepage 65001).
  (compiling source file 'qt_modbus2/x64/Release/qt/moc/moc_qt_modbus2.cpp')
  
C:\Users\admin\Desktop\code\git_code\shAutomation\Prowell\cpp_versrion\qt_modbus2\modbus_client.h(1,1): warning C4828: The file contains a character starting at offset 0x9e that is illegal in the current source character set (codepage 65001).
  (compiling source file 'qt_modbus2/x64/Release/qt/moc/moc_qt_modbus2.cpp')
  
C:\Users\admin\Desktop\code\git_code\shAutomation\Prowell\cpp_versrion\qt_modbus2\modbus_client.h(1,1): warning C4828: The file contains a character starting at offset 0xa1 that is illegal in the current source character set (codepage 65001).
  (compiling source file 'qt_modbus2/x64/Release/qt/moc/moc_qt_modbus2.cpp')
  
C:\Users\admin\Desktop\code\git_code\shAutomation\Prowell\cpp_versrion\qt_modbus2\modbus_client.h(1,1): warning C4828: The file contains a character starting at offset 0xa2 that is illegal in the current source character set (codepage 65001).
  (compiling source file 'qt_modbus2/x64/Release/qt/moc/moc_qt_modbus2.cpp')
  
C:\Users\admin\Desktop\code\git_code\shAutomation\Prowell\cpp_versrion\qt_modbus2\modbus_client.h(1,1): warning C4828: The file contains a character starting at offset 0xa5 that is illegal in the current source character set (codepage 65001).
  (compiling source file 'qt_modbus2/x64/Release/qt/moc/moc_qt_modbus2.cpp')
  
C:\Users\admin\Desktop\code\git_code\shAutomation\Prowell\cpp_versrion\qt_modbus2\modbus_client.h(1,1): warning C4828: The file contains a character starting at offset 0xa6 that is illegal in the current source character set (codepage 65001).
  (compiling source file 'qt_modbus2/x64/Release/qt/moc/moc_qt_modbus2.cpp')
  
C:\Users\admin\Desktop\code\git_code\shAutomation\Prowell\cpp_versrion\qt_modbus2\modbus_client.h(1,1): warning C4828: The file contains a character starting at offset 0xa7 that is illegal in the current source character set (codepage 65001).
  (compiling source file 'qt_modbus2/x64/Release/qt/moc/moc_qt_modbus2.cpp')
  
C:\Users\admin\Desktop\code\git_code\shAutomation\Prowell\cpp_versrion\qt_modbus2\modbus_client.h(1,1): warning C4828: The file contains a character starting at offset 0xa8 that is illegal in the current source character set (codepage 65001).
  (compiling source file 'qt_modbus2/x64/Release/qt/moc/moc_qt_modbus2.cpp')
  
C:\Users\admin\Desktop\code\git_code\shAutomation\Prowell\cpp_versrion\qt_modbus2\modbus_client.h(1,1): warning C4828: The file contains a character starting at offset 0x25c that is illegal in the current source character set (codepage 65001).
  (compiling source file 'qt_modbus2/x64/Release/qt/moc/moc_qt_modbus2.cpp')
  
C:\Users\admin\Desktop\code\git_code\shAutomation\Prowell\cpp_versrion\qt_modbus2\modbus_client.h(1,1): warning C4828: The file contains a character starting at offset 0x25d that is illegal in the current source character set (codepage 65001).
  (compiling source file 'qt_modbus2/x64/Release/qt/moc/moc_qt_modbus2.cpp')
  
C:\Users\admin\Desktop\code\git_code\shAutomation\Prowell\cpp_versrion\qt_modbus2\modbus_client.h(1,1): warning C4828: The file contains a character starting at offset 0x25e that is illegal in the current source character set (codepage 65001).
  (compiling source file 'qt_modbus2/x64/Release/qt/moc/moc_qt_modbus2.cpp')
  
C:\Users\admin\Desktop\code\git_code\shAutomation\Prowell\cpp_versrion\qt_modbus2\modbus_client.h(1,1): warning C4828: The file contains a character starting at offset 0x25f that is illegal in the current source character set (codepage 65001).
  (compiling source file 'qt_modbus2/x64/Release/qt/moc/moc_qt_modbus2.cpp')
  
C:\Users\admin\Desktop\code\git_code\shAutomation\Prowell\cpp_versrion\qt_modbus2\modbus_client.h(1,1): warning C4828: The file contains a character starting at offset 0x263 that is illegal in the current source character set (codepage 65001).
  (compiling source file 'qt_modbus2/x64/Release/qt/moc/moc_qt_modbus2.cpp')
  
C:\Users\admin\Desktop\code\git_code\shAutomation\Prowell\cpp_versrion\qt_modbus2\modbus_client.h(1,1): warning C4828: The file contains a character starting at offset 0x265 that is illegal in the current source character set (codepage 65001).
  (compiling source file 'qt_modbus2/x64/Release/qt/moc/moc_qt_modbus2.cpp')
  
C:\Users\admin\Desktop\code\git_code\shAutomation\Prowell\cpp_versrion\qt_modbus2\modbus_client.h(1,1): warning C4828: The file contains a character starting at offset 0x266 that is illegal in the current source character set (codepage 65001).
  (compiling source file 'qt_modbus2/x64/Release/qt/moc/moc_qt_modbus2.cpp')
  
C:\Users\admin\Desktop\code\git_code\shAutomation\Prowell\cpp_versrion\qt_modbus2\modbus_client.h(1,1): warning C4828: The file contains a character starting at offset 0x267 that is illegal in the current source character set (codepage 65001).
  (compiling source file 'qt_modbus2/x64/Release/qt/moc/moc_qt_modbus2.cpp')
  
C:\Users\admin\Desktop\code\git_code\shAutomation\Prowell\cpp_versrion\qt_modbus2\modbus_client.h(1,1): warning C4828: The file contains a character starting at offset 0x268 that is illegal in the current source character set (codepage 65001).
  (compiling source file 'qt_modbus2/x64/Release/qt/moc/moc_qt_modbus2.cpp')
  
C:\Users\admin\Desktop\code\git_code\shAutomation\Prowell\cpp_versrion\qt_modbus2\modbus_client.h(1,1): warning C4828: The file contains a character starting at offset 0x269 that is illegal in the current source character set (codepage 65001).
  (compiling source file 'qt_modbus2/x64/Release/qt/moc/moc_qt_modbus2.cpp')
  
C:\Users\admin\Desktop\code\git_code\shAutomation\Prowell\cpp_versrion\qt_modbus2\modbus_client.h(1,1): warning C4828: The file contains a character starting at offset 0x26a that is illegal in the current source character set (codepage 65001).
  (compiling source file 'qt_modbus2/x64/Release/qt/moc/moc_qt_modbus2.cpp')
  
C:\Users\admin\Desktop\code\git_code\shAutomation\Prowell\cpp_versrion\qt_modbus2\modbus_client.h(1,1): warning C4828: The file contains a character starting at offset 0x26b that is illegal in the current source character set (codepage 65001).
  (compiling source file 'qt_modbus2/x64/Release/qt/moc/moc_qt_modbus2.cpp')
  
C:\Users\admin\Desktop\code\git_code\shAutomation\Prowell\cpp_versrion\qt_modbus2\modbus_client.h(1,1): warning C4828: The file contains a character starting at offset 0x26c that is illegal in the current source character set (codepage 65001).
  (compiling source file 'qt_modbus2/x64/Release/qt/moc/moc_qt_modbus2.cpp')
  
C:\Users\admin\Desktop\code\git_code\shAutomation\Prowell\cpp_versrion\qt_modbus2\modbus_client.h(1,1): warning C4828: The file contains a character starting at offset 0x26d that is illegal in the current source character set (codepage 65001).
  (compiling source file 'qt_modbus2/x64/Release/qt/moc/moc_qt_modbus2.cpp')
  
C:\Users\admin\Desktop\code\git_code\shAutomation\Prowell\cpp_versrion\qt_modbus2\modbus_client.h(1,1): warning C4828: The file contains a character starting at offset 0x26e that is illegal in the current source character set (codepage 65001).
  (compiling source file 'qt_modbus2/x64/Release/qt/moc/moc_qt_modbus2.cpp')
  
C:\Users\admin\Desktop\code\git_code\shAutomation\Prowell\cpp_versrion\qt_modbus2\modbus_client.h(1,1): warning C4828: The file contains a character starting at offset 0x270 that is illegal in the current source character set (codepage 65001).
  (compiling source file 'qt_modbus2/x64/Release/qt/moc/moc_qt_modbus2.cpp')
  
C:\Users\admin\Desktop\code\git_code\shAutomation\Prowell\cpp_versrion\qt_modbus2\modbus_client.h(1,1): warning C4828: The file contains a character starting at offset 0x271 that is illegal in the current source character set (codepage 65001).
  (compiling source file 'qt_modbus2/x64/Release/qt/moc/moc_qt_modbus2.cpp')
  
C:\Users\admin\Desktop\code\git_code\shAutomation\Prowell\cpp_versrion\qt_modbus2\modbus_client.h(1,1): warning C4828: The file contains a character starting at offset 0x275 that is illegal in the current source character set (codepage 65001).
  (compiling source file 'qt_modbus2/x64/Release/qt/moc/moc_qt_modbus2.cpp')
  
C:\Users\admin\Desktop\code\git_code\shAutomation\Prowell\cpp_versrion\qt_modbus2\modbus_client.h(1,1): warning C4828: The file contains a character starting at offset 0x277 that is illegal in the current source character set (codepage 65001).
  (compiling source file 'qt_modbus2/x64/Release/qt/moc/moc_qt_modbus2.cpp')
  
C:\Users\admin\Desktop\code\git_code\shAutomation\Prowell\cpp_versrion\qt_modbus2\modbus_client.h(1,1): warning C4828: The file contains a character starting at offset 0x279 that is illegal in the current source character set (codepage 65001).
  (compiling source file 'qt_modbus2/x64/Release/qt/moc/moc_qt_modbus2.cpp')
  
C:\Users\admin\Desktop\code\git_code\shAutomation\Prowell\cpp_versrion\qt_modbus2\modbus_client.h(1,1): warning C4828: The file contains a character starting at offset 0x27a that is illegal in the current source character set (codepage 65001).
  (compiling source file 'qt_modbus2/x64/Release/qt/moc/moc_qt_modbus2.cpp')
  
C:\Users\admin\Desktop\code\git_code\shAutomation\Prowell\cpp_versrion\qt_modbus2\modbus_client.h(1,1): warning C4828: The file contains a character starting at offset 0x27c that is illegal in the current source character set (codepage 65001).
  (compiling source file 'qt_modbus2/x64/Release/qt/moc/moc_qt_modbus2.cpp')
  
C:\Users\admin\Desktop\code\git_code\shAutomation\Prowell\cpp_versrion\qt_modbus2\modbus_client.h(1,1): warning C4828: The file contains a character starting at offset 0x27f that is illegal in the current source character set (codepage 65001).
  (compiling source file 'qt_modbus2/x64/Release/qt/moc/moc_qt_modbus2.cpp')
  
C:\Users\admin\Desktop\code\git_code\shAutomation\Prowell\cpp_versrion\qt_modbus2\modbus_client.h(1,1): warning C4828: The file contains a character starting at offset 0x280 that is illegal in the current source character set (codepage 65001).
  (compiling source file 'qt_modbus2/x64/Release/qt/moc/moc_qt_modbus2.cpp')
  
C:\Users\admin\Desktop\code\git_code\shAutomation\Prowell\cpp_versrion\qt_modbus2\modbus_client.h(1,1): warning C4828: The file contains a character starting at offset 0x282 that is illegal in the current source character set (codepage 65001).
  (compiling source file 'qt_modbus2/x64/Release/qt/moc/moc_qt_modbus2.cpp')
  
C:\Users\admin\Desktop\code\git_code\shAutomation\Prowell\cpp_versrion\qt_modbus2\modbus_client.h(1,1): warning C4828: The file contains a character starting at offset 0x283 that is illegal in the current source character set (codepage 65001).
  (compiling source file 'qt_modbus2/x64/Release/qt/moc/moc_qt_modbus2.cpp')
  
C:\Users\admin\Desktop\code\git_code\shAutomation\Prowell\cpp_versrion\qt_modbus2\modbus_client.h(1,1): warning C4828: The file contains a character starting at offset 0x285 that is illegal in the current source character set (codepage 65001).
  (compiling source file 'qt_modbus2/x64/Release/qt/moc/moc_qt_modbus2.cpp')
  
C:\Users\admin\Desktop\code\git_code\shAutomation\Prowell\cpp_versrion\qt_modbus2\modbus_client.h(1,1): warning C4828: The file contains a character starting at offset 0x286 that is illegal in the current source character set (codepage 65001).
  (compiling source file 'qt_modbus2/x64/Release/qt/moc/moc_qt_modbus2.cpp')
  
C:\Users\admin\Desktop\code\git_code\shAutomation\Prowell\cpp_versrion\qt_modbus2\modbus_client.h(1,1): warning C4828: The file contains a character starting at offset 0x288 that is illegal in the current source character set (codepage 65001).
  (compiling source file 'qt_modbus2/x64/Release/qt/moc/moc_qt_modbus2.cpp')
  
C:\Users\admin\Desktop\code\git_code\shAutomation\Prowell\cpp_versrion\qt_modbus2\modbus_client.h(1,1): warning C4828: The file contains a character starting at offset 0x2d2 that is illegal in the current source character set (codepage 65001).
  (compiling source file 'qt_modbus2/x64/Release/qt/moc/moc_qt_modbus2.cpp')
  
C:\Users\admin\Desktop\code\git_code\shAutomation\Prowell\cpp_versrion\qt_modbus2\modbus_client.h(1,1): warning C4828: The file contains a character starting at offset 0x2d3 that is illegal in the current source character set (codepage 65001).
  (compiling source file 'qt_modbus2/x64/Release/qt/moc/moc_qt_modbus2.cpp')
  
C:\Users\admin\Desktop\code\git_code\shAutomation\Prowell\cpp_versrion\qt_modbus2\modbus_client.h(1,1): warning C4828: The file contains a character starting at offset 0x2d4 that is illegal in the current source character set (codepage 65001).
  (compiling source file 'qt_modbus2/x64/Release/qt/moc/moc_qt_modbus2.cpp')
  
C:\Users\admin\Desktop\code\git_code\shAutomation\Prowell\cpp_versrion\qt_modbus2\modbus_client.h(1,1): warning C4828: The file contains a character starting at offset 0x2d5 that is illegal in the current source character set (codepage 65001).
  (compiling source file 'qt_modbus2/x64/Release/qt/moc/moc_qt_modbus2.cpp')
  
C:\Users\admin\Desktop\code\git_code\shAutomation\Prowell\cpp_versrion\qt_modbus2\modbus_client.h(1,1): warning C4828: The file contains a character starting at offset 0x2d7 that is illegal in the current source character set (codepage 65001).
  (compiling source file 'qt_modbus2/x64/Release/qt/moc/moc_qt_modbus2.cpp')
  
C:\Users\admin\Desktop\code\git_code\shAutomation\Prowell\cpp_versrion\qt_modbus2\modbus_client.h(1,1): warning C4828: The file contains a character starting at offset 0x2da that is illegal in the current source character set (codepage 65001).
  (compiling source file 'qt_modbus2/x64/Release/qt/moc/moc_qt_modbus2.cpp')
  
C:\Users\admin\Desktop\code\git_code\shAutomation\Prowell\cpp_versrion\qt_modbus2\modbus_client.h(1,1): warning C4828: The file contains a character starting at offset 0x2dc that is illegal in the current source character set (codepage 65001).
  (compiling source file 'qt_modbus2/x64/Release/qt/moc/moc_qt_modbus2.cpp')
  
C:\Users\admin\Desktop\code\git_code\shAutomation\Prowell\cpp_versrion\qt_modbus2\modbus_client.h(1,1): warning C4828: The file contains a character starting at offset 0x2dd that is illegal in the current source character set (codepage 65001).
  (compiling source file 'qt_modbus2/x64/Release/qt/moc/moc_qt_modbus2.cpp')
  
C:\Users\admin\Desktop\code\git_code\shAutomation\Prowell\cpp_versrion\qt_modbus2\modbus_client.h(1,1): warning C4828: The file contains a character starting at offset 0x2e1 that is illegal in the current source character set (codepage 65001).
  (compiling source file 'qt_modbus2/x64/Release/qt/moc/moc_qt_modbus2.cpp')
  
C:\Users\admin\Desktop\code\git_code\shAutomation\Prowell\cpp_versrion\qt_modbus2\modbus_client.h(1,1): warning C4828: The file contains a character starting at offset 0x2e2 that is illegal in the current source character set (codepage 65001).
  (compiling source file 'qt_modbus2/x64/Release/qt/moc/moc_qt_modbus2.cpp')
  
C:\Users\admin\Desktop\code\git_code\shAutomation\Prowell\cpp_versrion\qt_modbus2\modbus_client.h(1,1): warning C4828: The file contains a character starting at offset 0x312 that is illegal in the current source character set (codepage 65001).
  (compiling source file 'qt_modbus2/x64/Release/qt/moc/moc_qt_modbus2.cpp')
  
C:\Users\admin\Desktop\code\git_code\shAutomation\Prowell\cpp_versrion\qt_modbus2\modbus_client.h(1,1): warning C4828: The file contains a character starting at offset 0x313 that is illegal in the current source character set (codepage 65001).
  (compiling source file 'qt_modbus2/x64/Release/qt/moc/moc_qt_modbus2.cpp')
  
C:\Users\admin\Desktop\code\git_code\shAutomation\Prowell\cpp_versrion\qt_modbus2\modbus_client.h(1,1): warning C4828: The file contains a character starting at offset 0x315 that is illegal in the current source character set (codepage 65001).
  (compiling source file 'qt_modbus2/x64/Release/qt/moc/moc_qt_modbus2.cpp')
  
C:\Users\admin\Desktop\code\git_code\shAutomation\Prowell\cpp_versrion\qt_modbus2\modbus_client.h(1,1): warning C4828: The file contains a character starting at offset 0x316 that is illegal in the current source character set (codepage 65001).
  (compiling source file 'qt_modbus2/x64/Release/qt/moc/moc_qt_modbus2.cpp')
  
C:\Users\admin\Desktop\code\git_code\shAutomation\Prowell\cpp_versrion\qt_modbus2\modbus_client.h(1,1): warning C4828: The file contains a character starting at offset 0x317 that is illegal in the current source character set (codepage 65001).
  (compiling source file 'qt_modbus2/x64/Release/qt/moc/moc_qt_modbus2.cpp')
  
C:\Users\admin\Desktop\code\git_code\shAutomation\Prowell\cpp_versrion\qt_modbus2\modbus_client.h(1,1): warning C4828: The file contains a character starting at offset 0x318 that is illegal in the current source character set (codepage 65001).
  (compiling source file 'qt_modbus2/x64/Release/qt/moc/moc_qt_modbus2.cpp')
  
C:\Users\admin\Desktop\code\git_code\shAutomation\Prowell\cpp_versrion\qt_modbus2\modbus_client.h(1,1): warning C4828: The file contains a character starting at offset 0x319 that is illegal in the current source character set (codepage 65001).
  (compiling source file 'qt_modbus2/x64/Release/qt/moc/moc_qt_modbus2.cpp')
  
C:\Users\admin\Desktop\code\git_code\shAutomation\Prowell\cpp_versrion\qt_modbus2\modbus_client.h(1,1): warning C4828: The file contains a character starting at offset 0x31b that is illegal in the current source character set (codepage 65001).
  (compiling source file 'qt_modbus2/x64/Release/qt/moc/moc_qt_modbus2.cpp')
  
C:\Users\admin\Desktop\code\git_code\shAutomation\Prowell\cpp_versrion\qt_modbus2\modbus_client.h(1,1): warning C4828: The file contains a character starting at offset 0x31c that is illegal in the current source character set (codepage 65001).
  (compiling source file 'qt_modbus2/x64/Release/qt/moc/moc_qt_modbus2.cpp')
  
C:\Users\admin\Desktop\code\git_code\shAutomation\Prowell\cpp_versrion\qt_modbus2\modbus_client.h(1,1): warning C4828: The file contains a character starting at offset 0x31f that is illegal in the current source character set (codepage 65001).
  (compiling source file 'qt_modbus2/x64/Release/qt/moc/moc_qt_modbus2.cpp')
  
C:\Users\admin\Desktop\code\git_code\shAutomation\Prowell\cpp_versrion\qt_modbus2\modbus_client.h(1,1): warning C4828: The file contains a character starting at offset 0x320 that is illegal in the current source character set (codepage 65001).
  (compiling source file 'qt_modbus2/x64/Release/qt/moc/moc_qt_modbus2.cpp')
  
C:\Users\admin\Desktop\code\git_code\shAutomation\Prowell\cpp_versrion\qt_modbus2\modbus_client.h(1,1): warning C4828: The file contains a character starting at offset 0x32e that is illegal in the current source character set (codepage 65001).
  (compiling source file 'qt_modbus2/x64/Release/qt/moc/moc_qt_modbus2.cpp')
  
C:\Users\admin\Desktop\code\git_code\shAutomation\Prowell\cpp_versrion\qt_modbus2\modbus_client.h(1,1): warning C4828: The file contains a character starting at offset 0x330 that is illegal in the current source character set (codepage 65001).
  (compiling source file 'qt_modbus2/x64/Release/qt/moc/moc_qt_modbus2.cpp')
  
C:\Users\admin\Desktop\code\git_code\shAutomation\Prowell\cpp_versrion\qt_modbus2\modbus_client.h(1,1): warning C4828: The file contains a character starting at offset 0x331 that is illegal in the current source character set (codepage 65001).
  (compiling source file 'qt_modbus2/x64/Release/qt/moc/moc_qt_modbus2.cpp')
  
  Generating code
  319 of 1034 functions (30.9%) were compiled, the rest were copied from previous compilation.
    71 functions were new in current compilation
    120 functions had inline decision re-evaluated but remain unchanged
  Finished generating code
  qt_modbus2.vcxproj -> C:\Users\admin\Desktop\code\git_code\shAutomation\Prowell\cpp_versrion\qt_modbus2\x64\Release\qt_modbus2.exe
  'pwsh.exe'은(는) 내부 또는 외부 명령, 실행할 수 있는 프로그램, 또는
  배치 파일이 아닙니다.
