   Qt/MSBuild: 3.3.1.1
   Qt: 6.8.1
  dynamicsplinewidget.cpp
C:\Users\admin\Desktop\code\git_code\shAutomation\Prowell\cpp_versrion\qt_graph2\dynamicsplinewidget.cpp(1,1): warning C4828: The file contains a character starting at offset 0x248 that is illegal in the current source character set (codepage 65001).
C:\Users\admin\Desktop\code\git_code\shAutomation\Prowell\cpp_versrion\qt_graph2\dynamicsplinewidget.cpp(1,1): warning C4828: The file contains a character starting at offset 0x24a that is illegal in the current source character set (codepage 65001).
C:\Users\admin\Desktop\code\git_code\shAutomation\Prowell\cpp_versrion\qt_graph2\dynamicsplinewidget.cpp(1,1): warning C4828: The file contains a character starting at offset 0x24b that is illegal in the current source character set (codepage 65001).
C:\Users\admin\Desktop\code\git_code\shAutomation\Prowell\cpp_versrion\qt_graph2\dynamicsplinewidget.cpp(1,1): warning C4828: The file contains a character starting at offset 0x24e that is illegal in the current source character set (codepage 65001).
C:\Users\admin\Desktop\code\git_code\shAutomation\Prowell\cpp_versrion\qt_graph2\dynamicsplinewidget.cpp(1,1): warning C4828: The file contains a character starting at offset 0x251 that is illegal in the current source character set (codepage 65001).
C:\Users\admin\Desktop\code\git_code\shAutomation\Prowell\cpp_versrion\qt_graph2\dynamicsplinewidget.cpp(1,1): warning C4828: The file contains a character starting at offset 0x252 that is illegal in the current source character set (codepage 65001).
C:\Users\admin\Desktop\code\git_code\shAutomation\Prowell\cpp_versrion\qt_graph2\dynamicsplinewidget.cpp(1,1): warning C4828: The file contains a character starting at offset 0x256 that is illegal in the current source character set (codepage 65001).
C:\Users\admin\Desktop\code\git_code\shAutomation\Prowell\cpp_versrion\qt_graph2\dynamicsplinewidget.cpp(1,1): warning C4828: The file contains a character starting at offset 0x258 that is illegal in the current source character set (codepage 65001).
C:\Users\admin\Desktop\code\git_code\shAutomation\Prowell\cpp_versrion\qt_graph2\dynamicsplinewidget.cpp(1,1): warning C4828: The file contains a character starting at offset 0x259 that is illegal in the current source character set (codepage 65001).
C:\Users\admin\Desktop\code\git_code\shAutomation\Prowell\cpp_versrion\qt_graph2\dynamicsplinewidget.cpp(1,1): warning C4828: The file contains a character starting at offset 0x2aa that is illegal in the current source character set (codepage 65001).
C:\Users\admin\Desktop\code\git_code\shAutomation\Prowell\cpp_versrion\qt_graph2\dynamicsplinewidget.cpp(1,1): warning C4828: The file contains a character starting at offset 0x2ad that is illegal in the current source character set (codepage 65001).
C:\Users\admin\Desktop\code\git_code\shAutomation\Prowell\cpp_versrion\qt_graph2\dynamicsplinewidget.cpp(1,1): warning C4828: The file contains a character starting at offset 0x2af that is illegal in the current source character set (codepage 65001).
C:\Users\admin\Desktop\code\git_code\shAutomation\Prowell\cpp_versrion\qt_graph2\dynamicsplinewidget.cpp(1,1): warning C4828: The file contains a character starting at offset 0x2b0 that is illegal in the current source character set (codepage 65001).
C:\Users\admin\Desktop\code\git_code\shAutomation\Prowell\cpp_versrion\qt_graph2\dynamicsplinewidget.cpp(1,1): warning C4828: The file contains a character starting at offset 0x2b1 that is illegal in the current source character set (codepage 65001).
C:\Users\admin\Desktop\code\git_code\shAutomation\Prowell\cpp_versrion\qt_graph2\dynamicsplinewidget.cpp(1,1): warning C4828: The file contains a character starting at offset 0x2b2 that is illegal in the current source character set (codepage 65001).
C:\Users\admin\Desktop\code\git_code\shAutomation\Prowell\cpp_versrion\qt_graph2\dynamicsplinewidget.cpp(1,1): warning C4828: The file contains a character starting at offset 0x348 that is illegal in the current source character set (codepage 65001).
C:\Users\admin\Desktop\code\git_code\shAutomation\Prowell\cpp_versrion\qt_graph2\dynamicsplinewidget.cpp(1,1): warning C4828: The file contains a character starting at offset 0x349 that is illegal in the current source character set (codepage 65001).
C:\Users\admin\Desktop\code\git_code\shAutomation\Prowell\cpp_versrion\qt_graph2\dynamicsplinewidget.cpp(1,1): warning C4828: The file contains a character starting at offset 0x34a that is illegal in the current source character set (codepage 65001).
C:\Users\admin\Desktop\code\git_code\shAutomation\Prowell\cpp_versrion\qt_graph2\dynamicsplinewidget.cpp(1,1): warning C4828: The file contains a character starting at offset 0x34b that is illegal in the current source character set (codepage 65001).
C:\Users\admin\Desktop\code\git_code\shAutomation\Prowell\cpp_versrion\qt_graph2\dynamicsplinewidget.cpp(1,1): warning C4828: The file contains a character starting at offset 0x3c8 that is illegal in the current source character set (codepage 65001).
C:\Users\admin\Desktop\code\git_code\shAutomation\Prowell\cpp_versrion\qt_graph2\dynamicsplinewidget.cpp(1,1): warning C4828: The file contains a character starting at offset 0x3ca that is illegal in the current source character set (codepage 65001).
C:\Users\admin\Desktop\code\git_code\shAutomation\Prowell\cpp_versrion\qt_graph2\dynamicsplinewidget.cpp(1,1): warning C4828: The file contains a character starting at offset 0x3cb that is illegal in the current source character set (codepage 65001).
C:\Users\admin\Desktop\code\git_code\shAutomation\Prowell\cpp_versrion\qt_graph2\dynamicsplinewidget.cpp(1,1): warning C4828: The file contains a character starting at offset 0x3ce that is illegal in the current source character set (codepage 65001).
C:\Users\admin\Desktop\code\git_code\shAutomation\Prowell\cpp_versrion\qt_graph2\dynamicsplinewidget.cpp(1,1): warning C4828: The file contains a character starting at offset 0x3cf that is illegal in the current source character set (codepage 65001).
C:\Users\admin\Desktop\code\git_code\shAutomation\Prowell\cpp_versrion\qt_graph2\dynamicsplinewidget.cpp(1,1): warning C4828: The file contains a character starting at offset 0x3d0 that is illegal in the current source character set (codepage 65001).
C:\Users\admin\Desktop\code\git_code\shAutomation\Prowell\cpp_versrion\qt_graph2\dynamicsplinewidget.cpp(1,1): warning C4828: The file contains a character starting at offset 0x3d2 that is illegal in the current source character set (codepage 65001).
C:\Users\admin\Desktop\code\git_code\shAutomation\Prowell\cpp_versrion\qt_graph2\dynamicsplinewidget.cpp(1,1): warning C4828: The file contains a character starting at offset 0x3d4 that is illegal in the current source character set (codepage 65001).
C:\Users\admin\Desktop\code\git_code\shAutomation\Prowell\cpp_versrion\qt_graph2\dynamicsplinewidget.cpp(1,1): warning C4828: The file contains a character starting at offset 0x3d6 that is illegal in the current source character set (codepage 65001).
C:\Users\admin\Desktop\code\git_code\shAutomation\Prowell\cpp_versrion\qt_graph2\dynamicsplinewidget.cpp(1,1): warning C4828: The file contains a character starting at offset 0x3d7 that is illegal in the current source character set (codepage 65001).
C:\Users\admin\Desktop\code\git_code\shAutomation\Prowell\cpp_versrion\qt_graph2\dynamicsplinewidget.cpp(1,1): warning C4828: The file contains a character starting at offset 0x3d9 that is illegal in the current source character set (codepage 65001).
C:\Users\admin\Desktop\code\git_code\shAutomation\Prowell\cpp_versrion\qt_graph2\dynamicsplinewidget.cpp(1,1): warning C4828: The file contains a character starting at offset 0x3db that is illegal in the current source character set (codepage 65001).
C:\Users\admin\Desktop\code\git_code\shAutomation\Prowell\cpp_versrion\qt_graph2\dynamicsplinewidget.cpp(1,1): warning C4828: The file contains a character starting at offset 0x3dd that is illegal in the current source character set (codepage 65001).
C:\Users\admin\Desktop\code\git_code\shAutomation\Prowell\cpp_versrion\qt_graph2\dynamicsplinewidget.cpp(1,1): warning C4828: The file contains a character starting at offset 0x3de that is illegal in the current source character set (codepage 65001).
C:\Users\admin\Desktop\code\git_code\shAutomation\Prowell\cpp_versrion\qt_graph2\dynamicsplinewidget.cpp(1,1): warning C4828: The file contains a character starting at offset 0x3ea that is illegal in the current source character set (codepage 65001).
C:\Users\admin\Desktop\code\git_code\shAutomation\Prowell\cpp_versrion\qt_graph2\dynamicsplinewidget.cpp(1,1): warning C4828: The file contains a character starting at offset 0x3eb that is illegal in the current source character set (codepage 65001).
C:\Users\admin\Desktop\code\git_code\shAutomation\Prowell\cpp_versrion\qt_graph2\dynamicsplinewidget.cpp(1,1): warning C4828: The file contains a character starting at offset 0x3ed that is illegal in the current source character set (codepage 65001).
C:\Users\admin\Desktop\code\git_code\shAutomation\Prowell\cpp_versrion\qt_graph2\dynamicsplinewidget.cpp(1,1): warning C4828: The file contains a character starting at offset 0x3f0 that is illegal in the current source character set (codepage 65001).
C:\Users\admin\Desktop\code\git_code\shAutomation\Prowell\cpp_versrion\qt_graph2\dynamicsplinewidget.cpp(1,1): warning C4828: The file contains a character starting at offset 0x3f1 that is illegal in the current source character set (codepage 65001).
C:\Users\admin\Desktop\code\git_code\shAutomation\Prowell\cpp_versrion\qt_graph2\dynamicsplinewidget.cpp(1,1): warning C4828: The file contains a character starting at offset 0x3f4 that is illegal in the current source character set (codepage 65001).
C:\Users\admin\Desktop\code\git_code\shAutomation\Prowell\cpp_versrion\qt_graph2\dynamicsplinewidget.cpp(1,1): warning C4828: The file contains a character starting at offset 0x3f5 that is illegal in the current source character set (codepage 65001).
C:\Users\admin\Desktop\code\git_code\shAutomation\Prowell\cpp_versrion\qt_graph2\dynamicsplinewidget.cpp(1,1): warning C4828: The file contains a character starting at offset 0x3f7 that is illegal in the current source character set (codepage 65001).
C:\Users\admin\Desktop\code\git_code\shAutomation\Prowell\cpp_versrion\qt_graph2\dynamicsplinewidget.cpp(1,1): warning C4828: The file contains a character starting at offset 0x3f8 that is illegal in the current source character set (codepage 65001).
C:\Users\admin\Desktop\code\git_code\shAutomation\Prowell\cpp_versrion\qt_graph2\dynamicsplinewidget.cpp(1,1): warning C4828: The file contains a character starting at offset 0x3f9 that is illegal in the current source character set (codepage 65001).
C:\Users\admin\Desktop\code\git_code\shAutomation\Prowell\cpp_versrion\qt_graph2\dynamicsplinewidget.cpp(1,1): warning C4828: The file contains a character starting at offset 0x3fb that is illegal in the current source character set (codepage 65001).
C:\Users\admin\Desktop\code\git_code\shAutomation\Prowell\cpp_versrion\qt_graph2\dynamicsplinewidget.cpp(1,1): warning C4828: The file contains a character starting at offset 0x3fc that is illegal in the current source character set (codepage 65001).
C:\Users\admin\Desktop\code\git_code\shAutomation\Prowell\cpp_versrion\qt_graph2\dynamicsplinewidget.cpp(1,1): warning C4828: The file contains a character starting at offset 0x431 that is illegal in the current source character set (codepage 65001).
C:\Users\admin\Desktop\code\git_code\shAutomation\Prowell\cpp_versrion\qt_graph2\dynamicsplinewidget.cpp(1,1): warning C4828: The file contains a character starting at offset 0x432 that is illegal in the current source character set (codepage 65001).
C:\Users\admin\Desktop\code\git_code\shAutomation\Prowell\cpp_versrion\qt_graph2\dynamicsplinewidget.cpp(1,1): warning C4828: The file contains a character starting at offset 0x434 that is illegal in the current source character set (codepage 65001).
C:\Users\admin\Desktop\code\git_code\shAutomation\Prowell\cpp_versrion\qt_graph2\dynamicsplinewidget.cpp(1,1): warning C4828: The file contains a character starting at offset 0x436 that is illegal in the current source character set (codepage 65001).
C:\Users\admin\Desktop\code\git_code\shAutomation\Prowell\cpp_versrion\qt_graph2\dynamicsplinewidget.cpp(1,1): warning C4828: The file contains a character starting at offset 0x437 that is illegal in the current source character set (codepage 65001).
C:\Users\admin\Desktop\code\git_code\shAutomation\Prowell\cpp_versrion\qt_graph2\dynamicsplinewidget.cpp(1,1): warning C4828: The file contains a character starting at offset 0x43c that is illegal in the current source character set (codepage 65001).
C:\Users\admin\Desktop\code\git_code\shAutomation\Prowell\cpp_versrion\qt_graph2\dynamicsplinewidget.cpp(1,1): warning C4828: The file contains a character starting at offset 0x43d that is illegal in the current source character set (codepage 65001).
C:\Users\admin\Desktop\code\git_code\shAutomation\Prowell\cpp_versrion\qt_graph2\dynamicsplinewidget.cpp(1,1): warning C4828: The file contains a character starting at offset 0x43e that is illegal in the current source character set (codepage 65001).
C:\Users\admin\Desktop\code\git_code\shAutomation\Prowell\cpp_versrion\qt_graph2\dynamicsplinewidget.cpp(1,1): warning C4828: The file contains a character starting at offset 0x43f that is illegal in the current source character set (codepage 65001).
C:\Users\admin\Desktop\code\git_code\shAutomation\Prowell\cpp_versrion\qt_graph2\dynamicsplinewidget.cpp(1,1): warning C4828: The file contains a character starting at offset 0x440 that is illegal in the current source character set (codepage 65001).
C:\Users\admin\Desktop\code\git_code\shAutomation\Prowell\cpp_versrion\qt_graph2\dynamicsplinewidget.cpp(1,1): warning C4828: The file contains a character starting at offset 0x442 that is illegal in the current source character set (codepage 65001).
C:\Users\admin\Desktop\code\git_code\shAutomation\Prowell\cpp_versrion\qt_graph2\dynamicsplinewidget.cpp(1,1): warning C4828: The file contains a character starting at offset 0x444 that is illegal in the current source character set (codepage 65001).
C:\Users\admin\Desktop\code\git_code\shAutomation\Prowell\cpp_versrion\qt_graph2\dynamicsplinewidget.cpp(1,1): warning C4828: The file contains a character starting at offset 0x445 that is illegal in the current source character set (codepage 65001).
C:\Users\admin\Desktop\code\git_code\shAutomation\Prowell\cpp_versrion\qt_graph2\dynamicsplinewidget.cpp(1,1): warning C4828: The file contains a character starting at offset 0x486 that is illegal in the current source character set (codepage 65001).
C:\Users\admin\Desktop\code\git_code\shAutomation\Prowell\cpp_versrion\qt_graph2\dynamicsplinewidget.cpp(1,1): warning C4828: The file contains a character starting at offset 0x487 that is illegal in the current source character set (codepage 65001).
C:\Users\admin\Desktop\code\git_code\shAutomation\Prowell\cpp_versrion\qt_graph2\dynamicsplinewidget.cpp(1,1): warning C4828: The file contains a character starting at offset 0x488 that is illegal in the current source character set (codepage 65001).
C:\Users\admin\Desktop\code\git_code\shAutomation\Prowell\cpp_versrion\qt_graph2\dynamicsplinewidget.cpp(1,1): warning C4828: The file contains a character starting at offset 0x489 that is illegal in the current source character set (codepage 65001).
C:\Users\admin\Desktop\code\git_code\shAutomation\Prowell\cpp_versrion\qt_graph2\dynamicsplinewidget.cpp(1,1): warning C4828: The file contains a character starting at offset 0x48b that is illegal in the current source character set (codepage 65001).
C:\Users\admin\Desktop\code\git_code\shAutomation\Prowell\cpp_versrion\qt_graph2\dynamicsplinewidget.cpp(1,1): warning C4828: The file contains a character starting at offset 0x48c that is illegal in the current source character set (codepage 65001).
C:\Users\admin\Desktop\code\git_code\shAutomation\Prowell\cpp_versrion\qt_graph2\dynamicsplinewidget.cpp(1,1): warning C4828: The file contains a character starting at offset 0x48d that is illegal in the current source character set (codepage 65001).
C:\Users\admin\Desktop\code\git_code\shAutomation\Prowell\cpp_versrion\qt_graph2\dynamicsplinewidget.cpp(1,1): warning C4828: The file contains a character starting at offset 0x493 that is illegal in the current source character set (codepage 65001).
C:\Users\admin\Desktop\code\git_code\shAutomation\Prowell\cpp_versrion\qt_graph2\dynamicsplinewidget.cpp(1,1): warning C4828: The file contains a character starting at offset 0x494 that is illegal in the current source character set (codepage 65001).
C:\Users\admin\Desktop\code\git_code\shAutomation\Prowell\cpp_versrion\qt_graph2\dynamicsplinewidget.cpp(1,1): warning C4828: The file contains a character starting at offset 0x496 that is illegal in the current source character set (codepage 65001).
C:\Users\admin\Desktop\code\git_code\shAutomation\Prowell\cpp_versrion\qt_graph2\dynamicsplinewidget.cpp(1,1): warning C4828: The file contains a character starting at offset 0x497 that is illegal in the current source character set (codepage 65001).
C:\Users\admin\Desktop\code\git_code\shAutomation\Prowell\cpp_versrion\qt_graph2\dynamicsplinewidget.cpp(1,1): warning C4828: The file contains a character starting at offset 0x498 that is illegal in the current source character set (codepage 65001).
C:\Users\admin\Desktop\code\git_code\shAutomation\Prowell\cpp_versrion\qt_graph2\dynamicsplinewidget.cpp(1,1): warning C4828: The file contains a character starting at offset 0x499 that is illegal in the current source character set (codepage 65001).
C:\Users\admin\Desktop\code\git_code\shAutomation\Prowell\cpp_versrion\qt_graph2\dynamicsplinewidget.cpp(1,1): warning C4828: The file contains a character starting at offset 0x4d7 that is illegal in the current source character set (codepage 65001).
C:\Users\admin\Desktop\code\git_code\shAutomation\Prowell\cpp_versrion\qt_graph2\dynamicsplinewidget.cpp(1,1): warning C4828: The file contains a character starting at offset 0x4d8 that is illegal in the current source character set (codepage 65001).
C:\Users\admin\Desktop\code\git_code\shAutomation\Prowell\cpp_versrion\qt_graph2\dynamicsplinewidget.cpp(1,1): warning C4828: The file contains a character starting at offset 0x4da that is illegal in the current source character set (codepage 65001).
C:\Users\admin\Desktop\code\git_code\shAutomation\Prowell\cpp_versrion\qt_graph2\dynamicsplinewidget.cpp(1,1): warning C4828: The file contains a character starting at offset 0x4dd that is illegal in the current source character set (codepage 65001).
C:\Users\admin\Desktop\code\git_code\shAutomation\Prowell\cpp_versrion\qt_graph2\dynamicsplinewidget.cpp(1,1): warning C4828: The file contains a character starting at offset 0x4de that is illegal in the current source character set (codepage 65001).
C:\Users\admin\Desktop\code\git_code\shAutomation\Prowell\cpp_versrion\qt_graph2\dynamicsplinewidget.cpp(1,1): warning C4828: The file contains a character starting at offset 0x4e1 that is illegal in the current source character set (codepage 65001).
C:\Users\admin\Desktop\code\git_code\shAutomation\Prowell\cpp_versrion\qt_graph2\dynamicsplinewidget.cpp(1,1): warning C4828: The file contains a character starting at offset 0x4e2 that is illegal in the current source character set (codepage 65001).
C:\Users\admin\Desktop\code\git_code\shAutomation\Prowell\cpp_versrion\qt_graph2\dynamicsplinewidget.cpp(1,1): warning C4828: The file contains a character starting at offset 0x4e4 that is illegal in the current source character set (codepage 65001).
C:\Users\admin\Desktop\code\git_code\shAutomation\Prowell\cpp_versrion\qt_graph2\dynamicsplinewidget.cpp(1,1): warning C4828: The file contains a character starting at offset 0x4e5 that is illegal in the current source character set (codepage 65001).
C:\Users\admin\Desktop\code\git_code\shAutomation\Prowell\cpp_versrion\qt_graph2\dynamicsplinewidget.cpp(1,1): warning C4828: The file contains a character starting at offset 0x4e6 that is illegal in the current source character set (codepage 65001).
C:\Users\admin\Desktop\code\git_code\shAutomation\Prowell\cpp_versrion\qt_graph2\dynamicsplinewidget.cpp(1,1): warning C4828: The file contains a character starting at offset 0x4e8 that is illegal in the current source character set (codepage 65001).
C:\Users\admin\Desktop\code\git_code\shAutomation\Prowell\cpp_versrion\qt_graph2\dynamicsplinewidget.cpp(1,1): warning C4828: The file contains a character starting at offset 0x4e9 that is illegal in the current source character set (codepage 65001).
C:\Users\admin\Desktop\code\git_code\shAutomation\Prowell\cpp_versrion\qt_graph2\dynamicsplinewidget.cpp(1,1): warning C4828: The file contains a character starting at offset 0x4ec that is illegal in the current source character set (codepage 65001).
C:\Users\admin\Desktop\code\git_code\shAutomation\Prowell\cpp_versrion\qt_graph2\dynamicsplinewidget.cpp(1,1): warning C4828: The file contains a character starting at offset 0x4ee that is illegal in the current source character set (codepage 65001).
C:\Users\admin\Desktop\code\git_code\shAutomation\Prowell\cpp_versrion\qt_graph2\dynamicsplinewidget.cpp(1,1): warning C4828: The file contains a character starting at offset 0x4ef that is illegal in the current source character set (codepage 65001).
C:\Users\admin\Desktop\code\git_code\shAutomation\Prowell\cpp_versrion\qt_graph2\dynamicsplinewidget.cpp(1,1): warning C4828: The file contains a character starting at offset 0x4f1 that is illegal in the current source character set (codepage 65001).
C:\Users\admin\Desktop\code\git_code\shAutomation\Prowell\cpp_versrion\qt_graph2\dynamicsplinewidget.cpp(1,1): warning C4828: The file contains a character starting at offset 0x4f3 that is illegal in the current source character set (codepage 65001).
C:\Users\admin\Desktop\code\git_code\shAutomation\Prowell\cpp_versrion\qt_graph2\dynamicsplinewidget.cpp(1,1): warning C4828: The file contains a character starting at offset 0x4f4 that is illegal in the current source character set (codepage 65001).
C:\Users\admin\Desktop\code\git_code\shAutomation\Prowell\cpp_versrion\qt_graph2\dynamicsplinewidget.cpp(1,1): warning C4828: The file contains a character starting at offset 0x524 that is illegal in the current source character set (codepage 65001).
C:\Users\admin\Desktop\code\git_code\shAutomation\Prowell\cpp_versrion\qt_graph2\dynamicsplinewidget.cpp(1,1): warning C4828: The file contains a character starting at offset 0x526 that is illegal in the current source character set (codepage 65001).
C:\Users\admin\Desktop\code\git_code\shAutomation\Prowell\cpp_versrion\qt_graph2\dynamicsplinewidget.cpp(1,1): warning C4828: The file contains a character starting at offset 0x527 that is illegal in the current source character set (codepage 65001).
C:\Users\admin\Desktop\code\git_code\shAutomation\Prowell\cpp_versrion\qt_graph2\dynamicsplinewidget.cpp(1,1): warning C4828: The file contains a character starting at offset 0x52a that is illegal in the current source character set (codepage 65001).
C:\Users\admin\Desktop\code\git_code\shAutomation\Prowell\cpp_versrion\qt_graph2\dynamicsplinewidget.cpp(1,1): warning C4828: The file contains a character starting at offset 0x52d that is illegal in the current source character set (codepage 65001).
C:\Users\admin\Desktop\code\git_code\shAutomation\Prowell\cpp_versrion\qt_graph2\dynamicsplinewidget.cpp(1,1): warning C4828: The file contains a character starting at offset 0x52e that is illegal in the current source character set (codepage 65001).
C:\Users\admin\Desktop\code\git_code\shAutomation\Prowell\cpp_versrion\qt_graph2\dynamicsplinewidget.cpp(1,1): warning C4828: The file contains a character starting at offset 0x52f that is illegal in the current source character set (codepage 65001).
C:\Users\admin\Desktop\code\git_code\shAutomation\Prowell\cpp_versrion\qt_graph2\dynamicsplinewidget.cpp(1,1): warning C4828: The file contains a character starting at offset 0x530 that is illegal in the current source character set (codepage 65001).
C:\Users\admin\Desktop\code\git_code\shAutomation\Prowell\cpp_versrion\qt_graph2\dynamicsplinewidget.cpp(1,1): warning C4828: The file contains a character starting at offset 0x5e1 that is illegal in the current source character set (codepage 65001).
C:\Users\admin\Desktop\code\git_code\shAutomation\Prowell\cpp_versrion\qt_graph2\dynamicsplinewidget.cpp(1,1): warning C4828: The file contains a character starting at offset 0x5e4 that is illegal in the current source character set (codepage 65001).
C:\Users\admin\Desktop\code\git_code\shAutomation\Prowell\cpp_versrion\qt_graph2\dynamicsplinewidget.cpp(1,1): warning C4828: The file contains a character starting at offset 0x5e5 that is illegal in the current source character set (codepage 65001).
C:\Users\admin\Desktop\code\git_code\shAutomation\Prowell\cpp_versrion\qt_graph2\dynamicsplinewidget.cpp(1,1): warning C4828: The file contains a character starting at offset 0x5e6 that is illegal in the current source character set (codepage 65001).
C:\Users\admin\Desktop\code\git_code\shAutomation\Prowell\cpp_versrion\qt_graph2\dynamicsplinewidget.cpp(1,1): warning C4828: The file contains a character starting at offset 0x5e7 that is illegal in the current source character set (codepage 65001).
C:\Users\admin\Desktop\code\git_code\shAutomation\Prowell\cpp_versrion\qt_graph2\dynamicsplinewidget.cpp(1,1): warning C4828: The file contains a character starting at offset 0x5e9 that is illegal in the current source character set (codepage 65001).
C:\Users\admin\Desktop\code\git_code\shAutomation\Prowell\cpp_versrion\qt_graph2\dynamicsplinewidget.cpp(1,1): warning C4828: The file contains a character starting at offset 0x5ea that is illegal in the current source character set (codepage 65001).
C:\Users\admin\Desktop\code\git_code\shAutomation\Prowell\cpp_versrion\qt_graph2\dynamicsplinewidget.cpp(1,1): warning C4828: The file contains a character starting at offset 0x5ec that is illegal in the current source character set (codepage 65001).
C:\Users\admin\Desktop\code\git_code\shAutomation\Prowell\cpp_versrion\qt_graph2\dynamicsplinewidget.cpp(1,1): warning C4828: The file contains a character starting at offset 0x5ed that is illegal in the current source character set (codepage 65001).
C:\Users\admin\Desktop\code\git_code\shAutomation\Prowell\cpp_versrion\qt_graph2\dynamicsplinewidget.cpp(1,1): warning C4828: The file contains a character starting at offset 0x5ee that is illegal in the current source character set (codepage 65001).
C:\Users\admin\Desktop\code\git_code\shAutomation\Prowell\cpp_versrion\qt_graph2\dynamicsplinewidget.cpp(1,1): warning C4828: The file contains a character starting at offset 0x5ef that is illegal in the current source character set (codepage 65001).
C:\Users\admin\Desktop\code\git_code\shAutomation\Prowell\cpp_versrion\qt_graph2\dynamicsplinewidget.cpp(1,1): warning C4828: The file contains a character starting at offset 0x5f1 that is illegal in the current source character set (codepage 65001).
C:\Users\admin\Desktop\code\git_code\shAutomation\Prowell\cpp_versrion\qt_graph2\dynamicsplinewidget.cpp(1,1): warning C4828: The file contains a character starting at offset 0x5f2 that is illegal in the current source character set (codepage 65001).
C:\Users\admin\Desktop\code\git_code\shAutomation\Prowell\cpp_versrion\qt_graph2\dynamicsplinewidget.cpp(1,1): warning C4828: The file contains a character starting at offset 0x5f3 that is illegal in the current source character set (codepage 65001).
C:\Users\admin\Desktop\code\git_code\shAutomation\Prowell\cpp_versrion\qt_graph2\dynamicsplinewidget.cpp(1,1): warning C4828: The file contains a character starting at offset 0x5f4 that is illegal in the current source character set (codepage 65001).
C:\Users\admin\Desktop\code\git_code\shAutomation\Prowell\cpp_versrion\qt_graph2\dynamicsplinewidget.cpp(1,1): warning C4828: The file contains a character starting at offset 0x685 that is illegal in the current source character set (codepage 65001).
C:\Users\admin\Desktop\code\git_code\shAutomation\Prowell\cpp_versrion\qt_graph2\dynamicsplinewidget.cpp(1,1): warning C4828: The file contains a character starting at offset 0x687 that is illegal in the current source character set (codepage 65001).
C:\Users\admin\Desktop\code\git_code\shAutomation\Prowell\cpp_versrion\qt_graph2\dynamicsplinewidget.cpp(1,1): warning C4828: The file contains a character starting at offset 0x688 that is illegal in the current source character set (codepage 65001).
C:\Users\admin\Desktop\code\git_code\shAutomation\Prowell\cpp_versrion\qt_graph2\dynamicsplinewidget.cpp(1,1): warning C4828: The file contains a character starting at offset 0x68d that is illegal in the current source character set (codepage 65001).
C:\Users\admin\Desktop\code\git_code\shAutomation\Prowell\cpp_versrion\qt_graph2\dynamicsplinewidget.cpp(1,1): warning C4828: The file contains a character starting at offset 0x68e that is illegal in the current source character set (codepage 65001).
C:\Users\admin\Desktop\code\git_code\shAutomation\Prowell\cpp_versrion\qt_graph2\dynamicsplinewidget.cpp(1,1): warning C4828: The file contains a character starting at offset 0x68f that is illegal in the current source character set (codepage 65001).
C:\Users\admin\Desktop\code\git_code\shAutomation\Prowell\cpp_versrion\qt_graph2\dynamicsplinewidget.cpp(1,1): warning C4828: The file contains a character starting at offset 0x691 that is illegal in the current source character set (codepage 65001).
C:\Users\admin\Desktop\code\git_code\shAutomation\Prowell\cpp_versrion\qt_graph2\dynamicsplinewidget.cpp(1,1): warning C4828: The file contains a character starting at offset 0x692 that is illegal in the current source character set (codepage 65001).
C:\Users\admin\Desktop\code\git_code\shAutomation\Prowell\cpp_versrion\qt_graph2\dynamicsplinewidget.cpp(1,1): warning C4828: The file contains a character starting at offset 0x695 that is illegal in the current source character set (codepage 65001).
C:\Users\admin\Desktop\code\git_code\shAutomation\Prowell\cpp_versrion\qt_graph2\dynamicsplinewidget.cpp(1,1): warning C4828: The file contains a character starting at offset 0x696 that is illegal in the current source character set (codepage 65001).
C:\Users\admin\Desktop\code\git_code\shAutomation\Prowell\cpp_versrion\qt_graph2\dynamicsplinewidget.cpp(1,1): warning C4828: The file contains a character starting at offset 0x697 that is illegal in the current source character set (codepage 65001).
C:\Users\admin\Desktop\code\git_code\shAutomation\Prowell\cpp_versrion\qt_graph2\dynamicsplinewidget.cpp(1,1): warning C4828: The file contains a character starting at offset 0x698 that is illegal in the current source character set (codepage 65001).
C:\Users\admin\Desktop\code\git_code\shAutomation\Prowell\cpp_versrion\qt_graph2\dynamicsplinewidget.cpp(1,1): warning C4828: The file contains a character starting at offset 0x69c that is illegal in the current source character set (codepage 65001).
C:\Users\admin\Desktop\code\git_code\shAutomation\Prowell\cpp_versrion\qt_graph2\dynamicsplinewidget.cpp(1,1): warning C4828: The file contains a character starting at offset 0x69f that is illegal in the current source character set (codepage 65001).
C:\Users\admin\Desktop\code\git_code\shAutomation\Prowell\cpp_versrion\qt_graph2\dynamicsplinewidget.cpp(1,1): warning C4828: The file contains a character starting at offset 0x6a0 that is illegal in the current source character set (codepage 65001).
C:\Users\admin\Desktop\code\git_code\shAutomation\Prowell\cpp_versrion\qt_graph2\dynamicsplinewidget.cpp(1,1): warning C4828: The file contains a character starting at offset 0x6a1 that is illegal in the current source character set (codepage 65001).
C:\Users\admin\Desktop\code\git_code\shAutomation\Prowell\cpp_versrion\qt_graph2\dynamicsplinewidget.cpp(1,1): warning C4828: The file contains a character starting at offset 0x6a2 that is illegal in the current source character set (codepage 65001).
C:\Users\admin\Desktop\code\git_code\shAutomation\Prowell\cpp_versrion\qt_graph2\dynamicsplinewidget.cpp(1,1): warning C4828: The file contains a character starting at offset 0x6a4 that is illegal in the current source character set (codepage 65001).
C:\Users\admin\Desktop\code\git_code\shAutomation\Prowell\cpp_versrion\qt_graph2\dynamicsplinewidget.cpp(1,1): warning C4828: The file contains a character starting at offset 0x6a5 that is illegal in the current source character set (codepage 65001).
C:\Users\admin\Desktop\code\git_code\shAutomation\Prowell\cpp_versrion\qt_graph2\dynamicsplinewidget.cpp(1,1): warning C4828: The file contains a character starting at offset 0x6a6 that is illegal in the current source character set (codepage 65001).
C:\Users\admin\Desktop\code\git_code\shAutomation\Prowell\cpp_versrion\qt_graph2\dynamicsplinewidget.cpp(1,1): warning C4828: The file contains a character starting at offset 0x6a7 that is illegal in the current source character set (codepage 65001).
C:\Users\admin\Desktop\code\git_code\shAutomation\Prowell\cpp_versrion\qt_graph2\dynamicsplinewidget.cpp(1,1): warning C4828: The file contains a character starting at offset 0x6db that is illegal in the current source character set (codepage 65001).
C:\Users\admin\Desktop\code\git_code\shAutomation\Prowell\cpp_versrion\qt_graph2\dynamicsplinewidget.cpp(1,1): warning C4828: The file contains a character starting at offset 0x6dd that is illegal in the current source character set (codepage 65001).
C:\Users\admin\Desktop\code\git_code\shAutomation\Prowell\cpp_versrion\qt_graph2\dynamicsplinewidget.cpp(1,1): warning C4828: The file contains a character starting at offset 0x6de that is illegal in the current source character set (codepage 65001).
C:\Users\admin\Desktop\code\git_code\shAutomation\Prowell\cpp_versrion\qt_graph2\dynamicsplinewidget.cpp(1,1): warning C4828: The file contains a character starting at offset 0x6e0 that is illegal in the current source character set (codepage 65001).
C:\Users\admin\Desktop\code\git_code\shAutomation\Prowell\cpp_versrion\qt_graph2\dynamicsplinewidget.cpp(1,1): warning C4828: The file contains a character starting at offset 0x6e1 that is illegal in the current source character set (codepage 65001).
C:\Users\admin\Desktop\code\git_code\shAutomation\Prowell\cpp_versrion\qt_graph2\dynamicsplinewidget.cpp(1,1): warning C4828: The file contains a character starting at offset 0x6e2 that is illegal in the current source character set (codepage 65001).
C:\Users\admin\Desktop\code\git_code\shAutomation\Prowell\cpp_versrion\qt_graph2\dynamicsplinewidget.cpp(1,1): warning C4828: The file contains a character starting at offset 0x6e4 that is illegal in the current source character set (codepage 65001).
C:\Users\admin\Desktop\code\git_code\shAutomation\Prowell\cpp_versrion\qt_graph2\dynamicsplinewidget.cpp(1,1): warning C4828: The file contains a character starting at offset 0x6e5 that is illegal in the current source character set (codepage 65001).
C:\Users\admin\Desktop\code\git_code\shAutomation\Prowell\cpp_versrion\qt_graph2\dynamicsplinewidget.cpp(1,1): warning C4828: The file contains a character starting at offset 0x6e6 that is illegal in the current source character set (codepage 65001).
C:\Users\admin\Desktop\code\git_code\shAutomation\Prowell\cpp_versrion\qt_graph2\dynamicsplinewidget.cpp(1,1): warning C4828: The file contains a character starting at offset 0x6e7 that is illegal in the current source character set (codepage 65001).
C:\Users\admin\Desktop\code\git_code\shAutomation\Prowell\cpp_versrion\qt_graph2\dynamicsplinewidget.cpp(1,1): warning C4828: The file contains a character starting at offset 0x718 that is illegal in the current source character set (codepage 65001).
C:\Users\admin\Desktop\code\git_code\shAutomation\Prowell\cpp_versrion\qt_graph2\dynamicsplinewidget.cpp(1,1): warning C4828: The file contains a character starting at offset 0x71b that is illegal in the current source character set (codepage 65001).
C:\Users\admin\Desktop\code\git_code\shAutomation\Prowell\cpp_versrion\qt_graph2\dynamicsplinewidget.cpp(1,1): warning C4828: The file contains a character starting at offset 0x71c that is illegal in the current source character set (codepage 65001).
C:\Users\admin\Desktop\code\git_code\shAutomation\Prowell\cpp_versrion\qt_graph2\dynamicsplinewidget.cpp(1,1): warning C4828: The file contains a character starting at offset 0x71d that is illegal in the current source character set (codepage 65001).
C:\Users\admin\Desktop\code\git_code\shAutomation\Prowell\cpp_versrion\qt_graph2\dynamicsplinewidget.cpp(1,1): warning C4828: The file contains a character starting at offset 0x71e that is illegal in the current source character set (codepage 65001).
C:\Users\admin\Desktop\code\git_code\shAutomation\Prowell\cpp_versrion\qt_graph2\dynamicsplinewidget.cpp(1,1): warning C4828: The file contains a character starting at offset 0x720 that is illegal in the current source character set (codepage 65001).
C:\Users\admin\Desktop\code\git_code\shAutomation\Prowell\cpp_versrion\qt_graph2\dynamicsplinewidget.cpp(1,1): warning C4828: The file contains a character starting at offset 0x721 that is illegal in the current source character set (codepage 65001).
C:\Users\admin\Desktop\code\git_code\shAutomation\Prowell\cpp_versrion\qt_graph2\dynamicsplinewidget.cpp(1,1): warning C4828: The file contains a character starting at offset 0x722 that is illegal in the current source character set (codepage 65001).
C:\Users\admin\Desktop\code\git_code\shAutomation\Prowell\cpp_versrion\qt_graph2\dynamicsplinewidget.cpp(1,1): warning C4828: The file contains a character starting at offset 0x723 that is illegal in the current source character set (codepage 65001).
C:\Users\admin\Desktop\code\git_code\shAutomation\Prowell\cpp_versrion\qt_graph2\dynamicsplinewidget.cpp(1,1): warning C4828: The file contains a character starting at offset 0x776 that is illegal in the current source character set (codepage 65001).
C:\Users\admin\Desktop\code\git_code\shAutomation\Prowell\cpp_versrion\qt_graph2\dynamicsplinewidget.cpp(1,1): warning C4828: The file contains a character starting at offset 0x77b that is illegal in the current source character set (codepage 65001).
C:\Users\admin\Desktop\code\git_code\shAutomation\Prowell\cpp_versrion\qt_graph2\dynamicsplinewidget.cpp(1,1): warning C4828: The file contains a character starting at offset 0x77c that is illegal in the current source character set (codepage 65001).
C:\Users\admin\Desktop\code\git_code\shAutomation\Prowell\cpp_versrion\qt_graph2\dynamicsplinewidget.cpp(1,1): warning C4828: The file contains a character starting at offset 0x77f that is illegal in the current source character set (codepage 65001).
C:\Users\admin\Desktop\code\git_code\shAutomation\Prowell\cpp_versrion\qt_graph2\dynamicsplinewidget.cpp(1,1): warning C4828: The file contains a character starting at offset 0x780 that is illegal in the current source character set (codepage 65001).
C:\Users\admin\Desktop\code\git_code\shAutomation\Prowell\cpp_versrion\qt_graph2\dynamicsplinewidget.cpp(1,1): warning C4828: The file contains a character starting at offset 0x781 that is illegal in the current source character set (codepage 65001).
C:\Users\admin\Desktop\code\git_code\shAutomation\Prowell\cpp_versrion\qt_graph2\dynamicsplinewidget.cpp(1,1): warning C4828: The file contains a character starting at offset 0x7b3 that is illegal in the current source character set (codepage 65001).
C:\Users\admin\Desktop\code\git_code\shAutomation\Prowell\cpp_versrion\qt_graph2\dynamicsplinewidget.cpp(1,1): warning C4828: The file contains a character starting at offset 0x7b6 that is illegal in the current source character set (codepage 65001).
C:\Users\admin\Desktop\code\git_code\shAutomation\Prowell\cpp_versrion\qt_graph2\dynamicsplinewidget.cpp(1,1): warning C4828: The file contains a character starting at offset 0x7b8 that is illegal in the current source character set (codepage 65001).
C:\Users\admin\Desktop\code\git_code\shAutomation\Prowell\cpp_versrion\qt_graph2\dynamicsplinewidget.cpp(1,1): warning C4828: The file contains a character starting at offset 0x7b9 that is illegal in the current source character set (codepage 65001).
C:\Users\admin\Desktop\code\git_code\shAutomation\Prowell\cpp_versrion\qt_graph2\dynamicsplinewidget.cpp(1,1): warning C4828: The file contains a character starting at offset 0x7bb that is illegal in the current source character set (codepage 65001).
C:\Users\admin\Desktop\code\git_code\shAutomation\Prowell\cpp_versrion\qt_graph2\dynamicsplinewidget.cpp(1,1): warning C4828: The file contains a character starting at offset 0x871 that is illegal in the current source character set (codepage 65001).
C:\Users\admin\Desktop\code\git_code\shAutomation\Prowell\cpp_versrion\qt_graph2\dynamicsplinewidget.cpp(1,1): warning C4828: The file contains a character starting at offset 0x876 that is illegal in the current source character set (codepage 65001).
C:\Users\admin\Desktop\code\git_code\shAutomation\Prowell\cpp_versrion\qt_graph2\dynamicsplinewidget.cpp(1,1): warning C4828: The file contains a character starting at offset 0x877 that is illegal in the current source character set (codepage 65001).
C:\Users\admin\Desktop\code\git_code\shAutomation\Prowell\cpp_versrion\qt_graph2\dynamicsplinewidget.cpp(1,1): warning C4828: The file contains a character starting at offset 0x87a that is illegal in the current source character set (codepage 65001).
C:\Users\admin\Desktop\code\git_code\shAutomation\Prowell\cpp_versrion\qt_graph2\dynamicsplinewidget.cpp(1,1): warning C4828: The file contains a character starting at offset 0x87b that is illegal in the current source character set (codepage 65001).
C:\Users\admin\Desktop\code\git_code\shAutomation\Prowell\cpp_versrion\qt_graph2\dynamicsplinewidget.cpp(1,1): warning C4828: The file contains a character starting at offset 0x87d that is illegal in the current source character set (codepage 65001).
C:\Users\admin\Desktop\code\git_code\shAutomation\Prowell\cpp_versrion\qt_graph2\dynamicsplinewidget.cpp(1,1): warning C4828: The file contains a character starting at offset 0x880 that is illegal in the current source character set (codepage 65001).
C:\Users\admin\Desktop\code\git_code\shAutomation\Prowell\cpp_versrion\qt_graph2\dynamicsplinewidget.cpp(1,1): warning C4828: The file contains a character starting at offset 0x902 that is illegal in the current source character set (codepage 65001).
C:\Users\admin\Desktop\code\git_code\shAutomation\Prowell\cpp_versrion\qt_graph2\dynamicsplinewidget.cpp(1,1): warning C4828: The file contains a character starting at offset 0x904 that is illegal in the current source character set (codepage 65001).
C:\Users\admin\Desktop\code\git_code\shAutomation\Prowell\cpp_versrion\qt_graph2\dynamicsplinewidget.cpp(1,1): warning C4828: The file contains a character starting at offset 0x905 that is illegal in the current source character set (codepage 65001).
C:\Users\admin\Desktop\code\git_code\shAutomation\Prowell\cpp_versrion\qt_graph2\dynamicsplinewidget.cpp(1,1): warning C4828: The file contains a character starting at offset 0x907 that is illegal in the current source character set (codepage 65001).
C:\Users\admin\Desktop\code\git_code\shAutomation\Prowell\cpp_versrion\qt_graph2\dynamicsplinewidget.cpp(1,1): warning C4828: The file contains a character starting at offset 0x908 that is illegal in the current source character set (codepage 65001).
C:\Users\admin\Desktop\code\git_code\shAutomation\Prowell\cpp_versrion\qt_graph2\dynamicsplinewidget.cpp(1,1): warning C4828: The file contains a character starting at offset 0x909 that is illegal in the current source character set (codepage 65001).
C:\Users\admin\Desktop\code\git_code\shAutomation\Prowell\cpp_versrion\qt_graph2\dynamicsplinewidget.cpp(1,1): warning C4828: The file contains a character starting at offset 0x90a that is illegal in the current source character set (codepage 65001).
C:\Users\admin\Desktop\code\git_code\shAutomation\Prowell\cpp_versrion\qt_graph2\dynamicsplinewidget.cpp(1,1): warning C4828: The file contains a character starting at offset 0x90c that is illegal in the current source character set (codepage 65001).
C:\Users\admin\Desktop\code\git_code\shAutomation\Prowell\cpp_versrion\qt_graph2\dynamicsplinewidget.cpp(1,1): warning C4828: The file contains a character starting at offset 0x90d that is illegal in the current source character set (codepage 65001).
C:\Users\admin\Desktop\code\git_code\shAutomation\Prowell\cpp_versrion\qt_graph2\dynamicsplinewidget.cpp(1,1): warning C4828: The file contains a character starting at offset 0x90f that is illegal in the current source character set (codepage 65001).
C:\Users\admin\Desktop\code\git_code\shAutomation\Prowell\cpp_versrion\qt_graph2\dynamicsplinewidget.cpp(1,1): warning C4828: The file contains a character starting at offset 0x910 that is illegal in the current source character set (codepage 65001).
C:\Users\admin\Desktop\code\git_code\shAutomation\Prowell\cpp_versrion\qt_graph2\dynamicsplinewidget.cpp(1,1): warning C4828: The file contains a character starting at offset 0x911 that is illegal in the current source character set (codepage 65001).
C:\Users\admin\Desktop\code\git_code\shAutomation\Prowell\cpp_versrion\qt_graph2\dynamicsplinewidget.cpp(1,1): warning C4828: The file contains a character starting at offset 0x912 that is illegal in the current source character set (codepage 65001).
C:\Users\admin\Desktop\code\git_code\shAutomation\Prowell\cpp_versrion\qt_graph2\dynamicsplinewidget.cpp(1,1): warning C4828: The file contains a character starting at offset 0x915 that is illegal in the current source character set (codepage 65001).
C:\Users\admin\Desktop\code\git_code\shAutomation\Prowell\cpp_versrion\qt_graph2\dynamicsplinewidget.cpp(1,1): warning C4828: The file contains a character starting at offset 0x918 that is illegal in the current source character set (codepage 65001).
C:\Users\admin\Desktop\code\git_code\shAutomation\Prowell\cpp_versrion\qt_graph2\dynamicsplinewidget.cpp(1,1): warning C4828: The file contains a character starting at offset 0x919 that is illegal in the current source character set (codepage 65001).
C:\Users\admin\Desktop\code\git_code\shAutomation\Prowell\cpp_versrion\qt_graph2\dynamicsplinewidget.cpp(1,1): warning C4828: The file contains a character starting at offset 0x91b that is illegal in the current source character set (codepage 65001).
C:\Users\admin\Desktop\code\git_code\shAutomation\Prowell\cpp_versrion\qt_graph2\dynamicsplinewidget.cpp(1,1): warning C4828: The file contains a character starting at offset 0x92c that is illegal in the current source character set (codepage 65001).
C:\Users\admin\Desktop\code\git_code\shAutomation\Prowell\cpp_versrion\qt_graph2\dynamicsplinewidget.cpp(1,1): warning C4828: The file contains a character starting at offset 0x92d that is illegal in the current source character set (codepage 65001).
C:\Users\admin\Desktop\code\git_code\shAutomation\Prowell\cpp_versrion\qt_graph2\dynamicsplinewidget.cpp(1,1): warning C4828: The file contains a character starting at offset 0x92e that is illegal in the current source character set (codepage 65001).
C:\Users\admin\Desktop\code\git_code\shAutomation\Prowell\cpp_versrion\qt_graph2\dynamicsplinewidget.cpp(1,1): warning C4828: The file contains a character starting at offset 0x92f that is illegal in the current source character set (codepage 65001).
C:\Users\admin\Desktop\code\git_code\shAutomation\Prowell\cpp_versrion\qt_graph2\dynamicsplinewidget.cpp(1,1): warning C4828: The file contains a character starting at offset 0x931 that is illegal in the current source character set (codepage 65001).
C:\Users\admin\Desktop\code\git_code\shAutomation\Prowell\cpp_versrion\qt_graph2\dynamicsplinewidget.cpp(1,1): warning C4828: The file contains a character starting at offset 0x934 that is illegal in the current source character set (codepage 65001).
C:\Users\admin\Desktop\code\git_code\shAutomation\Prowell\cpp_versrion\qt_graph2\dynamicsplinewidget.cpp(1,1): warning C4828: The file contains a character starting at offset 0x936 that is illegal in the current source character set (codepage 65001).
C:\Users\admin\Desktop\code\git_code\shAutomation\Prowell\cpp_versrion\qt_graph2\dynamicsplinewidget.cpp(1,1): warning C4828: The file contains a character starting at offset 0x937 that is illegal in the current source character set (codepage 65001).
C:\Users\admin\Desktop\code\git_code\shAutomation\Prowell\cpp_versrion\qt_graph2\dynamicsplinewidget.cpp(1,1): warning C4828: The file contains a character starting at offset 0x93a that is illegal in the current source character set (codepage 65001).
C:\Users\admin\Desktop\code\git_code\shAutomation\Prowell\cpp_versrion\qt_graph2\dynamicsplinewidget.cpp(1,1): warning C4828: The file contains a character starting at offset 0x93b that is illegal in the current source character set (codepage 65001).
C:\Users\admin\Desktop\code\git_code\shAutomation\Prowell\cpp_versrion\qt_graph2\dynamicsplinewidget.cpp(1,1): warning C4828: The file contains a character starting at offset 0x93c that is illegal in the current source character set (codepage 65001).
C:\Users\admin\Desktop\code\git_code\shAutomation\Prowell\cpp_versrion\qt_graph2\dynamicsplinewidget.cpp(1,1): warning C4828: The file contains a character starting at offset 0x93d that is illegal in the current source character set (codepage 65001).
C:\Users\admin\Desktop\code\git_code\shAutomation\Prowell\cpp_versrion\qt_graph2\dynamicsplinewidget.cpp(1,1): warning C4828: The file contains a character starting at offset 0x93f that is illegal in the current source character set (codepage 65001).
C:\Users\admin\Desktop\code\git_code\shAutomation\Prowell\cpp_versrion\qt_graph2\dynamicsplinewidget.cpp(1,1): warning C4828: The file contains a character starting at offset 0x940 that is illegal in the current source character set (codepage 65001).
C:\Users\admin\Desktop\code\git_code\shAutomation\Prowell\cpp_versrion\qt_graph2\dynamicsplinewidget.cpp(1,1): warning C4828: The file contains a character starting at offset 0x944 that is illegal in the current source character set (codepage 65001).
C:\Users\admin\Desktop\code\git_code\shAutomation\Prowell\cpp_versrion\qt_graph2\dynamicsplinewidget.cpp(1,1): warning C4828: The file contains a character starting at offset 0x946 that is illegal in the current source character set (codepage 65001).
C:\Users\admin\Desktop\code\git_code\shAutomation\Prowell\cpp_versrion\qt_graph2\dynamicsplinewidget.cpp(1,1): warning C4828: The file contains a character starting at offset 0x949 that is illegal in the current source character set (codepage 65001).
C:\Users\admin\Desktop\code\git_code\shAutomation\Prowell\cpp_versrion\qt_graph2\dynamicsplinewidget.cpp(1,1): warning C4828: The file contains a character starting at offset 0x94c that is illegal in the current source character set (codepage 65001).
C:\Users\admin\Desktop\code\git_code\shAutomation\Prowell\cpp_versrion\qt_graph2\dynamicsplinewidget.cpp(1,1): warning C4828: The file contains a character starting at offset 0x94d that is illegal in the current source character set (codepage 65001).
C:\Users\admin\Desktop\code\git_code\shAutomation\Prowell\cpp_versrion\qt_graph2\dynamicsplinewidget.cpp(1,1): warning C4828: The file contains a character starting at offset 0x94f that is illegal in the current source character set (codepage 65001).
C:\Users\admin\Desktop\code\git_code\shAutomation\Prowell\cpp_versrion\qt_graph2\dynamicsplinewidget.cpp(1,1): warning C4828: The file contains a character starting at offset 0x950 that is illegal in the current source character set (codepage 65001).
C:\Users\admin\Desktop\code\git_code\shAutomation\Prowell\cpp_versrion\qt_graph2\dynamicsplinewidget.cpp(1,1): warning C4828: The file contains a character starting at offset 0x951 that is illegal in the current source character set (codepage 65001).
C:\Users\admin\Desktop\code\git_code\shAutomation\Prowell\cpp_versrion\qt_graph2\dynamicsplinewidget.cpp(1,1): warning C4828: The file contains a character starting at offset 0x953 that is illegal in the current source character set (codepage 65001).
C:\Users\admin\Desktop\code\git_code\shAutomation\Prowell\cpp_versrion\qt_graph2\dynamicsplinewidget.cpp(1,1): warning C4828: The file contains a character starting at offset 0x954 that is illegal in the current source character set (codepage 65001).
C:\Users\admin\Desktop\code\git_code\shAutomation\Prowell\cpp_versrion\qt_graph2\dynamicsplinewidget.cpp(1,1): warning C4828: The file contains a character starting at offset 0x97f that is illegal in the current source character set (codepage 65001).
C:\Users\admin\Desktop\code\git_code\shAutomation\Prowell\cpp_versrion\qt_graph2\dynamicsplinewidget.cpp(1,1): warning C4828: The file contains a character starting at offset 0x980 that is illegal in the current source character set (codepage 65001).
C:\Users\admin\Desktop\code\git_code\shAutomation\Prowell\cpp_versrion\qt_graph2\dynamicsplinewidget.cpp(1,1): warning C4828: The file contains a character starting at offset 0x981 that is illegal in the current source character set (codepage 65001).
C:\Users\admin\Desktop\code\git_code\shAutomation\Prowell\cpp_versrion\qt_graph2\dynamicsplinewidget.cpp(1,1): warning C4828: The file contains a character starting at offset 0x982 that is illegal in the current source character set (codepage 65001).
C:\Users\admin\Desktop\code\git_code\shAutomation\Prowell\cpp_versrion\qt_graph2\dynamicsplinewidget.cpp(1,1): warning C4828: The file contains a character starting at offset 0x984 that is illegal in the current source character set (codepage 65001).
C:\Users\admin\Desktop\code\git_code\shAutomation\Prowell\cpp_versrion\qt_graph2\dynamicsplinewidget.cpp(1,1): warning C4828: The file contains a character starting at offset 0x986 that is illegal in the current source character set (codepage 65001).
C:\Users\admin\Desktop\code\git_code\shAutomation\Prowell\cpp_versrion\qt_graph2\dynamicsplinewidget.cpp(1,1): warning C4828: The file contains a character starting at offset 0x987 that is illegal in the current source character set (codepage 65001).
C:\Users\admin\Desktop\code\git_code\shAutomation\Prowell\cpp_versrion\qt_graph2\dynamicsplinewidget.cpp(1,1): warning C4828: The file contains a character starting at offset 0x98c that is illegal in the current source character set (codepage 65001).
C:\Users\admin\Desktop\code\git_code\shAutomation\Prowell\cpp_versrion\qt_graph2\dynamicsplinewidget.cpp(1,1): warning C4828: The file contains a character starting at offset 0x98d that is illegal in the current source character set (codepage 65001).
C:\Users\admin\Desktop\code\git_code\shAutomation\Prowell\cpp_versrion\qt_graph2\dynamicsplinewidget.cpp(1,1): warning C4828: The file contains a character starting at offset 0x98e that is illegal in the current source character set (codepage 65001).
C:\Users\admin\Desktop\code\git_code\shAutomation\Prowell\cpp_versrion\qt_graph2\dynamicsplinewidget.cpp(1,1): warning C4828: The file contains a character starting at offset 0x98f that is illegal in the current source character set (codepage 65001).
C:\Users\admin\Desktop\code\git_code\shAutomation\Prowell\cpp_versrion\qt_graph2\dynamicsplinewidget.cpp(1,1): warning C4828: The file contains a character starting at offset 0x990 that is illegal in the current source character set (codepage 65001).
C:\Users\admin\Desktop\code\git_code\shAutomation\Prowell\cpp_versrion\qt_graph2\dynamicsplinewidget.cpp(1,1): warning C4828: The file contains a character starting at offset 0x992 that is illegal in the current source character set (codepage 65001).
C:\Users\admin\Desktop\code\git_code\shAutomation\Prowell\cpp_versrion\qt_graph2\dynamicsplinewidget.cpp(1,1): warning C4828: The file contains a character starting at offset 0x993 that is illegal in the current source character set (codepage 65001).
C:\Users\admin\Desktop\code\git_code\shAutomation\Prowell\cpp_versrion\qt_graph2\dynamicsplinewidget.cpp(1,1): warning C4828: The file contains a character starting at offset 0xa26 that is illegal in the current source character set (codepage 65001).
C:\Users\admin\Desktop\code\git_code\shAutomation\Prowell\cpp_versrion\qt_graph2\dynamicsplinewidget.cpp(1,1): warning C4828: The file contains a character starting at offset 0xa27 that is illegal in the current source character set (codepage 65001).
C:\Users\admin\Desktop\code\git_code\shAutomation\Prowell\cpp_versrion\qt_graph2\dynamicsplinewidget.cpp(1,1): warning C4828: The file contains a character starting at offset 0xa28 that is illegal in the current source character set (codepage 65001).
C:\Users\admin\Desktop\code\git_code\shAutomation\Prowell\cpp_versrion\qt_graph2\dynamicsplinewidget.cpp(1,1): warning C4828: The file contains a character starting at offset 0xa29 that is illegal in the current source character set (codepage 65001).
C:\Users\admin\Desktop\code\git_code\shAutomation\Prowell\cpp_versrion\qt_graph2\dynamicsplinewidget.cpp(1,1): warning C4828: The file contains a character starting at offset 0xa2b that is illegal in the current source character set (codepage 65001).
C:\Users\admin\Desktop\code\git_code\shAutomation\Prowell\cpp_versrion\qt_graph2\dynamicsplinewidget.cpp(1,1): warning C4828: The file contains a character starting at offset 0xa2c that is illegal in the current source character set (codepage 65001).
C:\Users\admin\Desktop\code\git_code\shAutomation\Prowell\cpp_versrion\qt_graph2\dynamicsplinewidget.cpp(1,1): warning C4828: The file contains a character starting at offset 0xa2d that is illegal in the current source character set (codepage 65001).
C:\Users\admin\Desktop\code\git_code\shAutomation\Prowell\cpp_versrion\qt_graph2\dynamicsplinewidget.cpp(1,1): warning C4828: The file contains a character starting at offset 0xa33 that is illegal in the current source character set (codepage 65001).
C:\Users\admin\Desktop\code\git_code\shAutomation\Prowell\cpp_versrion\qt_graph2\dynamicsplinewidget.cpp(1,1): warning C4828: The file contains a character starting at offset 0xa34 that is illegal in the current source character set (codepage 65001).
C:\Users\admin\Desktop\code\git_code\shAutomation\Prowell\cpp_versrion\qt_graph2\dynamicsplinewidget.cpp(1,1): warning C4828: The file contains a character starting at offset 0xa36 that is illegal in the current source character set (codepage 65001).
C:\Users\admin\Desktop\code\git_code\shAutomation\Prowell\cpp_versrion\qt_graph2\dynamicsplinewidget.cpp(1,1): warning C4828: The file contains a character starting at offset 0xa37 that is illegal in the current source character set (codepage 65001).
C:\Users\admin\Desktop\code\git_code\shAutomation\Prowell\cpp_versrion\qt_graph2\dynamicsplinewidget.cpp(1,1): warning C4828: The file contains a character starting at offset 0xa38 that is illegal in the current source character set (codepage 65001).
C:\Users\admin\Desktop\code\git_code\shAutomation\Prowell\cpp_versrion\qt_graph2\dynamicsplinewidget.cpp(1,1): warning C4828: The file contains a character starting at offset 0xa39 that is illegal in the current source character set (codepage 65001).
C:\Users\admin\Desktop\code\git_code\shAutomation\Prowell\cpp_versrion\qt_graph2\dynamicsplinewidget.cpp(1,1): warning C4828: The file contains a character starting at offset 0xa4e that is illegal in the current source character set (codepage 65001).
C:\Users\admin\Desktop\code\git_code\shAutomation\Prowell\cpp_versrion\qt_graph2\dynamicsplinewidget.cpp(1,1): warning C4828: The file contains a character starting at offset 0xa4f that is illegal in the current source character set (codepage 65001).
C:\Users\admin\Desktop\code\git_code\shAutomation\Prowell\cpp_versrion\qt_graph2\dynamicsplinewidget.cpp(1,1): warning C4828: The file contains a character starting at offset 0xa51 that is illegal in the current source character set (codepage 65001).
C:\Users\admin\Desktop\code\git_code\shAutomation\Prowell\cpp_versrion\qt_graph2\dynamicsplinewidget.cpp(1,1): warning C4828: The file contains a character starting at offset 0xa54 that is illegal in the current source character set (codepage 65001).
C:\Users\admin\Desktop\code\git_code\shAutomation\Prowell\cpp_versrion\qt_graph2\dynamicsplinewidget.cpp(1,1): warning C4828: The file contains a character starting at offset 0xa55 that is illegal in the current source character set (codepage 65001).
C:\Users\admin\Desktop\code\git_code\shAutomation\Prowell\cpp_versrion\qt_graph2\dynamicsplinewidget.cpp(1,1): warning C4828: The file contains a character starting at offset 0xa58 that is illegal in the current source character set (codepage 65001).
C:\Users\admin\Desktop\code\git_code\shAutomation\Prowell\cpp_versrion\qt_graph2\dynamicsplinewidget.cpp(1,1): warning C4828: The file contains a character starting at offset 0xa59 that is illegal in the current source character set (codepage 65001).
C:\Users\admin\Desktop\code\git_code\shAutomation\Prowell\cpp_versrion\qt_graph2\dynamicsplinewidget.cpp(1,1): warning C4828: The file contains a character starting at offset 0xa5b that is illegal in the current source character set (codepage 65001).
C:\Users\admin\Desktop\code\git_code\shAutomation\Prowell\cpp_versrion\qt_graph2\dynamicsplinewidget.cpp(1,1): warning C4828: The file contains a character starting at offset 0xa5c that is illegal in the current source character set (codepage 65001).
C:\Users\admin\Desktop\code\git_code\shAutomation\Prowell\cpp_versrion\qt_graph2\dynamicsplinewidget.cpp(1,1): warning C4828: The file contains a character starting at offset 0xa5d that is illegal in the current source character set (codepage 65001).
C:\Users\admin\Desktop\code\git_code\shAutomation\Prowell\cpp_versrion\qt_graph2\dynamicsplinewidget.cpp(1,1): warning C4828: The file contains a character starting at offset 0xa5f that is illegal in the current source character set (codepage 65001).
C:\Users\admin\Desktop\code\git_code\shAutomation\Prowell\cpp_versrion\qt_graph2\dynamicsplinewidget.cpp(1,1): warning C4828: The file contains a character starting at offset 0xa60 that is illegal in the current source character set (codepage 65001).
C:\Users\admin\Desktop\code\git_code\shAutomation\Prowell\cpp_versrion\qt_graph2\dynamicsplinewidget.cpp(1,1): warning C4828: The file contains a character starting at offset 0xa63 that is illegal in the current source character set (codepage 65001).
C:\Users\admin\Desktop\code\git_code\shAutomation\Prowell\cpp_versrion\qt_graph2\dynamicsplinewidget.cpp(1,1): warning C4828: The file contains a character starting at offset 0xa65 that is illegal in the current source character set (codepage 65001).
C:\Users\admin\Desktop\code\git_code\shAutomation\Prowell\cpp_versrion\qt_graph2\dynamicsplinewidget.cpp(1,1): warning C4828: The file contains a character starting at offset 0xa66 that is illegal in the current source character set (codepage 65001).
C:\Users\admin\Desktop\code\git_code\shAutomation\Prowell\cpp_versrion\qt_graph2\dynamicsplinewidget.cpp(1,1): warning C4828: The file contains a character starting at offset 0xa68 that is illegal in the current source character set (codepage 65001).
C:\Users\admin\Desktop\code\git_code\shAutomation\Prowell\cpp_versrion\qt_graph2\dynamicsplinewidget.cpp(1,1): warning C4828: The file contains a character starting at offset 0xa69 that is illegal in the current source character set (codepage 65001).
C:\Users\admin\Desktop\code\git_code\shAutomation\Prowell\cpp_versrion\qt_graph2\dynamicsplinewidget.cpp(1,1): warning C4828: The file contains a character starting at offset 0xa6a that is illegal in the current source character set (codepage 65001).
C:\Users\admin\Desktop\code\git_code\shAutomation\Prowell\cpp_versrion\qt_graph2\dynamicsplinewidget.cpp(1,1): warning C4828: The file contains a character starting at offset 0xa6b that is illegal in the current source character set (codepage 65001).
C:\Users\admin\Desktop\code\git_code\shAutomation\Prowell\cpp_versrion\qt_graph2\dynamicsplinewidget.cpp(1,1): warning C4828: The file contains a character starting at offset 0xa6f that is illegal in the current source character set (codepage 65001).
C:\Users\admin\Desktop\code\git_code\shAutomation\Prowell\cpp_versrion\qt_graph2\dynamicsplinewidget.cpp(1,1): warning C4828: The file contains a character starting at offset 0xa71 that is illegal in the current source character set (codepage 65001).
C:\Users\admin\Desktop\code\git_code\shAutomation\Prowell\cpp_versrion\qt_graph2\dynamicsplinewidget.cpp(1,1): warning C4828: The file contains a character starting at offset 0xa73 that is illegal in the current source character set (codepage 65001).
C:\Users\admin\Desktop\code\git_code\shAutomation\Prowell\cpp_versrion\qt_graph2\dynamicsplinewidget.cpp(1,1): warning C4828: The file contains a character starting at offset 0xa74 that is illegal in the current source character set (codepage 65001).
C:\Users\admin\Desktop\code\git_code\shAutomation\Prowell\cpp_versrion\qt_graph2\dynamicsplinewidget.cpp(1,1): warning C4828: The file contains a character starting at offset 0xaaf that is illegal in the current source character set (codepage 65001).
C:\Users\admin\Desktop\code\git_code\shAutomation\Prowell\cpp_versrion\qt_graph2\dynamicsplinewidget.cpp(1,1): warning C4828: The file contains a character starting at offset 0xab0 that is illegal in the current source character set (codepage 65001).
C:\Users\admin\Desktop\code\git_code\shAutomation\Prowell\cpp_versrion\qt_graph2\dynamicsplinewidget.cpp(1,1): warning C4828: The file contains a character starting at offset 0xab4 that is illegal in the current source character set (codepage 65001).
C:\Users\admin\Desktop\code\git_code\shAutomation\Prowell\cpp_versrion\qt_graph2\dynamicsplinewidget.cpp(1,1): warning C4828: The file contains a character starting at offset 0xab7 that is illegal in the current source character set (codepage 65001).
C:\Users\admin\Desktop\code\git_code\shAutomation\Prowell\cpp_versrion\qt_graph2\dynamicsplinewidget.cpp(1,1): warning C4828: The file contains a character starting at offset 0xab8 that is illegal in the current source character set (codepage 65001).
C:\Users\admin\Desktop\code\git_code\shAutomation\Prowell\cpp_versrion\qt_graph2\dynamicsplinewidget.cpp(1,1): warning C4828: The file contains a character starting at offset 0xab9 that is illegal in the current source character set (codepage 65001).
C:\Users\admin\Desktop\code\git_code\shAutomation\Prowell\cpp_versrion\qt_graph2\dynamicsplinewidget.cpp(1,1): warning C4828: The file contains a character starting at offset 0xabb that is illegal in the current source character set (codepage 65001).
C:\Users\admin\Desktop\code\git_code\shAutomation\Prowell\cpp_versrion\qt_graph2\dynamicsplinewidget.cpp(1,1): warning C4828: The file contains a character starting at offset 0xabd that is illegal in the current source character set (codepage 65001).
C:\Users\admin\Desktop\code\git_code\shAutomation\Prowell\cpp_versrion\qt_graph2\dynamicsplinewidget.cpp(1,1): warning C4828: The file contains a character starting at offset 0xabf that is illegal in the current source character set (codepage 65001).
C:\Users\admin\Desktop\code\git_code\shAutomation\Prowell\cpp_versrion\qt_graph2\dynamicsplinewidget.cpp(1,1): warning C4828: The file contains a character starting at offset 0xac0 that is illegal in the current source character set (codepage 65001).
C:\Users\admin\Desktop\code\git_code\shAutomation\Prowell\cpp_versrion\qt_graph2\dynamicsplinewidget.cpp(1,1): warning C4828: The file contains a character starting at offset 0xac2 that is illegal in the current source character set (codepage 65001).
C:\Users\admin\Desktop\code\git_code\shAutomation\Prowell\cpp_versrion\qt_graph2\dynamicsplinewidget.cpp(1,1): warning C4828: The file contains a character starting at offset 0xac4 that is illegal in the current source character set (codepage 65001).
C:\Users\admin\Desktop\code\git_code\shAutomation\Prowell\cpp_versrion\qt_graph2\dynamicsplinewidget.cpp(1,1): warning C4828: The file contains a character starting at offset 0xac6 that is illegal in the current source character set (codepage 65001).
C:\Users\admin\Desktop\code\git_code\shAutomation\Prowell\cpp_versrion\qt_graph2\dynamicsplinewidget.cpp(1,1): warning C4828: The file contains a character starting at offset 0xac7 that is illegal in the current source character set (codepage 65001).
C:\Users\admin\Desktop\code\git_code\shAutomation\Prowell\cpp_versrion\qt_graph2\dynamicsplinewidget.cpp(1,1): warning C4828: The file contains a character starting at offset 0xad3 that is illegal in the current source character set (codepage 65001).
C:\Users\admin\Desktop\code\git_code\shAutomation\Prowell\cpp_versrion\qt_graph2\dynamicsplinewidget.cpp(1,1): warning C4828: The file contains a character starting at offset 0xad4 that is illegal in the current source character set (codepage 65001).
C:\Users\admin\Desktop\code\git_code\shAutomation\Prowell\cpp_versrion\qt_graph2\dynamicsplinewidget.cpp(1,1): warning C4828: The file contains a character starting at offset 0xad5 that is illegal in the current source character set (codepage 65001).
C:\Users\admin\Desktop\code\git_code\shAutomation\Prowell\cpp_versrion\qt_graph2\dynamicsplinewidget.cpp(1,1): warning C4828: The file contains a character starting at offset 0xad6 that is illegal in the current source character set (codepage 65001).
C:\Users\admin\Desktop\code\git_code\shAutomation\Prowell\cpp_versrion\qt_graph2\dynamicsplinewidget.cpp(1,1): warning C4828: The file contains a character starting at offset 0xada that is illegal in the current source character set (codepage 65001).
C:\Users\admin\Desktop\code\git_code\shAutomation\Prowell\cpp_versrion\qt_graph2\dynamicsplinewidget.cpp(1,1): warning C4828: The file contains a character starting at offset 0xae9 that is illegal in the current source character set (codepage 65001).
C:\Users\admin\Desktop\code\git_code\shAutomation\Prowell\cpp_versrion\qt_graph2\dynamicsplinewidget.cpp(1,1): warning C4828: The file contains a character starting at offset 0xaea that is illegal in the current source character set (codepage 65001).
C:\Users\admin\Desktop\code\git_code\shAutomation\Prowell\cpp_versrion\qt_graph2\dynamicsplinewidget.cpp(1,1): warning C4828: The file contains a character starting at offset 0xaee that is illegal in the current source character set (codepage 65001).
C:\Users\admin\Desktop\code\git_code\shAutomation\Prowell\cpp_versrion\qt_graph2\dynamicsplinewidget.cpp(1,1): warning C4828: The file contains a character starting at offset 0xaf0 that is illegal in the current source character set (codepage 65001).
C:\Users\admin\Desktop\code\git_code\shAutomation\Prowell\cpp_versrion\qt_graph2\dynamicsplinewidget.cpp(1,1): warning C4828: The file contains a character starting at offset 0xaf1 that is illegal in the current source character set (codepage 65001).
C:\Users\admin\Desktop\code\git_code\shAutomation\Prowell\cpp_versrion\qt_graph2\dynamicsplinewidget.cpp(1,1): warning C4828: The file contains a character starting at offset 0xaf2 that is illegal in the current source character set (codepage 65001).
C:\Users\admin\Desktop\code\git_code\shAutomation\Prowell\cpp_versrion\qt_graph2\dynamicsplinewidget.cpp(1,1): warning C4828: The file contains a character starting at offset 0xaf5 that is illegal in the current source character set (codepage 65001).
C:\Users\admin\Desktop\code\git_code\shAutomation\Prowell\cpp_versrion\qt_graph2\dynamicsplinewidget.cpp(1,1): warning C4828: The file contains a character starting at offset 0xaf8 that is illegal in the current source character set (codepage 65001).
C:\Users\admin\Desktop\code\git_code\shAutomation\Prowell\cpp_versrion\qt_graph2\dynamicsplinewidget.cpp(1,1): warning C4828: The file contains a character starting at offset 0xafc that is illegal in the current source character set (codepage 65001).
C:\Users\admin\Desktop\code\git_code\shAutomation\Prowell\cpp_versrion\qt_graph2\dynamicsplinewidget.cpp(1,1): warning C4828: The file contains a character starting at offset 0xafe that is illegal in the current source character set (codepage 65001).
C:\Users\admin\Desktop\code\git_code\shAutomation\Prowell\cpp_versrion\qt_graph2\dynamicsplinewidget.cpp(1,1): warning C4828: The file contains a character starting at offset 0xaff that is illegal in the current source character set (codepage 65001).
C:\Users\admin\Desktop\code\git_code\shAutomation\Prowell\cpp_versrion\qt_graph2\dynamicsplinewidget.cpp(1,1): warning C4828: The file contains a character starting at offset 0xb03 that is illegal in the current source character set (codepage 65001).
C:\Users\admin\Desktop\code\git_code\shAutomation\Prowell\cpp_versrion\qt_graph2\dynamicsplinewidget.cpp(1,1): warning C4828: The file contains a character starting at offset 0xb04 that is illegal in the current source character set (codepage 65001).
C:\Users\admin\Desktop\code\git_code\shAutomation\Prowell\cpp_versrion\qt_graph2\dynamicsplinewidget.cpp(1,1): warning C4828: The file contains a character starting at offset 0xb05 that is illegal in the current source character set (codepage 65001).
C:\Users\admin\Desktop\code\git_code\shAutomation\Prowell\cpp_versrion\qt_graph2\dynamicsplinewidget.cpp(1,1): warning C4828: The file contains a character starting at offset 0xb07 that is illegal in the current source character set (codepage 65001).
C:\Users\admin\Desktop\code\git_code\shAutomation\Prowell\cpp_versrion\qt_graph2\dynamicsplinewidget.cpp(1,1): warning C4828: The file contains a character starting at offset 0xb08 that is illegal in the current source character set (codepage 65001).
C:\Users\admin\Desktop\code\git_code\shAutomation\Prowell\cpp_versrion\qt_graph2\dynamicsplinewidget.cpp(1,1): warning C4828: The file contains a character starting at offset 0xb0b that is illegal in the current source character set (codepage 65001).
C:\Users\admin\Desktop\code\git_code\shAutomation\Prowell\cpp_versrion\qt_graph2\dynamicsplinewidget.cpp(1,1): warning C4828: The file contains a character starting at offset 0xb0c that is illegal in the current source character set (codepage 65001).
C:\Users\admin\Desktop\code\git_code\shAutomation\Prowell\cpp_versrion\qt_graph2\dynamicsplinewidget.cpp(1,1): warning C4828: The file contains a character starting at offset 0xb9e that is illegal in the current source character set (codepage 65001).
C:\Users\admin\Desktop\code\git_code\shAutomation\Prowell\cpp_versrion\qt_graph2\dynamicsplinewidget.cpp(1,1): warning C4828: The file contains a character starting at offset 0xba3 that is illegal in the current source character set (codepage 65001).
C:\Users\admin\Desktop\code\git_code\shAutomation\Prowell\cpp_versrion\qt_graph2\dynamicsplinewidget.cpp(1,1): warning C4828: The file contains a character starting at offset 0xba4 that is illegal in the current source character set (codepage 65001).
C:\Users\admin\Desktop\code\git_code\shAutomation\Prowell\cpp_versrion\qt_graph2\dynamicsplinewidget.cpp(1,1): warning C4828: The file contains a character starting at offset 0xba5 that is illegal in the current source character set (codepage 65001).
C:\Users\admin\Desktop\code\git_code\shAutomation\Prowell\cpp_versrion\qt_graph2\dynamicsplinewidget.cpp(1,1): warning C4828: The file contains a character starting at offset 0xba6 that is illegal in the current source character set (codepage 65001).
C:\Users\admin\Desktop\code\git_code\shAutomation\Prowell\cpp_versrion\qt_graph2\dynamicsplinewidget.cpp(1,1): warning C4828: The file contains a character starting at offset 0xba7 that is illegal in the current source character set (codepage 65001).
C:\Users\admin\Desktop\code\git_code\shAutomation\Prowell\cpp_versrion\qt_graph2\dynamicsplinewidget.cpp(1,1): warning C4828: The file contains a character starting at offset 0xba9 that is illegal in the current source character set (codepage 65001).
C:\Users\admin\Desktop\code\git_code\shAutomation\Prowell\cpp_versrion\qt_graph2\dynamicsplinewidget.cpp(1,1): warning C4828: The file contains a character starting at offset 0xbaa that is illegal in the current source character set (codepage 65001).
C:\Users\admin\Desktop\code\git_code\shAutomation\Prowell\cpp_versrion\qt_graph2\dynamicsplinewidget.cpp(1,1): warning C4828: The file contains a character starting at offset 0xbab that is illegal in the current source character set (codepage 65001).
C:\Users\admin\Desktop\code\git_code\shAutomation\Prowell\cpp_versrion\qt_graph2\dynamicsplinewidget.cpp(1,1): warning C4828: The file contains a character starting at offset 0xbac that is illegal in the current source character set (codepage 65001).
C:\Users\admin\Desktop\code\git_code\shAutomation\Prowell\cpp_versrion\qt_graph2\dynamicsplinewidget.cpp(1,1): warning C4828: The file contains a character starting at offset 0xbba that is illegal in the current source character set (codepage 65001).
C:\Users\admin\Desktop\code\git_code\shAutomation\Prowell\cpp_versrion\qt_graph2\dynamicsplinewidget.cpp(1,1): warning C4828: The file contains a character starting at offset 0xbbb that is illegal in the current source character set (codepage 65001).
C:\Users\admin\Desktop\code\git_code\shAutomation\Prowell\cpp_versrion\qt_graph2\dynamicsplinewidget.cpp(1,1): warning C4828: The file contains a character starting at offset 0xbbf that is illegal in the current source character set (codepage 65001).
C:\Users\admin\Desktop\code\git_code\shAutomation\Prowell\cpp_versrion\qt_graph2\dynamicsplinewidget.cpp(1,1): warning C4828: The file contains a character starting at offset 0xbc0 that is illegal in the current source character set (codepage 65001).
C:\Users\admin\Desktop\code\git_code\shAutomation\Prowell\cpp_versrion\qt_graph2\dynamicsplinewidget.cpp(1,1): warning C4828: The file contains a character starting at offset 0xbc3 that is illegal in the current source character set (codepage 65001).
C:\Users\admin\Desktop\code\git_code\shAutomation\Prowell\cpp_versrion\qt_graph2\dynamicsplinewidget.cpp(1,1): warning C4828: The file contains a character starting at offset 0xbc4 that is illegal in the current source character set (codepage 65001).
  Generating code
  18 of 379 functions ( 4.7%) were compiled, the rest were copied from previous compilation.
    0 functions were new in current compilation
    14 functions had inline decision re-evaluated but remain unchanged
  Finished generating code
  qt_graph2.vcxproj -> C:\Users\admin\Desktop\code\git_code\shAutomation\Prowell\cpp_versrion\qt_graph2\x64\Release\qt_graph2.exe
  'pwsh.exe'은(는) 내부 또는 외부 명령, 실행할 수 있는 프로그램, 또는
  배치 파일이 아닙니다.
