   Qt/MSBuild: 3.3.1.1
   Qt: 6.8.1
  qt_modbus2.cpp
C:\Users\admin\Desktop\code\git_code\shAutomation\Prowell\cpp_versrion\qt_modbus2\modbus_server.h(1,1): warning C4828: The file contains a character starting at offset 0xcc that is illegal in the current source character set (codepage 65001).
  (compiling source file 'qt_modbus2.cpp')
  
C:\Users\admin\Desktop\code\git_code\shAutomation\Prowell\cpp_versrion\qt_modbus2\modbus_server.h(1,1): warning C4828: The file contains a character starting at offset 0xcd that is illegal in the current source character set (codepage 65001).
  (compiling source file 'qt_modbus2.cpp')
  
C:\Users\admin\Desktop\code\git_code\shAutomation\Prowell\cpp_versrion\qt_modbus2\modbus_server.h(1,1): warning C4828: The file contains a character starting at offset 0xce that is illegal in the current source character set (codepage 65001).
  (compiling source file 'qt_modbus2.cpp')
  
C:\Users\admin\Desktop\code\git_code\shAutomation\Prowell\cpp_versrion\qt_modbus2\modbus_server.h(1,1): warning C4828: The file contains a character starting at offset 0xcf that is illegal in the current source character set (codepage 65001).
  (compiling source file 'qt_modbus2.cpp')
  
C:\Users\admin\Desktop\code\git_code\shAutomation\Prowell\cpp_versrion\qt_modbus2\modbus_server.h(1,1): warning C4828: The file contains a character starting at offset 0xd2 that is illegal in the current source character set (codepage 65001).
  (compiling source file 'qt_modbus2.cpp')
  
C:\Users\admin\Desktop\code\git_code\shAutomation\Prowell\cpp_versrion\qt_modbus2\modbus_server.h(1,1): warning C4828: The file contains a character starting at offset 0xd3 that is illegal in the current source character set (codepage 65001).
  (compiling source file 'qt_modbus2.cpp')
  
C:\Users\admin\Desktop\code\git_code\shAutomation\Prowell\cpp_versrion\qt_modbus2\modbus_server.h(1,1): warning C4828: The file contains a character starting at offset 0xd4 that is illegal in the current source character set (codepage 65001).
  (compiling source file 'qt_modbus2.cpp')
  
C:\Users\admin\Desktop\code\git_code\shAutomation\Prowell\cpp_versrion\qt_modbus2\modbus_server.h(1,1): warning C4828: The file contains a character starting at offset 0x23a that is illegal in the current source character set (codepage 65001).
  (compiling source file 'qt_modbus2.cpp')
  
C:\Users\admin\Desktop\code\git_code\shAutomation\Prowell\cpp_versrion\qt_modbus2\modbus_server.h(1,1): warning C4828: The file contains a character starting at offset 0x23b that is illegal in the current source character set (codepage 65001).
  (compiling source file 'qt_modbus2.cpp')
  
C:\Users\admin\Desktop\code\git_code\shAutomation\Prowell\cpp_versrion\qt_modbus2\modbus_server.h(1,1): warning C4828: The file contains a character starting at offset 0x23f that is illegal in the current source character set (codepage 65001).
  (compiling source file 'qt_modbus2.cpp')
  
C:\Users\admin\Desktop\code\git_code\shAutomation\Prowell\cpp_versrion\qt_modbus2\modbus_server.h(1,1): warning C4828: The file contains a character starting at offset 0x241 that is illegal in the current source character set (codepage 65001).
  (compiling source file 'qt_modbus2.cpp')
  
C:\Users\admin\Desktop\code\git_code\shAutomation\Prowell\cpp_versrion\qt_modbus2\modbus_server.h(1,1): warning C4828: The file contains a character starting at offset 0x242 that is illegal in the current source character set (codepage 65001).
  (compiling source file 'qt_modbus2.cpp')
  
  qt_modbus2.vcxproj -> C:\Users\admin\Desktop\code\git_code\shAutomation\Prowell\cpp_versrion\qt_modbus2\x64\Debug\qt_modbus2.exe
  'pwsh.exe'은(는) 내부 또는 외부 명령, 실행할 수 있는 프로그램, 또는
  배치 파일이 아닙니다.
