c:\users\admin\desktop\code\git_code\shautomation\prowell\cpp_versrion\qt_modbus2\qt_modbus2\x64\debug\vc143.pdb
c:\users\admin\desktop\code\git_code\shautomation\prowell\cpp_versrion\qt_modbus2\qt_modbus2\x64\debug\vc143.idb
c:\users\admin\desktop\code\git_code\shautomation\prowell\cpp_versrion\qt_modbus2\qt_modbus2\x64\debug\qrc_qt_modbus2.obj
c:\users\admin\desktop\code\git_code\shautomation\prowell\cpp_versrion\qt_modbus2\qt_modbus2\x64\debug\qt_modbus2.obj
c:\users\admin\desktop\code\git_code\shautomation\prowell\cpp_versrion\qt_modbus2\qt_modbus2\x64\debug\main.obj
c:\users\admin\desktop\code\git_code\shautomation\prowell\cpp_versrion\qt_modbus2\qt_modbus2\x64\debug\settingwidget.obj
c:\users\admin\desktop\code\git_code\shautomation\prowell\cpp_versrion\qt_modbus2\qt_modbus2\x64\debug\moc_qt_modbus2.obj
c:\users\admin\desktop\code\git_code\shautomation\prowell\cpp_versrion\qt_modbus2\qt_modbus2\x64\debug\moc_settingwidget.obj
c:\users\admin\desktop\code\git_code\shautomation\prowell\cpp_versrion\qt_modbus2\qt_modbus2\x64\debug\qt\moc\moc_qt_modbus2.cpp
c:\users\admin\desktop\code\git_code\shautomation\prowell\cpp_versrion\qt_modbus2\qt_modbus2\x64\debug\qt\moc\moc_settingwidget.cpp
c:\users\admin\desktop\code\git_code\shautomation\prowell\cpp_versrion\qt_modbus2\qt_modbus2\x64\debug\qt\uic\ui_qt_modbus2.h
c:\users\admin\desktop\code\git_code\shautomation\prowell\cpp_versrion\qt_modbus2\qt_modbus2\x64\debug\qt\rcc\qrc_qt_modbus2.cpp
c:\users\admin\desktop\code\git_code\shautomation\prowell\cpp_versrion\qt_modbus2\qt_modbus2\x64\debug\qt_modbus2.tlog\cl.command.1.tlog
c:\users\admin\desktop\code\git_code\shautomation\prowell\cpp_versrion\qt_modbus2\qt_modbus2\x64\debug\qt_modbus2.tlog\cl.read.1.tlog
c:\users\admin\desktop\code\git_code\shautomation\prowell\cpp_versrion\qt_modbus2\qt_modbus2\x64\debug\qt_modbus2.tlog\cl.write.1.tlog
c:\users\admin\desktop\code\git_code\shautomation\prowell\cpp_versrion\qt_modbus2\qt_modbus2\x64\debug\qt_modbus2.tlog\link.command.1.tlog
c:\users\admin\desktop\code\git_code\shautomation\prowell\cpp_versrion\qt_modbus2\qt_modbus2\x64\debug\qt_modbus2.tlog\link.read.1.tlog
c:\users\admin\desktop\code\git_code\shautomation\prowell\cpp_versrion\qt_modbus2\qt_modbus2\x64\debug\qt_modbus2.tlog\link.write.1.tlog
c:\users\admin\desktop\code\git_code\shautomation\prowell\cpp_versrion\qt_modbus2\qt_modbus2\x64\debug\qt_modbus2.tlog\moc.read.1u.tlog
c:\users\admin\desktop\code\git_code\shautomation\prowell\cpp_versrion\qt_modbus2\qt_modbus2\x64\debug\qt_modbus2.tlog\moc.write.1u.tlog
c:\users\admin\desktop\code\git_code\shautomation\prowell\cpp_versrion\qt_modbus2\qt_modbus2\x64\debug\qt_modbus2.tlog\qt_modbus2.write.1u.tlog
c:\users\admin\desktop\code\git_code\shautomation\prowell\cpp_versrion\qt_modbus2\qt_modbus2\x64\debug\qt_modbus2.tlog\rcc.read.1u.tlog
c:\users\admin\desktop\code\git_code\shautomation\prowell\cpp_versrion\qt_modbus2\qt_modbus2\x64\debug\qt_modbus2.tlog\rcc.write.1u.tlog
c:\users\admin\desktop\code\git_code\shautomation\prowell\cpp_versrion\qt_modbus2\qt_modbus2\x64\debug\qt_modbus2.tlog\uic.read.1u.tlog
c:\users\admin\desktop\code\git_code\shautomation\prowell\cpp_versrion\qt_modbus2\qt_modbus2\x64\debug\qt_modbus2.tlog\uic.write.1u.tlog
