   Qt/MSBuild: 3.3.1.1
   Qt: 6.8.1
  qt_window.cpp
  qt_modbus_multi.cpp
  main.cpp
C:\Users\admin\Desktop\code\git_code\shAutomation\Prowell\cpp_versrion\qt_modbus_multi\qt_modbus_multi\qt_window.cpp(1,1): warning C4828: The file contains a character starting at offset 0x139 that is illegal in the current source character set (codepage 65001).
C:\Users\admin\Desktop\code\git_code\shAutomation\Prowell\cpp_versrion\qt_modbus_multi\qt_modbus_multi\qt_window.cpp(1,1): warning C4828: The file contains a character starting at offset 0x13a that is illegal in the current source character set (codepage 65001).
C:\Users\admin\Desktop\code\git_code\shAutomation\Prowell\cpp_versrion\qt_modbus_multi\qt_modbus_multi\qt_window.h(1,1): warning C4828: The file contains a character starting at offset 0x129 that is illegal in the current source character set (codepage 65001).
  (compiling source file 'main.cpp')
  
C:\Users\admin\Desktop\code\git_code\shAutomation\Prowell\cpp_versrion\qt_modbus_multi\qt_modbus_multi\qt_window.cpp(1,1): warning C4828: The file contains a character starting at offset 0x147 that is illegal in the current source character set (codepage 65001).
C:\Users\admin\Desktop\code\git_code\shAutomation\Prowell\cpp_versrion\qt_modbus_multi\qt_modbus_multi\qt_window.h(1,1): warning C4828: The file contains a character starting at offset 0x12a that is illegal in the current source character set (codepage 65001).
  (compiling source file 'main.cpp')
  
C:\Users\admin\Desktop\code\git_code\shAutomation\Prowell\cpp_versrion\qt_modbus_multi\qt_modbus_multi\qt_window.cpp(1,1): warning C4828: The file contains a character starting at offset 0x148 that is illegal in the current source character set (codepage 65001).
C:\Users\admin\Desktop\code\git_code\shAutomation\Prowell\cpp_versrion\qt_modbus_multi\qt_modbus_multi\qt_window.h(1,1): warning C4828: The file contains a character starting at offset 0x12b that is illegal in the current source character set (codepage 65001).
  (compiling source file 'main.cpp')
  
C:\Users\admin\Desktop\code\git_code\shAutomation\Prowell\cpp_versrion\qt_modbus_multi\qt_modbus_multi\qt_window.cpp(1,1): warning C4828: The file contains a character starting at offset 0x149 that is illegal in the current source character set (codepage 65001).
C:\Users\admin\Desktop\code\git_code\shAutomation\Prowell\cpp_versrion\qt_modbus_multi\qt_modbus_multi\qt_window.h(1,1): warning C4828: The file contains a character starting at offset 0x12c that is illegal in the current source character set (codepage 65001).
  (compiling source file 'main.cpp')
  
C:\Users\admin\Desktop\code\git_code\shAutomation\Prowell\cpp_versrion\qt_modbus_multi\qt_modbus_multi\qt_window.cpp(1,1): warning C4828: The file contains a character starting at offset 0x14a that is illegal in the current source character set (codepage 65001).
C:\Users\admin\Desktop\code\git_code\shAutomation\Prowell\cpp_versrion\qt_modbus_multi\qt_modbus_multi\qt_window.cpp(1,1): warning C4828: The file contains a character starting at offset 0x14e that is illegal in the current source character set (codepage 65001).
C:\Users\admin\Desktop\code\git_code\shAutomation\Prowell\cpp_versrion\qt_modbus_multi\qt_modbus_multi\qt_window.h(1,1): warning C4828: The file contains a character starting at offset 0x12e that is illegal in the current source character set (codepage 65001).
  (compiling source file 'main.cpp')
  
C:\Users\admin\Desktop\code\git_code\shAutomation\Prowell\cpp_versrion\qt_modbus_multi\qt_modbus_multi\qt_window.cpp(1,1): warning C4828: The file contains a character starting at offset 0x150 that is illegal in the current source character set (codepage 65001).
C:\Users\admin\Desktop\code\git_code\shAutomation\Prowell\cpp_versrion\qt_modbus_multi\qt_modbus_multi\qt_window.h(1,1): warning C4828: The file contains a character starting at offset 0x12f that is illegal in the current source character set (codepage 65001).
  (compiling source file 'main.cpp')
  
C:\Users\admin\Desktop\code\git_code\shAutomation\Prowell\cpp_versrion\qt_modbus_multi\qt_modbus_multi\qt_window.cpp(1,1): warning C4828: The file contains a character starting at offset 0x151 that is illegal in the current source character set (codepage 65001).
C:\Users\admin\Desktop\code\git_code\shAutomation\Prowell\cpp_versrion\qt_modbus_multi\qt_modbus_multi\qt_window.cpp(1,1): warning C4828: The file contains a character starting at offset 0x1c5 that is illegal in the current source character set (codepage 65001).
C:\Users\admin\Desktop\code\git_code\shAutomation\Prowell\cpp_versrion\qt_modbus_multi\qt_modbus_multi\qt_window.cpp(1,1): warning C4828: The file contains a character starting at offset 0x1c6 that is illegal in the current source character set (codepage 65001).
C:\Users\admin\Desktop\code\git_code\shAutomation\Prowell\cpp_versrion\qt_modbus_multi\qt_modbus_multi\qt_window.h(1,1): warning C4828: The file contains a character starting at offset 0x130 that is illegal in the current source character set (codepage 65001).
  (compiling source file 'main.cpp')
  
C:\Users\admin\Desktop\code\git_code\shAutomation\Prowell\cpp_versrion\qt_modbus_multi\qt_modbus_multi\qt_window.cpp(1,1): warning C4828: The file contains a character starting at offset 0x1c8 that is illegal in the current source character set (codepage 65001).
C:\Users\admin\Desktop\code\git_code\shAutomation\Prowell\cpp_versrion\qt_modbus_multi\qt_modbus_multi\qt_window.cpp(1,1): warning C4828: The file contains a character starting at offset 0x1c9 that is illegal in the current source character set (codepage 65001).
C:\Users\admin\Desktop\code\git_code\shAutomation\Prowell\cpp_versrion\qt_modbus_multi\qt_modbus_multi\qt_window.cpp(1,1): warning C4828: The file contains a character starting at offset 0x1ca that is illegal in the current source character set (codepage 65001).
C:\Users\admin\Desktop\code\git_code\shAutomation\Prowell\cpp_versrion\qt_modbus_multi\qt_modbus_multi\qt_window.h(1,1): warning C4828: The file contains a character starting at offset 0x131 that is illegal in the current source character set (codepage 65001).
  (compiling source file 'main.cpp')
  
C:\Users\admin\Desktop\code\git_code\shAutomation\Prowell\cpp_versrion\qt_modbus_multi\qt_modbus_multi\qt_window.cpp(1,1): warning C4828: The file contains a character starting at offset 0x1cb that is illegal in the current source character set (codepage 65001).
C:\Users\admin\Desktop\code\git_code\shAutomation\Prowell\cpp_versrion\qt_modbus_multi\qt_modbus_multi\qt_window.cpp(1,1): warning C4828: The file contains a character starting at offset 0x1cf that is illegal in the current source character set (codepage 65001).
C:\Users\admin\Desktop\code\git_code\shAutomation\Prowell\cpp_versrion\qt_modbus_multi\qt_modbus_multi\qt_window.h(1,1): warning C4828: The file contains a character starting at offset 0x133 that is illegal in the current source character set (codepage 65001).
  (compiling source file 'main.cpp')
  
C:\Users\admin\Desktop\code\git_code\shAutomation\Prowell\cpp_versrion\qt_modbus_multi\qt_modbus_multi\qt_window.cpp(1,1): warning C4828: The file contains a character starting at offset 0x1d1 that is illegal in the current source character set (codepage 65001).
C:\Users\admin\Desktop\code\git_code\shAutomation\Prowell\cpp_versrion\qt_modbus_multi\qt_modbus_multi\qt_window.cpp(1,1): warning C4828: The file contains a character starting at offset 0x1d2 that is illegal in the current source character set (codepage 65001).
C:\Users\admin\Desktop\code\git_code\shAutomation\Prowell\cpp_versrion\qt_modbus_multi\qt_modbus_multi\qt_window.cpp(1,1): warning C4828: The file contains a character starting at offset 0x1d3 that is illegal in the current source character set (codepage 65001).
C:\Users\admin\Desktop\code\git_code\shAutomation\Prowell\cpp_versrion\qt_modbus_multi\qt_modbus_multi\qt_window.h(1,1): warning C4828: The file contains a character starting at offset 0x135 that is illegal in the current source character set (codepage 65001).
  (compiling source file 'main.cpp')
  
C:\Users\admin\Desktop\code\git_code\shAutomation\Prowell\cpp_versrion\qt_modbus_multi\qt_modbus_multi\qt_window.cpp(1,1): warning C4828: The file contains a character starting at offset 0x1d6 that is illegal in the current source character set (codepage 65001).
C:\Users\admin\Desktop\code\git_code\shAutomation\Prowell\cpp_versrion\qt_modbus_multi\qt_modbus_multi\qt_window.h(1,1): warning C4828: The file contains a character starting at offset 0x136 that is illegal in the current source character set (codepage 65001).
  (compiling source file 'main.cpp')
  
C:\Users\admin\Desktop\code\git_code\shAutomation\Prowell\cpp_versrion\qt_modbus_multi\qt_modbus_multi\qt_window.cpp(1,1): warning C4828: The file contains a character starting at offset 0x1da that is illegal in the current source character set (codepage 65001).
C:\Users\admin\Desktop\code\git_code\shAutomation\Prowell\cpp_versrion\qt_modbus_multi\qt_modbus_multi\qt_window.h(1,1): warning C4828: The file contains a character starting at offset 0x137 that is illegal in the current source character set (codepage 65001).
  (compiling source file 'main.cpp')
  
C:\Users\admin\Desktop\code\git_code\shAutomation\Prowell\cpp_versrion\qt_modbus_multi\qt_modbus_multi\qt_window.cpp(1,1): warning C4828: The file contains a character starting at offset 0x1db that is illegal in the current source character set (codepage 65001).
C:\Users\admin\Desktop\code\git_code\shAutomation\Prowell\cpp_versrion\qt_modbus_multi\qt_modbus_multi\qt_window.h(1,1): warning C4828: The file contains a character starting at offset 0x138 that is illegal in the current source character set (codepage 65001).
  (compiling source file 'main.cpp')
  
C:\Users\admin\Desktop\code\git_code\shAutomation\Prowell\cpp_versrion\qt_modbus_multi\qt_modbus_multi\qt_window.cpp(1,1): warning C4828: The file contains a character starting at offset 0x1df that is illegal in the current source character set (codepage 65001).
C:\Users\admin\Desktop\code\git_code\shAutomation\Prowell\cpp_versrion\qt_modbus_multi\qt_modbus_multi\qt_window.cpp(1,1): warning C4828: The file contains a character starting at offset 0x1e0 that is illegal in the current source character set (codepage 65001).
C:\Users\admin\Desktop\code\git_code\shAutomation\Prowell\cpp_versrion\qt_modbus_multi\qt_modbus_multi\qt_window.h(1,1): warning C4828: The file contains a character starting at offset 0x13c that is illegal in the current source character set (codepage 65001).
  (compiling source file 'main.cpp')
  
C:\Users\admin\Desktop\code\git_code\shAutomation\Prowell\cpp_versrion\qt_modbus_multi\qt_modbus_multi\qt_window.cpp(1,1): warning C4828: The file contains a character starting at offset 0x1e1 that is illegal in the current source character set (codepage 65001).
C:\Users\admin\Desktop\code\git_code\shAutomation\Prowell\cpp_versrion\qt_modbus_multi\qt_modbus_multi\qt_window.cpp(1,1): warning C4828: The file contains a character starting at offset 0x1e3 that is illegal in the current source character set (codepage 65001).
C:\Users\admin\Desktop\code\git_code\shAutomation\Prowell\cpp_versrion\qt_modbus_multi\qt_modbus_multi\qt_window.h(1,1): warning C4828: The file contains a character starting at offset 0x13d that is illegal in the current source character set (codepage 65001).
  (compiling source file 'main.cpp')
  
C:\Users\admin\Desktop\code\git_code\shAutomation\Prowell\cpp_versrion\qt_modbus_multi\qt_modbus_multi\qt_window.cpp(1,1): warning C4828: The file contains a character starting at offset 0x1e5 that is illegal in the current source character set (codepage 65001).
C:\Users\admin\Desktop\code\git_code\shAutomation\Prowell\cpp_versrion\qt_modbus_multi\qt_modbus_multi\qt_window.h(1,1): warning C4828: The file contains a character starting at offset 0x369 that is illegal in the current source character set (codepage 65001).
  (compiling source file 'main.cpp')
  
C:\Users\admin\Desktop\code\git_code\shAutomation\Prowell\cpp_versrion\qt_modbus_multi\qt_modbus_multi\qt_window.h(1,1): warning C4828: The file contains a character starting at offset 0x36a that is illegal in the current source character set (codepage 65001).
  (compiling source file 'main.cpp')
  
C:\Users\admin\Desktop\code\git_code\shAutomation\Prowell\cpp_versrion\qt_modbus_multi\qt_modbus_multi\qt_window.h(1,1): warning C4828: The file contains a character starting at offset 0x36c that is illegal in the current source character set (codepage 65001).
  (compiling source file 'main.cpp')
  
C:\Users\admin\Desktop\code\git_code\shAutomation\Prowell\cpp_versrion\qt_modbus_multi\qt_modbus_multi\qt_window.h(1,1): warning C4828: The file contains a character starting at offset 0x36d that is illegal in the current source character set (codepage 65001).
  (compiling source file 'main.cpp')
  
C:\Users\admin\Desktop\code\git_code\shAutomation\Prowell\cpp_versrion\qt_modbus_multi\qt_modbus_multi\qt_window.h(1,1): warning C4828: The file contains a character starting at offset 0x36e that is illegal in the current source character set (codepage 65001).
  (compiling source file 'main.cpp')
  
C:\Users\admin\Desktop\code\git_code\shAutomation\Prowell\cpp_versrion\qt_modbus_multi\qt_modbus_multi\qt_window.cpp(1,1): warning C4828: The file contains a character starting at offset 0x1e6 that is illegal in the current source character set (codepage 65001).
C:\Users\admin\Desktop\code\git_code\shAutomation\Prowell\cpp_versrion\qt_modbus_multi\qt_modbus_multi\qt_window.h(1,1): warning C4828: The file contains a character starting at offset 0x36f that is illegal in the current source character set (codepage 65001).
  (compiling source file 'main.cpp')
  
C:\Users\admin\Desktop\code\git_code\shAutomation\Prowell\cpp_versrion\qt_modbus_multi\qt_modbus_multi\qt_window.cpp(1,1): warning C4828: The file contains a character starting at offset 0x25b that is illegal in the current source character set (codepage 65001).
C:\Users\admin\Desktop\code\git_code\shAutomation\Prowell\cpp_versrion\qt_modbus_multi\qt_modbus_multi\qt_window.h(1,1): warning C4828: The file contains a character starting at offset 0x371 that is illegal in the current source character set (codepage 65001).
  (compiling source file 'main.cpp')
  
C:\Users\admin\Desktop\code\git_code\shAutomation\Prowell\cpp_versrion\qt_modbus_multi\qt_modbus_multi\qt_window.cpp(1,1): warning C4828: The file contains a character starting at offset 0x25c that is illegal in the current source character set (codepage 65001).
C:\Users\admin\Desktop\code\git_code\shAutomation\Prowell\cpp_versrion\qt_modbus_multi\qt_modbus_multi\qt_window.h(1,1): warning C4828: The file contains a character starting at offset 0x372 that is illegal in the current source character set (codepage 65001).
  (compiling source file 'main.cpp')
  
C:\Users\admin\Desktop\code\git_code\shAutomation\Prowell\cpp_versrion\qt_modbus_multi\qt_modbus_multi\qt_window.cpp(1,1): warning C4828: The file contains a character starting at offset 0x27f that is illegal in the current source character set (codepage 65001).
C:\Users\admin\Desktop\code\git_code\shAutomation\Prowell\cpp_versrion\qt_modbus_multi\qt_modbus_multi\qt_window.h(1,1): warning C4828: The file contains a character starting at offset 0x373 that is illegal in the current source character set (codepage 65001).
  (compiling source file 'main.cpp')
  
C:\Users\admin\Desktop\code\git_code\shAutomation\Prowell\cpp_versrion\qt_modbus_multi\qt_modbus_multi\qt_window.cpp(1,1): warning C4828: The file contains a character starting at offset 0x280 that is illegal in the current source character set (codepage 65001).
C:\Users\admin\Desktop\code\git_code\shAutomation\Prowell\cpp_versrion\qt_modbus_multi\qt_modbus_multi\qt_window.h(1,1): warning C4828: The file contains a character starting at offset 0x374 that is illegal in the current source character set (codepage 65001).
  (compiling source file 'main.cpp')
  
C:\Users\admin\Desktop\code\git_code\shAutomation\Prowell\cpp_versrion\qt_modbus_multi\qt_modbus_multi\qt_window.h(1,1): warning C4828: The file contains a character starting at offset 0x377 that is illegal in the current source character set (codepage 65001).
  (compiling source file 'main.cpp')
  
C:\Users\admin\Desktop\code\git_code\shAutomation\Prowell\cpp_versrion\qt_modbus_multi\qt_modbus_multi\qt_window.cpp(1,1): warning C4828: The file contains a character starting at offset 0x284 that is illegal in the current source character set (codepage 65001).
C:\Users\admin\Desktop\code\git_code\shAutomation\Prowell\cpp_versrion\qt_modbus_multi\qt_modbus_multi\qt_window.h(1,1): warning C4828: The file contains a character starting at offset 0x378 that is illegal in the current source character set (codepage 65001).
  (compiling source file 'main.cpp')
  
C:\Users\admin\Desktop\code\git_code\shAutomation\Prowell\cpp_versrion\qt_modbus_multi\qt_modbus_multi\qt_window.cpp(1,1): warning C4828: The file contains a character starting at offset 0x285 that is illegal in the current source character set (codepage 65001).
C:\Users\admin\Desktop\code\git_code\shAutomation\Prowell\cpp_versrion\qt_modbus_multi\qt_modbus_multi\qt_window.h(1,1): warning C4828: The file contains a character starting at offset 0x37d that is illegal in the current source character set (codepage 65001).
  (compiling source file 'main.cpp')
  
C:\Users\admin\Desktop\code\git_code\shAutomation\Prowell\cpp_versrion\qt_modbus_multi\qt_modbus_multi\qt_window.cpp(1,1): warning C4828: The file contains a character starting at offset 0x5bf that is illegal in the current source character set (codepage 65001).
C:\Users\admin\Desktop\code\git_code\shAutomation\Prowell\cpp_versrion\qt_modbus_multi\qt_modbus_multi\qt_window.cpp(1,1): warning C4828: The file contains a character starting at offset 0x5c1 that is illegal in the current source character set (codepage 65001).
C:\Users\admin\Desktop\code\git_code\shAutomation\Prowell\cpp_versrion\qt_modbus_multi\qt_modbus_multi\qt_window.h(1,1): warning C4828: The file contains a character starting at offset 0x37e that is illegal in the current source character set (codepage 65001).
  (compiling source file 'main.cpp')
  
C:\Users\admin\Desktop\code\git_code\shAutomation\Prowell\cpp_versrion\qt_modbus_multi\qt_modbus_multi\qt_window.cpp(1,1): warning C4828: The file contains a character starting at offset 0x5c2 that is illegal in the current source character set (codepage 65001).
C:\Users\admin\Desktop\code\git_code\shAutomation\Prowell\cpp_versrion\qt_modbus_multi\qt_modbus_multi\qt_window.cpp(1,1): warning C4828: The file contains a character starting at offset 0x5c5 that is illegal in the current source character set (codepage 65001).
C:\Users\admin\Desktop\code\git_code\shAutomation\Prowell\cpp_versrion\qt_modbus_multi\qt_modbus_multi\qt_window.h(1,1): warning C4828: The file contains a character starting at offset 0x37f that is illegal in the current source character set (codepage 65001).
  (compiling source file 'main.cpp')
  
C:\Users\admin\Desktop\code\git_code\shAutomation\Prowell\cpp_versrion\qt_modbus_multi\qt_modbus_multi\qt_window.cpp(1,1): warning C4828: The file contains a character starting at offset 0x5c9 that is illegal in the current source character set (codepage 65001).
C:\Users\admin\Desktop\code\git_code\shAutomation\Prowell\cpp_versrion\qt_modbus_multi\qt_modbus_multi\qt_window.cpp(1,1): warning C4828: The file contains a character starting at offset 0x5ca that is illegal in the current source character set (codepage 65001).
C:\Users\admin\Desktop\code\git_code\shAutomation\Prowell\cpp_versrion\qt_modbus_multi\qt_modbus_multi\qt_window.cpp(1,1): warning C4828: The file contains a character starting at offset 0x5cb that is illegal in the current source character set (codepage 65001).
C:\Users\admin\Desktop\code\git_code\shAutomation\Prowell\cpp_versrion\qt_modbus_multi\qt_modbus_multi\qt_window.cpp(1,1): warning C4828: The file contains a character starting at offset 0x5cc that is illegal in the current source character set (codepage 65001).
C:\Users\admin\Desktop\code\git_code\shAutomation\Prowell\cpp_versrion\qt_modbus_multi\qt_modbus_multi\qt_window.cpp(1,1): warning C4828: The file contains a character starting at offset 0x5cd that is illegal in the current source character set (codepage 65001).
C:\Users\admin\Desktop\code\git_code\shAutomation\Prowell\cpp_versrion\qt_modbus_multi\qt_modbus_multi\qt_window.cpp(1,1): warning C4828: The file contains a character starting at offset 0x5cf that is illegal in the current source character set (codepage 65001).
C:\Users\admin\Desktop\code\git_code\shAutomation\Prowell\cpp_versrion\qt_modbus_multi\qt_modbus_multi\qt_window.cpp(1,1): warning C4828: The file contains a character starting at offset 0x5d0 that is illegal in the current source character set (codepage 65001).
C:\Users\admin\Desktop\code\git_code\shAutomation\Prowell\cpp_versrion\qt_modbus_multi\qt_modbus_multi\qt_window.cpp(1,1): warning C4828: The file contains a character starting at offset 0x5d4 that is illegal in the current source character set (codepage 65001).
C:\Users\admin\Desktop\code\git_code\shAutomation\Prowell\cpp_versrion\qt_modbus_multi\qt_modbus_multi\qt_window.cpp(1,1): warning C4828: The file contains a character starting at offset 0x6b4 that is illegal in the current source character set (codepage 65001).
C:\Users\admin\Desktop\code\git_code\shAutomation\Prowell\cpp_versrion\qt_modbus_multi\qt_modbus_multi\qt_window.cpp(1,1): warning C4828: The file contains a character starting at offset 0x6b5 that is illegal in the current source character set (codepage 65001).
C:\Users\admin\Desktop\code\git_code\shAutomation\Prowell\cpp_versrion\qt_modbus_multi\qt_modbus_multi\qt_window.cpp(1,1): warning C4828: The file contains a character starting at offset 0x6b6 that is illegal in the current source character set (codepage 65001).
C:\Users\admin\Desktop\code\git_code\shAutomation\Prowell\cpp_versrion\qt_modbus_multi\qt_modbus_multi\qt_window.cpp(1,1): warning C4828: The file contains a character starting at offset 0x6b7 that is illegal in the current source character set (codepage 65001).
C:\Users\admin\Desktop\code\git_code\shAutomation\Prowell\cpp_versrion\qt_modbus_multi\qt_modbus_multi\qt_window.cpp(1,1): warning C4828: The file contains a character starting at offset 0x6b9 that is illegal in the current source character set (codepage 65001).
C:\Users\admin\Desktop\code\git_code\shAutomation\Prowell\cpp_versrion\qt_modbus_multi\qt_modbus_multi\qt_window.cpp(1,1): warning C4828: The file contains a character starting at offset 0x6bd that is illegal in the current source character set (codepage 65001).
C:\Users\admin\Desktop\code\git_code\shAutomation\Prowell\cpp_versrion\qt_modbus_multi\qt_modbus_multi\qt_window.cpp(1,1): warning C4828: The file contains a character starting at offset 0x6be that is illegal in the current source character set (codepage 65001).
C:\Users\admin\Desktop\code\git_code\shAutomation\Prowell\cpp_versrion\qt_modbus_multi\qt_modbus_multi\qt_window.cpp(1,1): warning C4828: The file contains a character starting at offset 0x6bf that is illegal in the current source character set (codepage 65001).
C:\Users\admin\Desktop\code\git_code\shAutomation\Prowell\cpp_versrion\qt_modbus_multi\qt_modbus_multi\qt_window.cpp(1,1): warning C4828: The file contains a character starting at offset 0x6c0 that is illegal in the current source character set (codepage 65001).
C:\Users\admin\Desktop\code\git_code\shAutomation\Prowell\cpp_versrion\qt_modbus_multi\qt_modbus_multi\qt_window.cpp(1,1): warning C4828: The file contains a character starting at offset 0x6c2 that is illegal in the current source character set (codepage 65001).
C:\Users\admin\Desktop\code\git_code\shAutomation\Prowell\cpp_versrion\qt_modbus_multi\qt_modbus_multi\qt_window.cpp(1,1): warning C4828: The file contains a character starting at offset 0x6c3 that is illegal in the current source character set (codepage 65001).
C:\Users\admin\Desktop\code\git_code\shAutomation\Prowell\cpp_versrion\qt_modbus_multi\qt_modbus_multi\qt_window.cpp(1,1): warning C4828: The file contains a character starting at offset 0x6c4 that is illegal in the current source character set (codepage 65001).
C:\Users\admin\Desktop\code\git_code\shAutomation\Prowell\cpp_versrion\qt_modbus_multi\qt_modbus_multi\qt_window.cpp(1,1): warning C4828: The file contains a character starting at offset 0x6c7 that is illegal in the current source character set (codepage 65001).
C:\Users\admin\Desktop\code\git_code\shAutomation\Prowell\cpp_versrion\qt_modbus_multi\qt_modbus_multi\qt_window.cpp(1,1): warning C4828: The file contains a character starting at offset 0x6cb that is illegal in the current source character set (codepage 65001).
C:\Users\admin\Desktop\code\git_code\shAutomation\Prowell\cpp_versrion\qt_modbus_multi\qt_modbus_multi\qt_window.cpp(1,1): warning C4828: The file contains a character starting at offset 0x6cc that is illegal in the current source character set (codepage 65001).
C:\Users\admin\Desktop\code\git_code\shAutomation\Prowell\cpp_versrion\qt_modbus_multi\qt_modbus_multi\qt_window.cpp(1,1): warning C4828: The file contains a character starting at offset 0x6d0 that is illegal in the current source character set (codepage 65001).
C:\Users\admin\Desktop\code\git_code\shAutomation\Prowell\cpp_versrion\qt_modbus_multi\qt_modbus_multi\qt_window.cpp(1,1): warning C4828: The file contains a character starting at offset 0x6d2 that is illegal in the current source character set (codepage 65001).
C:\Users\admin\Desktop\code\git_code\shAutomation\Prowell\cpp_versrion\qt_modbus_multi\qt_modbus_multi\qt_window.cpp(1,1): warning C4828: The file contains a character starting at offset 0x6da that is illegal in the current source character set (codepage 65001).
C:\Users\admin\Desktop\code\git_code\shAutomation\Prowell\cpp_versrion\qt_modbus_multi\qt_modbus_multi\qt_window.cpp(1,1): warning C4828: The file contains a character starting at offset 0x6db that is illegal in the current source character set (codepage 65001).
C:\Users\admin\Desktop\code\git_code\shAutomation\Prowell\cpp_versrion\qt_modbus_multi\qt_modbus_multi\qt_window.cpp(1,1): warning C4828: The file contains a character starting at offset 0x6dc that is illegal in the current source character set (codepage 65001).
C:\Users\admin\Desktop\code\git_code\shAutomation\Prowell\cpp_versrion\qt_modbus_multi\qt_modbus_multi\qt_window.cpp(1,1): warning C4828: The file contains a character starting at offset 0x6dd that is illegal in the current source character set (codepage 65001).
C:\Users\admin\Desktop\code\git_code\shAutomation\Prowell\cpp_versrion\qt_modbus_multi\qt_modbus_multi\qt_window.cpp(1,1): warning C4828: The file contains a character starting at offset 0x7aa that is illegal in the current source character set (codepage 65001).
C:\Users\admin\Desktop\code\git_code\shAutomation\Prowell\cpp_versrion\qt_modbus_multi\qt_modbus_multi\qt_window.cpp(1,1): warning C4828: The file contains a character starting at offset 0x7ab that is illegal in the current source character set (codepage 65001).
C:\Users\admin\Desktop\code\git_code\shAutomation\Prowell\cpp_versrion\qt_modbus_multi\qt_modbus_multi\qt_window.cpp(1,1): warning C4828: The file contains a character starting at offset 0x7ad that is illegal in the current source character set (codepage 65001).
C:\Users\admin\Desktop\code\git_code\shAutomation\Prowell\cpp_versrion\qt_modbus_multi\qt_modbus_multi\qt_window.cpp(1,1): warning C4828: The file contains a character starting at offset 0x7ae that is illegal in the current source character set (codepage 65001).
C:\Users\admin\Desktop\code\git_code\shAutomation\Prowell\cpp_versrion\qt_modbus_multi\qt_modbus_multi\qt_window.cpp(1,1): warning C4828: The file contains a character starting at offset 0x7af that is illegal in the current source character set (codepage 65001).
C:\Users\admin\Desktop\code\git_code\shAutomation\Prowell\cpp_versrion\qt_modbus_multi\qt_modbus_multi\qt_window.cpp(1,1): warning C4828: The file contains a character starting at offset 0x7b0 that is illegal in the current source character set (codepage 65001).
C:\Users\admin\Desktop\code\git_code\shAutomation\Prowell\cpp_versrion\qt_modbus_multi\qt_modbus_multi\qt_window.cpp(1,1): warning C4828: The file contains a character starting at offset 0x7b2 that is illegal in the current source character set (codepage 65001).
C:\Users\admin\Desktop\code\git_code\shAutomation\Prowell\cpp_versrion\qt_modbus_multi\qt_modbus_multi\qt_window.cpp(1,1): warning C4828: The file contains a character starting at offset 0x7b6 that is illegal in the current source character set (codepage 65001).
C:\Users\admin\Desktop\code\git_code\shAutomation\Prowell\cpp_versrion\qt_modbus_multi\qt_modbus_multi\qt_window.cpp(1,1): warning C4828: The file contains a character starting at offset 0x7b7 that is illegal in the current source character set (codepage 65001).
C:\Users\admin\Desktop\code\git_code\shAutomation\Prowell\cpp_versrion\qt_modbus_multi\qt_modbus_multi\qt_window.cpp(1,1): warning C4828: The file contains a character starting at offset 0x7ba that is illegal in the current source character set (codepage 65001).
C:\Users\admin\Desktop\code\git_code\shAutomation\Prowell\cpp_versrion\qt_modbus_multi\qt_modbus_multi\qt_window.cpp(1,1): warning C4828: The file contains a character starting at offset 0x7bb that is illegal in the current source character set (codepage 65001).
C:\Users\admin\Desktop\code\git_code\shAutomation\Prowell\cpp_versrion\qt_modbus_multi\qt_modbus_multi\qt_window.cpp(1,1): warning C4828: The file contains a character starting at offset 0x7bc that is illegal in the current source character set (codepage 65001).
C:\Users\admin\Desktop\code\git_code\shAutomation\Prowell\cpp_versrion\qt_modbus_multi\qt_modbus_multi\qt_window.cpp(1,1): warning C4828: The file contains a character starting at offset 0xa5d that is illegal in the current source character set (codepage 65001).
C:\Users\admin\Desktop\code\git_code\shAutomation\Prowell\cpp_versrion\qt_modbus_multi\qt_modbus_multi\qt_window.cpp(1,1): warning C4828: The file contains a character starting at offset 0xa5e that is illegal in the current source character set (codepage 65001).
C:\Users\admin\Desktop\code\git_code\shAutomation\Prowell\cpp_versrion\qt_modbus_multi\qt_modbus_multi\qt_window.cpp(1,1): warning C4828: The file contains a character starting at offset 0xa60 that is illegal in the current source character set (codepage 65001).
C:\Users\admin\Desktop\code\git_code\shAutomation\Prowell\cpp_versrion\qt_modbus_multi\qt_modbus_multi\qt_window.cpp(1,1): warning C4828: The file contains a character starting at offset 0xa61 that is illegal in the current source character set (codepage 65001).
C:\Users\admin\Desktop\code\git_code\shAutomation\Prowell\cpp_versrion\qt_modbus_multi\qt_modbus_multi\qt_window.cpp(1,1): warning C4828: The file contains a character starting at offset 0xa62 that is illegal in the current source character set (codepage 65001).
C:\Users\admin\Desktop\code\git_code\shAutomation\Prowell\cpp_versrion\qt_modbus_multi\qt_modbus_multi\qt_window.cpp(1,1): warning C4828: The file contains a character starting at offset 0xa63 that is illegal in the current source character set (codepage 65001).
C:\Users\admin\Desktop\code\git_code\shAutomation\Prowell\cpp_versrion\qt_modbus_multi\qt_modbus_multi\qt_window.cpp(1,1): warning C4828: The file contains a character starting at offset 0xa67 that is illegal in the current source character set (codepage 65001).
C:\Users\admin\Desktop\code\git_code\shAutomation\Prowell\cpp_versrion\qt_modbus_multi\qt_modbus_multi\qt_window.cpp(1,1): warning C4828: The file contains a character starting at offset 0xa69 that is illegal in the current source character set (codepage 65001).
C:\Users\admin\Desktop\code\git_code\shAutomation\Prowell\cpp_versrion\qt_modbus_multi\qt_modbus_multi\qt_window.cpp(1,1): warning C4828: The file contains a character starting at offset 0xa6a that is illegal in the current source character set (codepage 65001).
C:\Users\admin\Desktop\code\git_code\shAutomation\Prowell\cpp_versrion\qt_modbus_multi\qt_modbus_multi\qt_window.cpp(1,1): warning C4828: The file contains a character starting at offset 0xa6b that is illegal in the current source character set (codepage 65001).
C:\Users\admin\Desktop\code\git_code\shAutomation\Prowell\cpp_versrion\qt_modbus_multi\qt_modbus_multi\qt_window.cpp(1,1): warning C4828: The file contains a character starting at offset 0xa6e that is illegal in the current source character set (codepage 65001).
C:\Users\admin\Desktop\code\git_code\shAutomation\Prowell\cpp_versrion\qt_modbus_multi\qt_modbus_multi\qt_window.cpp(1,1): warning C4828: The file contains a character starting at offset 0xa70 that is illegal in the current source character set (codepage 65001).
C:\Users\admin\Desktop\code\git_code\shAutomation\Prowell\cpp_versrion\qt_modbus_multi\qt_modbus_multi\qt_window.cpp(1,1): warning C4828: The file contains a character starting at offset 0xa72 that is illegal in the current source character set (codepage 65001).
C:\Users\admin\Desktop\code\git_code\shAutomation\Prowell\cpp_versrion\qt_modbus_multi\qt_modbus_multi\qt_window.cpp(1,1): warning C4828: The file contains a character starting at offset 0xa73 that is illegal in the current source character set (codepage 65001).
C:\Users\admin\Desktop\code\git_code\shAutomation\Prowell\cpp_versrion\qt_modbus_multi\qt_modbus_multi\qt_window.cpp(1,1): warning C4828: The file contains a character starting at offset 0xab3 that is illegal in the current source character set (codepage 65001).
C:\Users\admin\Desktop\code\git_code\shAutomation\Prowell\cpp_versrion\qt_modbus_multi\qt_modbus_multi\qt_window.cpp(1,1): warning C4828: The file contains a character starting at offset 0xab4 that is illegal in the current source character set (codepage 65001).
C:\Users\admin\Desktop\code\git_code\shAutomation\Prowell\cpp_versrion\qt_modbus_multi\qt_modbus_multi\qt_window.cpp(1,1): warning C4828: The file contains a character starting at offset 0xab6 that is illegal in the current source character set (codepage 65001).
C:\Users\admin\Desktop\code\git_code\shAutomation\Prowell\cpp_versrion\qt_modbus_multi\qt_modbus_multi\qt_window.cpp(1,1): warning C4828: The file contains a character starting at offset 0xab9 that is illegal in the current source character set (codepage 65001).
C:\Users\admin\Desktop\code\git_code\shAutomation\Prowell\cpp_versrion\qt_modbus_multi\qt_modbus_multi\qt_window.cpp(1,1): warning C4828: The file contains a character starting at offset 0xaba that is illegal in the current source character set (codepage 65001).
C:\Users\admin\Desktop\code\git_code\shAutomation\Prowell\cpp_versrion\qt_modbus_multi\qt_modbus_multi\qt_window.cpp(1,1): warning C4828: The file contains a character starting at offset 0xabd that is illegal in the current source character set (codepage 65001).
C:\Users\admin\Desktop\code\git_code\shAutomation\Prowell\cpp_versrion\qt_modbus_multi\qt_modbus_multi\qt_window.cpp(1,1): warning C4828: The file contains a character starting at offset 0xabe that is illegal in the current source character set (codepage 65001).
C:\Users\admin\Desktop\code\git_code\shAutomation\Prowell\cpp_versrion\qt_modbus_multi\qt_modbus_multi\qt_window.cpp(1,1): warning C4828: The file contains a character starting at offset 0xabf that is illegal in the current source character set (codepage 65001).
C:\Users\admin\Desktop\code\git_code\shAutomation\Prowell\cpp_versrion\qt_modbus_multi\qt_modbus_multi\qt_window.cpp(1,1): warning C4828: The file contains a character starting at offset 0xac0 that is illegal in the current source character set (codepage 65001).
C:\Users\admin\Desktop\code\git_code\shAutomation\Prowell\cpp_versrion\qt_modbus_multi\qt_modbus_multi\qt_window.cpp(1,1): warning C4828: The file contains a character starting at offset 0xac1 that is illegal in the current source character set (codepage 65001).
C:\Users\admin\Desktop\code\git_code\shAutomation\Prowell\cpp_versrion\qt_modbus_multi\qt_modbus_multi\qt_window.cpp(1,1): warning C4828: The file contains a character starting at offset 0xac5 that is illegal in the current source character set (codepage 65001).
C:\Users\admin\Desktop\code\git_code\shAutomation\Prowell\cpp_versrion\qt_modbus_multi\qt_modbus_multi\qt_window.cpp(1,1): warning C4828: The file contains a character starting at offset 0xac6 that is illegal in the current source character set (codepage 65001).
C:\Users\admin\Desktop\code\git_code\shAutomation\Prowell\cpp_versrion\qt_modbus_multi\qt_modbus_multi\qt_window.cpp(1,1): warning C4828: The file contains a character starting at offset 0xac7 that is illegal in the current source character set (codepage 65001).
C:\Users\admin\Desktop\code\git_code\shAutomation\Prowell\cpp_versrion\qt_modbus_multi\qt_modbus_multi\qt_window.cpp(1,1): warning C4828: The file contains a character starting at offset 0xac8 that is illegal in the current source character set (codepage 65001).
C:\Users\admin\Desktop\code\git_code\shAutomation\Prowell\cpp_versrion\qt_modbus_multi\qt_modbus_multi\qt_window.cpp(1,1): warning C4828: The file contains a character starting at offset 0xaca that is illegal in the current source character set (codepage 65001).
C:\Users\admin\Desktop\code\git_code\shAutomation\Prowell\cpp_versrion\qt_modbus_multi\qt_modbus_multi\qt_window.cpp(1,1): warning C4828: The file contains a character starting at offset 0xacb that is illegal in the current source character set (codepage 65001).
C:\Users\admin\Desktop\code\git_code\shAutomation\Prowell\cpp_versrion\qt_modbus_multi\qt_modbus_multi\qt_window.cpp(1,1): warning C4828: The file contains a character starting at offset 0xacc that is illegal in the current source character set (codepage 65001).
C:\Users\admin\Desktop\code\git_code\shAutomation\Prowell\cpp_versrion\qt_modbus_multi\qt_modbus_multi\qt_window.cpp(1,1): warning C4828: The file contains a character starting at offset 0xacd that is illegal in the current source character set (codepage 65001).
C:\Users\admin\Desktop\code\git_code\shAutomation\Prowell\cpp_versrion\qt_modbus_multi\qt_modbus_multi\qt_window.cpp(1,1): warning C4828: The file contains a character starting at offset 0xace that is illegal in the current source character set (codepage 65001).
C:\Users\admin\Desktop\code\git_code\shAutomation\Prowell\cpp_versrion\qt_modbus_multi\qt_modbus_multi\qt_window.cpp(1,1): warning C4828: The file contains a character starting at offset 0xacf that is illegal in the current source character set (codepage 65001).
C:\Users\admin\Desktop\code\git_code\shAutomation\Prowell\cpp_versrion\qt_modbus_multi\qt_modbus_multi\qt_window.cpp(1,1): warning C4828: The file contains a character starting at offset 0x113d that is illegal in the current source character set (codepage 65001).
C:\Users\admin\Desktop\code\git_code\shAutomation\Prowell\cpp_versrion\qt_modbus_multi\qt_modbus_multi\qt_window.cpp(1,1): warning C4828: The file contains a character starting at offset 0x113f that is illegal in the current source character set (codepage 65001).
C:\Users\admin\Desktop\code\git_code\shAutomation\Prowell\cpp_versrion\qt_modbus_multi\qt_modbus_multi\qt_window.cpp(1,1): warning C4828: The file contains a character starting at offset 0x1140 that is illegal in the current source character set (codepage 65001).
C:\Users\admin\Desktop\code\git_code\shAutomation\Prowell\cpp_versrion\qt_modbus_multi\qt_modbus_multi\qt_window.cpp(1,1): warning C4828: The file contains a character starting at offset 0x1141 that is illegal in the current source character set (codepage 65001).
C:\Users\admin\Desktop\code\git_code\shAutomation\Prowell\cpp_versrion\qt_modbus_multi\qt_modbus_multi\qt_window.cpp(1,1): warning C4828: The file contains a character starting at offset 0x1142 that is illegal in the current source character set (codepage 65001).
C:\Users\admin\Desktop\code\git_code\shAutomation\Prowell\cpp_versrion\qt_modbus_multi\qt_modbus_multi\qt_window.cpp(1,1): warning C4828: The file contains a character starting at offset 0x1144 that is illegal in the current source character set (codepage 65001).
C:\Users\admin\Desktop\code\git_code\shAutomation\Prowell\cpp_versrion\qt_modbus_multi\qt_modbus_multi\qt_window.cpp(1,1): warning C4828: The file contains a character starting at offset 0x1145 that is illegal in the current source character set (codepage 65001).
C:\Users\admin\Desktop\code\git_code\shAutomation\Prowell\cpp_versrion\qt_modbus_multi\qt_modbus_multi\qt_window.cpp(1,1): warning C4828: The file contains a character starting at offset 0x1146 that is illegal in the current source character set (codepage 65001).
C:\Users\admin\Desktop\code\git_code\shAutomation\Prowell\cpp_versrion\qt_modbus_multi\qt_modbus_multi\qt_window.cpp(1,1): warning C4828: The file contains a character starting at offset 0x1147 that is illegal in the current source character set (codepage 65001).
C:\Users\admin\Desktop\code\git_code\shAutomation\Prowell\cpp_versrion\qt_modbus_multi\qt_modbus_multi\qt_window.cpp(1,1): warning C4828: The file contains a character starting at offset 0x1149 that is illegal in the current source character set (codepage 65001).
C:\Users\admin\Desktop\code\git_code\shAutomation\Prowell\cpp_versrion\qt_modbus_multi\qt_modbus_multi\qt_window.cpp(1,1): warning C4828: The file contains a character starting at offset 0x114b that is illegal in the current source character set (codepage 65001).
C:\Users\admin\Desktop\code\git_code\shAutomation\Prowell\cpp_versrion\qt_modbus_multi\qt_modbus_multi\qt_window.cpp(1,1): warning C4828: The file contains a character starting at offset 0x114e that is illegal in the current source character set (codepage 65001).
C:\Users\admin\Desktop\code\git_code\shAutomation\Prowell\cpp_versrion\qt_modbus_multi\qt_modbus_multi\qt_window.cpp(1,1): warning C4828: The file contains a character starting at offset 0x17da that is illegal in the current source character set (codepage 65001).
C:\Users\admin\Desktop\code\git_code\shAutomation\Prowell\cpp_versrion\qt_modbus_multi\qt_modbus_multi\qt_window.cpp(1,1): warning C4828: The file contains a character starting at offset 0x17db that is illegal in the current source character set (codepage 65001).
C:\Users\admin\Desktop\code\git_code\shAutomation\Prowell\cpp_versrion\qt_modbus_multi\qt_modbus_multi\qt_window.cpp(1,1): warning C4828: The file contains a character starting at offset 0x17dd that is illegal in the current source character set (codepage 65001).
C:\Users\admin\Desktop\code\git_code\shAutomation\Prowell\cpp_versrion\qt_modbus_multi\qt_modbus_multi\qt_window.cpp(1,1): warning C4828: The file contains a character starting at offset 0x17de that is illegal in the current source character set (codepage 65001).
C:\Users\admin\Desktop\code\git_code\shAutomation\Prowell\cpp_versrion\qt_modbus_multi\qt_modbus_multi\qt_window.cpp(1,1): warning C4828: The file contains a character starting at offset 0x17df that is illegal in the current source character set (codepage 65001).
C:\Users\admin\Desktop\code\git_code\shAutomation\Prowell\cpp_versrion\qt_modbus_multi\qt_modbus_multi\qt_window.cpp(1,1): warning C4828: The file contains a character starting at offset 0x17e0 that is illegal in the current source character set (codepage 65001).
C:\Users\admin\Desktop\code\git_code\shAutomation\Prowell\cpp_versrion\qt_modbus_multi\qt_modbus_multi\qt_window.cpp(1,1): warning C4828: The file contains a character starting at offset 0x17e2 that is illegal in the current source character set (codepage 65001).
C:\Users\admin\Desktop\code\git_code\shAutomation\Prowell\cpp_versrion\qt_modbus_multi\qt_modbus_multi\qt_window.cpp(1,1): warning C4828: The file contains a character starting at offset 0x17e3 that is illegal in the current source character set (codepage 65001).
C:\Users\admin\Desktop\code\git_code\shAutomation\Prowell\cpp_versrion\qt_modbus_multi\qt_modbus_multi\qt_window.cpp(1,1): warning C4828: The file contains a character starting at offset 0x17e4 that is illegal in the current source character set (codepage 65001).
C:\Users\admin\Desktop\code\git_code\shAutomation\Prowell\cpp_versrion\qt_modbus_multi\qt_modbus_multi\qt_window.cpp(1,1): warning C4828: The file contains a character starting at offset 0x17e7 that is illegal in the current source character set (codepage 65001).
C:\Users\admin\Desktop\code\git_code\shAutomation\Prowell\cpp_versrion\qt_modbus_multi\qt_modbus_multi\qt_window.cpp(1,1): warning C4828: The file contains a character starting at offset 0x17eb that is illegal in the current source character set (codepage 65001).
C:\Users\admin\Desktop\code\git_code\shAutomation\Prowell\cpp_versrion\qt_modbus_multi\qt_modbus_multi\qt_window.cpp(1,1): warning C4828: The file contains a character starting at offset 0x17ec that is illegal in the current source character set (codepage 65001).
C:\Users\admin\Desktop\code\git_code\shAutomation\Prowell\cpp_versrion\qt_modbus_multi\qt_modbus_multi\qt_window.h(1,1): warning C4828: The file contains a character starting at offset 0x129 that is illegal in the current source character set (codepage 65001).
  (compiling source file 'qt_window.cpp')
  
C:\Users\admin\Desktop\code\git_code\shAutomation\Prowell\cpp_versrion\qt_modbus_multi\qt_modbus_multi\qt_window.h(1,1): warning C4828: The file contains a character starting at offset 0x12a that is illegal in the current source character set (codepage 65001).
  (compiling source file 'qt_window.cpp')
  
C:\Users\admin\Desktop\code\git_code\shAutomation\Prowell\cpp_versrion\qt_modbus_multi\qt_modbus_multi\qt_window.h(1,1): warning C4828: The file contains a character starting at offset 0x12b that is illegal in the current source character set (codepage 65001).
  (compiling source file 'qt_window.cpp')
  
C:\Users\admin\Desktop\code\git_code\shAutomation\Prowell\cpp_versrion\qt_modbus_multi\qt_modbus_multi\qt_window.h(1,1): warning C4828: The file contains a character starting at offset 0x12c that is illegal in the current source character set (codepage 65001).
  (compiling source file 'qt_window.cpp')
  
C:\Users\admin\Desktop\code\git_code\shAutomation\Prowell\cpp_versrion\qt_modbus_multi\qt_modbus_multi\qt_window.h(1,1): warning C4828: The file contains a character starting at offset 0x12e that is illegal in the current source character set (codepage 65001).
  (compiling source file 'qt_window.cpp')
  
C:\Users\admin\Desktop\code\git_code\shAutomation\Prowell\cpp_versrion\qt_modbus_multi\qt_modbus_multi\qt_window.h(1,1): warning C4828: The file contains a character starting at offset 0x12f that is illegal in the current source character set (codepage 65001).
  (compiling source file 'qt_window.cpp')
  
C:\Users\admin\Desktop\code\git_code\shAutomation\Prowell\cpp_versrion\qt_modbus_multi\qt_modbus_multi\qt_window.h(1,1): warning C4828: The file contains a character starting at offset 0x130 that is illegal in the current source character set (codepage 65001).
  (compiling source file 'qt_window.cpp')
  
C:\Users\admin\Desktop\code\git_code\shAutomation\Prowell\cpp_versrion\qt_modbus_multi\qt_modbus_multi\qt_window.h(1,1): warning C4828: The file contains a character starting at offset 0x131 that is illegal in the current source character set (codepage 65001).
  (compiling source file 'qt_window.cpp')
  
C:\Users\admin\Desktop\code\git_code\shAutomation\Prowell\cpp_versrion\qt_modbus_multi\qt_modbus_multi\qt_window.h(1,1): warning C4828: The file contains a character starting at offset 0x133 that is illegal in the current source character set (codepage 65001).
  (compiling source file 'qt_window.cpp')
  
C:\Users\admin\Desktop\code\git_code\shAutomation\Prowell\cpp_versrion\qt_modbus_multi\qt_modbus_multi\qt_window.h(1,1): warning C4828: The file contains a character starting at offset 0x135 that is illegal in the current source character set (codepage 65001).
  (compiling source file 'qt_window.cpp')
  
C:\Users\admin\Desktop\code\git_code\shAutomation\Prowell\cpp_versrion\qt_modbus_multi\qt_modbus_multi\qt_window.h(1,1): warning C4828: The file contains a character starting at offset 0x136 that is illegal in the current source character set (codepage 65001).
  (compiling source file 'qt_window.cpp')
  
C:\Users\admin\Desktop\code\git_code\shAutomation\Prowell\cpp_versrion\qt_modbus_multi\qt_modbus_multi\qt_window.h(1,1): warning C4828: The file contains a character starting at offset 0x137 that is illegal in the current source character set (codepage 65001).
  (compiling source file 'qt_window.cpp')
  
C:\Users\admin\Desktop\code\git_code\shAutomation\Prowell\cpp_versrion\qt_modbus_multi\qt_modbus_multi\qt_window.h(1,1): warning C4828: The file contains a character starting at offset 0x138 that is illegal in the current source character set (codepage 65001).
  (compiling source file 'qt_window.cpp')
  
C:\Users\admin\Desktop\code\git_code\shAutomation\Prowell\cpp_versrion\qt_modbus_multi\qt_modbus_multi\qt_window.h(1,1): warning C4828: The file contains a character starting at offset 0x13c that is illegal in the current source character set (codepage 65001).
  (compiling source file 'qt_window.cpp')
  
C:\Users\admin\Desktop\code\git_code\shAutomation\Prowell\cpp_versrion\qt_modbus_multi\qt_modbus_multi\qt_window.h(1,1): warning C4828: The file contains a character starting at offset 0x13d that is illegal in the current source character set (codepage 65001).
  (compiling source file 'qt_window.cpp')
  
C:\Users\admin\Desktop\code\git_code\shAutomation\Prowell\cpp_versrion\qt_modbus_multi\qt_modbus_multi\qt_window.h(1,1): warning C4828: The file contains a character starting at offset 0x369 that is illegal in the current source character set (codepage 65001).
  (compiling source file 'qt_window.cpp')
  
C:\Users\admin\Desktop\code\git_code\shAutomation\Prowell\cpp_versrion\qt_modbus_multi\qt_modbus_multi\qt_window.h(1,1): warning C4828: The file contains a character starting at offset 0x36a that is illegal in the current source character set (codepage 65001).
  (compiling source file 'qt_window.cpp')
  
C:\Users\admin\Desktop\code\git_code\shAutomation\Prowell\cpp_versrion\qt_modbus_multi\qt_modbus_multi\qt_window.h(1,1): warning C4828: The file contains a character starting at offset 0x36c that is illegal in the current source character set (codepage 65001).
  (compiling source file 'qt_window.cpp')
  
C:\Users\admin\Desktop\code\git_code\shAutomation\Prowell\cpp_versrion\qt_modbus_multi\qt_modbus_multi\qt_window.h(1,1): warning C4828: The file contains a character starting at offset 0x36d that is illegal in the current source character set (codepage 65001).
  (compiling source file 'qt_window.cpp')
  
C:\Users\admin\Desktop\code\git_code\shAutomation\Prowell\cpp_versrion\qt_modbus_multi\qt_modbus_multi\qt_window.h(1,1): warning C4828: The file contains a character starting at offset 0x36e that is illegal in the current source character set (codepage 65001).
  (compiling source file 'qt_window.cpp')
  
C:\Users\admin\Desktop\code\git_code\shAutomation\Prowell\cpp_versrion\qt_modbus_multi\qt_modbus_multi\qt_window.h(1,1): warning C4828: The file contains a character starting at offset 0x36f that is illegal in the current source character set (codepage 65001).
  (compiling source file 'qt_window.cpp')
  
C:\Users\admin\Desktop\code\git_code\shAutomation\Prowell\cpp_versrion\qt_modbus_multi\qt_modbus_multi\qt_window.h(1,1): warning C4828: The file contains a character starting at offset 0x371 that is illegal in the current source character set (codepage 65001).
  (compiling source file 'qt_window.cpp')
  
C:\Users\admin\Desktop\code\git_code\shAutomation\Prowell\cpp_versrion\qt_modbus_multi\qt_modbus_multi\qt_window.h(1,1): warning C4828: The file contains a character starting at offset 0x372 that is illegal in the current source character set (codepage 65001).
  (compiling source file 'qt_window.cpp')
  
C:\Users\admin\Desktop\code\git_code\shAutomation\Prowell\cpp_versrion\qt_modbus_multi\qt_modbus_multi\qt_window.h(1,1): warning C4828: The file contains a character starting at offset 0x373 that is illegal in the current source character set (codepage 65001).
  (compiling source file 'qt_window.cpp')
  
C:\Users\admin\Desktop\code\git_code\shAutomation\Prowell\cpp_versrion\qt_modbus_multi\qt_modbus_multi\qt_window.h(1,1): warning C4828: The file contains a character starting at offset 0x374 that is illegal in the current source character set (codepage 65001).
  (compiling source file 'qt_window.cpp')
  
C:\Users\admin\Desktop\code\git_code\shAutomation\Prowell\cpp_versrion\qt_modbus_multi\qt_modbus_multi\qt_window.h(1,1): warning C4828: The file contains a character starting at offset 0x377 that is illegal in the current source character set (codepage 65001).
  (compiling source file 'qt_window.cpp')
  
C:\Users\admin\Desktop\code\git_code\shAutomation\Prowell\cpp_versrion\qt_modbus_multi\qt_modbus_multi\qt_window.h(1,1): warning C4828: The file contains a character starting at offset 0x378 that is illegal in the current source character set (codepage 65001).
  (compiling source file 'qt_window.cpp')
  
C:\Users\admin\Desktop\code\git_code\shAutomation\Prowell\cpp_versrion\qt_modbus_multi\qt_modbus_multi\qt_window.h(1,1): warning C4828: The file contains a character starting at offset 0x37d that is illegal in the current source character set (codepage 65001).
  (compiling source file 'qt_window.cpp')
  
C:\Users\admin\Desktop\code\git_code\shAutomation\Prowell\cpp_versrion\qt_modbus_multi\qt_modbus_multi\qt_window.h(1,1): warning C4828: The file contains a character starting at offset 0x37e that is illegal in the current source character set (codepage 65001).
  (compiling source file 'qt_window.cpp')
  
C:\Users\admin\Desktop\code\git_code\shAutomation\Prowell\cpp_versrion\qt_modbus_multi\qt_modbus_multi\qt_window.h(1,1): warning C4828: The file contains a character starting at offset 0x37f that is illegal in the current source character set (codepage 65001).
  (compiling source file 'qt_window.cpp')
  
  qrc_qt_modbus_multi.cpp
  moc_qt_modbus_multi.cpp
  moc_qt_window.cpp
C:\Users\admin\Desktop\code\git_code\shAutomation\Prowell\cpp_versrion\qt_modbus_multi\qt_modbus_multi\qt_window.h(1,1): warning C4828: The file contains a character starting at offset 0x129 that is illegal in the current source character set (codepage 65001).
  (compiling source file 'qt_modbus_multi/x64/Release/qt/moc/moc_qt_window.cpp')
  
C:\Users\admin\Desktop\code\git_code\shAutomation\Prowell\cpp_versrion\qt_modbus_multi\qt_modbus_multi\qt_window.h(1,1): warning C4828: The file contains a character starting at offset 0x12a that is illegal in the current source character set (codepage 65001).
  (compiling source file 'qt_modbus_multi/x64/Release/qt/moc/moc_qt_window.cpp')
  
C:\Users\admin\Desktop\code\git_code\shAutomation\Prowell\cpp_versrion\qt_modbus_multi\qt_modbus_multi\qt_window.h(1,1): warning C4828: The file contains a character starting at offset 0x12b that is illegal in the current source character set (codepage 65001).
  (compiling source file 'qt_modbus_multi/x64/Release/qt/moc/moc_qt_window.cpp')
  
C:\Users\admin\Desktop\code\git_code\shAutomation\Prowell\cpp_versrion\qt_modbus_multi\qt_modbus_multi\qt_window.h(1,1): warning C4828: The file contains a character starting at offset 0x12c that is illegal in the current source character set (codepage 65001).
  (compiling source file 'qt_modbus_multi/x64/Release/qt/moc/moc_qt_window.cpp')
  
C:\Users\admin\Desktop\code\git_code\shAutomation\Prowell\cpp_versrion\qt_modbus_multi\qt_modbus_multi\qt_window.h(1,1): warning C4828: The file contains a character starting at offset 0x12e that is illegal in the current source character set (codepage 65001).
  (compiling source file 'qt_modbus_multi/x64/Release/qt/moc/moc_qt_window.cpp')
  
C:\Users\admin\Desktop\code\git_code\shAutomation\Prowell\cpp_versrion\qt_modbus_multi\qt_modbus_multi\qt_window.h(1,1): warning C4828: The file contains a character starting at offset 0x12f that is illegal in the current source character set (codepage 65001).
  (compiling source file 'qt_modbus_multi/x64/Release/qt/moc/moc_qt_window.cpp')
  
C:\Users\admin\Desktop\code\git_code\shAutomation\Prowell\cpp_versrion\qt_modbus_multi\qt_modbus_multi\qt_window.h(1,1): warning C4828: The file contains a character starting at offset 0x130 that is illegal in the current source character set (codepage 65001).
  (compiling source file 'qt_modbus_multi/x64/Release/qt/moc/moc_qt_window.cpp')
  
C:\Users\admin\Desktop\code\git_code\shAutomation\Prowell\cpp_versrion\qt_modbus_multi\qt_modbus_multi\qt_window.h(1,1): warning C4828: The file contains a character starting at offset 0x131 that is illegal in the current source character set (codepage 65001).
  (compiling source file 'qt_modbus_multi/x64/Release/qt/moc/moc_qt_window.cpp')
  
C:\Users\admin\Desktop\code\git_code\shAutomation\Prowell\cpp_versrion\qt_modbus_multi\qt_modbus_multi\qt_window.h(1,1): warning C4828: The file contains a character starting at offset 0x133 that is illegal in the current source character set (codepage 65001).
  (compiling source file 'qt_modbus_multi/x64/Release/qt/moc/moc_qt_window.cpp')
  
C:\Users\admin\Desktop\code\git_code\shAutomation\Prowell\cpp_versrion\qt_modbus_multi\qt_modbus_multi\qt_window.h(1,1): warning C4828: The file contains a character starting at offset 0x135 that is illegal in the current source character set (codepage 65001).
  (compiling source file 'qt_modbus_multi/x64/Release/qt/moc/moc_qt_window.cpp')
  
C:\Users\admin\Desktop\code\git_code\shAutomation\Prowell\cpp_versrion\qt_modbus_multi\qt_modbus_multi\qt_window.h(1,1): warning C4828: The file contains a character starting at offset 0x136 that is illegal in the current source character set (codepage 65001).
  (compiling source file 'qt_modbus_multi/x64/Release/qt/moc/moc_qt_window.cpp')
  
C:\Users\admin\Desktop\code\git_code\shAutomation\Prowell\cpp_versrion\qt_modbus_multi\qt_modbus_multi\qt_window.h(1,1): warning C4828: The file contains a character starting at offset 0x137 that is illegal in the current source character set (codepage 65001).
  (compiling source file 'qt_modbus_multi/x64/Release/qt/moc/moc_qt_window.cpp')
  
C:\Users\admin\Desktop\code\git_code\shAutomation\Prowell\cpp_versrion\qt_modbus_multi\qt_modbus_multi\qt_window.h(1,1): warning C4828: The file contains a character starting at offset 0x138 that is illegal in the current source character set (codepage 65001).
  (compiling source file 'qt_modbus_multi/x64/Release/qt/moc/moc_qt_window.cpp')
  
C:\Users\admin\Desktop\code\git_code\shAutomation\Prowell\cpp_versrion\qt_modbus_multi\qt_modbus_multi\qt_window.h(1,1): warning C4828: The file contains a character starting at offset 0x13c that is illegal in the current source character set (codepage 65001).
  (compiling source file 'qt_modbus_multi/x64/Release/qt/moc/moc_qt_window.cpp')
  
C:\Users\admin\Desktop\code\git_code\shAutomation\Prowell\cpp_versrion\qt_modbus_multi\qt_modbus_multi\qt_window.h(1,1): warning C4828: The file contains a character starting at offset 0x13d that is illegal in the current source character set (codepage 65001).
  (compiling source file 'qt_modbus_multi/x64/Release/qt/moc/moc_qt_window.cpp')
  
C:\Users\admin\Desktop\code\git_code\shAutomation\Prowell\cpp_versrion\qt_modbus_multi\qt_modbus_multi\qt_window.h(1,1): warning C4828: The file contains a character starting at offset 0x369 that is illegal in the current source character set (codepage 65001).
  (compiling source file 'qt_modbus_multi/x64/Release/qt/moc/moc_qt_window.cpp')
  
C:\Users\admin\Desktop\code\git_code\shAutomation\Prowell\cpp_versrion\qt_modbus_multi\qt_modbus_multi\qt_window.h(1,1): warning C4828: The file contains a character starting at offset 0x36a that is illegal in the current source character set (codepage 65001).
  (compiling source file 'qt_modbus_multi/x64/Release/qt/moc/moc_qt_window.cpp')
  
C:\Users\admin\Desktop\code\git_code\shAutomation\Prowell\cpp_versrion\qt_modbus_multi\qt_modbus_multi\qt_window.h(1,1): warning C4828: The file contains a character starting at offset 0x36c that is illegal in the current source character set (codepage 65001).
  (compiling source file 'qt_modbus_multi/x64/Release/qt/moc/moc_qt_window.cpp')
  
C:\Users\admin\Desktop\code\git_code\shAutomation\Prowell\cpp_versrion\qt_modbus_multi\qt_modbus_multi\qt_window.h(1,1): warning C4828: The file contains a character starting at offset 0x36d that is illegal in the current source character set (codepage 65001).
  (compiling source file 'qt_modbus_multi/x64/Release/qt/moc/moc_qt_window.cpp')
  
C:\Users\admin\Desktop\code\git_code\shAutomation\Prowell\cpp_versrion\qt_modbus_multi\qt_modbus_multi\qt_window.h(1,1): warning C4828: The file contains a character starting at offset 0x36e that is illegal in the current source character set (codepage 65001).
  (compiling source file 'qt_modbus_multi/x64/Release/qt/moc/moc_qt_window.cpp')
  
C:\Users\admin\Desktop\code\git_code\shAutomation\Prowell\cpp_versrion\qt_modbus_multi\qt_modbus_multi\qt_window.h(1,1): warning C4828: The file contains a character starting at offset 0x36f that is illegal in the current source character set (codepage 65001).
  (compiling source file 'qt_modbus_multi/x64/Release/qt/moc/moc_qt_window.cpp')
  
C:\Users\admin\Desktop\code\git_code\shAutomation\Prowell\cpp_versrion\qt_modbus_multi\qt_modbus_multi\qt_window.h(1,1): warning C4828: The file contains a character starting at offset 0x371 that is illegal in the current source character set (codepage 65001).
  (compiling source file 'qt_modbus_multi/x64/Release/qt/moc/moc_qt_window.cpp')
  
C:\Users\admin\Desktop\code\git_code\shAutomation\Prowell\cpp_versrion\qt_modbus_multi\qt_modbus_multi\qt_window.h(1,1): warning C4828: The file contains a character starting at offset 0x372 that is illegal in the current source character set (codepage 65001).
  (compiling source file 'qt_modbus_multi/x64/Release/qt/moc/moc_qt_window.cpp')
  
C:\Users\admin\Desktop\code\git_code\shAutomation\Prowell\cpp_versrion\qt_modbus_multi\qt_modbus_multi\qt_window.h(1,1): warning C4828: The file contains a character starting at offset 0x373 that is illegal in the current source character set (codepage 65001).
  (compiling source file 'qt_modbus_multi/x64/Release/qt/moc/moc_qt_window.cpp')
  
C:\Users\admin\Desktop\code\git_code\shAutomation\Prowell\cpp_versrion\qt_modbus_multi\qt_modbus_multi\qt_window.h(1,1): warning C4828: The file contains a character starting at offset 0x374 that is illegal in the current source character set (codepage 65001).
  (compiling source file 'qt_modbus_multi/x64/Release/qt/moc/moc_qt_window.cpp')
  
C:\Users\admin\Desktop\code\git_code\shAutomation\Prowell\cpp_versrion\qt_modbus_multi\qt_modbus_multi\qt_window.h(1,1): warning C4828: The file contains a character starting at offset 0x377 that is illegal in the current source character set (codepage 65001).
  (compiling source file 'qt_modbus_multi/x64/Release/qt/moc/moc_qt_window.cpp')
  
C:\Users\admin\Desktop\code\git_code\shAutomation\Prowell\cpp_versrion\qt_modbus_multi\qt_modbus_multi\qt_window.h(1,1): warning C4828: The file contains a character starting at offset 0x378 that is illegal in the current source character set (codepage 65001).
  (compiling source file 'qt_modbus_multi/x64/Release/qt/moc/moc_qt_window.cpp')
  
C:\Users\admin\Desktop\code\git_code\shAutomation\Prowell\cpp_versrion\qt_modbus_multi\qt_modbus_multi\qt_window.h(1,1): warning C4828: The file contains a character starting at offset 0x37d that is illegal in the current source character set (codepage 65001).
  (compiling source file 'qt_modbus_multi/x64/Release/qt/moc/moc_qt_window.cpp')
  
C:\Users\admin\Desktop\code\git_code\shAutomation\Prowell\cpp_versrion\qt_modbus_multi\qt_modbus_multi\qt_window.h(1,1): warning C4828: The file contains a character starting at offset 0x37e that is illegal in the current source character set (codepage 65001).
  (compiling source file 'qt_modbus_multi/x64/Release/qt/moc/moc_qt_window.cpp')
  
C:\Users\admin\Desktop\code\git_code\shAutomation\Prowell\cpp_versrion\qt_modbus_multi\qt_modbus_multi\qt_window.h(1,1): warning C4828: The file contains a character starting at offset 0x37f that is illegal in the current source character set (codepage 65001).
  (compiling source file 'qt_modbus_multi/x64/Release/qt/moc/moc_qt_window.cpp')
  
  Generating code
  Previous IPDB not found, fall back to full compilation.
  All 862 functions were compiled because no usable IPDB/IOBJ from previous compilation was found.
  Finished generating code
  qt_modbus_multi.vcxproj -> C:\Users\admin\Desktop\code\git_code\shAutomation\Prowell\cpp_versrion\qt_modbus_multi\qt_modbus_multi\x64\Release\qt_modbus_multi.exe
  'pwsh.exe'은(는) 내부 또는 외부 명령, 실행할 수 있는 프로그램, 또는
  배치 파일이 아닙니다.
